2017/01/07 18:10:22:599  Adding new data point.
2017/01/07 18:10:22:639  Adding data with power 0
2017/01/07 18:10:22:640  Updating dataset.
2017/01/07 18:10:23:597  Adding new data point.
2017/01/07 18:10:23:626  Adding data with power 150
2017/01/07 18:10:23:629  Updating dataset.
2017/01/07 18:10:26:548  Adding new activity to realm.
2017/01/07 18:10:26:559  Recieved activity primary key.
2017/01/07 18:10:26:559  Setting up new dataset.
2017/01/07 18:10:26:560  Erasing dataset
2017/01/07 18:10:26:561  Binding data signals to new activity.
2017/01/07 18:10:26:578  Updating activity name from edit page.
2017/01/07 18:10:32:719  Adding new data point.
2017/01/07 18:10:33:719  Adding new data point.
2017/01/07 18:10:34:659  Adding new data point.
2017/01/07 18:10:35:718  Adding new data point.
2017/01/07 18:10:36:997  Adding new activity to realm.
2017/01/07 18:10:37:005  Recieved activity primary key.
2017/01/07 18:10:37:006  Setting up new dataset.
2017/01/07 18:10:37:007  Erasing dataset
2017/01/07 18:10:37:008  Binding data signals to new activity.
2017/01/07 18:10:37:019  Adding new activity to realm.
2017/01/07 18:10:37:023  Recieved activity primary key.
2017/01/07 18:10:37:024  Setting up new dataset.
2017/01/07 18:10:37:024  Erasing dataset
2017/01/07 18:10:37:025  Binding data signals to new activity.
2017/01/07 18:10:37:042  Updating activity name from edit page.

