2017/01/07 18:12:35:354  Adding new data point.
2017/01/07 18:12:35:365  Adding data with power 0
2017/01/07 18:12:35:366  Updating dataset.
2017/01/07 18:12:36:382  Adding new data point.
2017/01/07 18:12:36:386  Adding data with power 150
2017/01/07 18:12:36:387  Updating dataset.
2017/01/07 18:12:38:732  Adding new activity to realm.
2017/01/07 18:12:38:740  Recieved activity primary key.
2017/01/07 18:12:38:740  Setting up new dataset.
2017/01/07 18:12:38:741  Erasing dataset
2017/01/07 18:12:38:742  Binding data signals to new activity.
2017/01/07 18:12:38:762  Updating activity name from edit page.
2017/01/07 18:12:41:429  Adding new data point.
2017/01/07 18:12:42:343  Adding new data point.
2017/01/07 18:12:43:431  Adding new data point.
2017/01/07 18:12:44:767  Adding new activity to realm.
2017/01/07 18:12:44:774  Recieved activity primary key.
2017/01/07 18:12:44:775  Setting up new dataset.
2017/01/07 18:12:44:777  Erasing dataset
2017/01/07 18:12:44:778  Binding data signals to new activity.
2017/01/07 18:12:44:799  Updating activity name from edit page.
2017/01/07 18:12:50:014  Adding new data point.
2017/01/07 18:12:51:048  Adding new data point.
2017/01/07 18:13:25:250  Adding new activity to realm.
2017/01/07 18:13:38:109  Recieved activity primary key.
2017/01/07 18:13:38:109  Setting up new dataset.
2017/01/07 18:13:38:110  Erasing dataset
2017/01/07 18:13:38:111  Binding data signals to new activity.
2017/01/07 18:13:49:363  Updating activity name from edit page.

