2017/01/07 19:30:50:536  Adding new data point.
2017/01/07 19:30:51:495  Adding new data point.
2017/01/07 19:30:51:637  Got data change notification for 2918D985-F284-4CF0-9301-6C39F7882BF3
2017/01/07 19:30:51:637  Adding data with power 0
2017/01/07 19:30:51:637  Adding data with power 0
2017/01/07 19:30:51:638  Updating dataset.
2017/01/07 19:30:52:545  Adding new data point.
2017/01/07 19:30:52:746  Got data change notification for 2918D985-F284-4CF0-9301-6C39F7882BF3
2017/01/07 19:30:52:746  Adding data with power 150
2017/01/07 19:30:52:751  Updating dataset.
2017/01/07 19:30:59:856  Adding new activity to realm.
2017/01/07 19:30:59:860  Recieved activity primary key.
2017/01/07 19:30:59:861  Setting up new dataset, subscribing to A7342AF5-764F-46BD-B403-475E52156168.
2017/01/07 19:30:59:861  Erasing dataset
2017/01/07 19:30:59:862  Binding data signals to new activity.
2017/01/07 19:30:59:864  Got data change notification for A7342AF5-764F-46BD-B403-475E52156168
2017/01/07 19:30:59:870  Updating activity name from edit page.
2017/01/07 19:31:11:470  Adding new data point.
2017/01/07 19:31:12:470  Adding new data point.
2017/01/07 19:31:13:471  Adding new data point.

