2017/01/08 12:24:55:981  Adding new data point.
2017/01/08 12:24:56:981  Adding new data point.
2017/01/08 12:24:58:032  Adding new data point.
2017/01/08 12:25:02:041  Adding new activity to realm.
2017/01/08 12:25:02:047  Recieved activity primary key.
2017/01/08 12:25:02:047  Setting up new dataset, subscribing to C672CE2A-710B-489B-B2CE-DF4B732D0D41.
2017/01/08 12:25:02:054  Erasing dataset
2017/01/08 12:25:02:069  Adding new data point.
2017/01/08 12:25:02:077  Got data change notification for C672CE2A-710B-489B-B2CE-DF4B732D0D41
2017/01/08 12:25:02:077  Adding data with power 150
2017/01/08 12:25:02:078  Updating activity name from edit page.
2017/01/08 12:25:02:079  Updating dataset data count 1.
2017/01/08 12:25:04:228  Adding new data point.
2017/01/08 12:25:04:233  Got data change notification for C672CE2A-710B-489B-B2CE-DF4B732D0D41
2017/01/08 12:25:04:234  Adding data with power 150
2017/01/08 12:25:04:236  Updating dataset data count 2.
2017/01/08 12:25:05:227  Adding new data point.
2017/01/08 12:25:05:239  Got data change notification for C672CE2A-710B-489B-B2CE-DF4B732D0D41
2017/01/08 12:25:05:239  Adding data with power 150
2017/01/08 12:25:05:241  Updating dataset data count 3.
2017/01/08 12:25:06:229  Adding new data point.
2017/01/08 12:25:06:264  Got data change notification for C672CE2A-710B-489B-B2CE-DF4B732D0D41
2017/01/08 12:25:06:264  Adding data with power 150
2017/01/08 12:25:06:266  Updating dataset data count 4.
2017/01/08 12:25:07:959  Adding new activity to realm.
2017/01/08 12:25:07:967  Recieved activity primary key.
2017/01/08 12:25:07:968  Setting up new dataset, subscribing to 14B9A71B-671B-4F12-BCA3-DC2EADF67E95.
2017/01/08 12:25:07:968  Erasing dataset
2017/01/08 12:25:07:983  Adding new data point.
2017/01/08 12:25:07:987  Updating activity name from edit page.

