2017/01/08 11:20:10:124  Adding new data point.
2017/01/08 11:20:11:145  Adding new data point.
2017/01/08 11:20:12:084  Adding new data point.
2017/01/08 11:20:13:067  Adding new data point.
2017/01/08 11:20:14:143  Adding new data point.
2017/01/08 11:20:16:912  Adding new activity to realm.
2017/01/08 11:20:16:921  Recieved activity primary key.
2017/01/08 11:20:16:922  Setting up new dataset, subscribing to CF467DD7-7648-4A4E-B13A-2ED8923D4A0C.
2017/01/08 11:20:16:930  Erasing dataset
2017/01/08 11:20:16:940  Adding new data point.
2017/01/08 11:20:16:946  Updating activity name from edit page.
2017/01/08 11:20:16:948  Got data change notification for CF467DD7-7648-4A4E-B13A-2ED8923D4A0C
2017/01/08 11:20:16:948  Adding data with power 150
2017/01/08 11:20:16:949  Updating dataset data count 1.
2017/01/08 11:20:19:293  Adding new data point.
2017/01/08 11:20:19:315  Got data change notification for CF467DD7-7648-4A4E-B13A-2ED8923D4A0C
2017/01/08 11:20:19:315  Adding data with power 150
2017/01/08 11:20:19:318  Updating dataset data count 2.
2017/01/08 11:20:20:291  Adding new data point.
2017/01/08 11:20:20:324  Got data change notification for CF467DD7-7648-4A4E-B13A-2ED8923D4A0C
2017/01/08 11:20:20:324  Adding data with power 150
2017/01/08 11:20:20:326  Updating dataset data count 3.
2017/01/08 11:20:21:290  Adding new data point.
2017/01/08 11:20:21:313  Got data change notification for CF467DD7-7648-4A4E-B13A-2ED8923D4A0C
2017/01/08 11:20:21:314  Adding data with power 150
2017/01/08 11:20:21:316  Updating dataset data count 4.
2017/01/08 11:20:22:286  Adding new data point.
2017/01/08 11:20:22:298  Got data change notification for CF467DD7-7648-4A4E-B13A-2ED8923D4A0C
2017/01/08 11:20:22:298  Adding data with power 150
2017/01/08 11:20:22:300  Updating dataset data count 5.
2017/01/08 11:20:23:296  Adding new data point.
2017/01/08 11:20:23:310  Got data change notification for CF467DD7-7648-4A4E-B13A-2ED8923D4A0C
2017/01/08 11:20:23:310  Adding data with power 150
2017/01/08 11:20:23:311  Updating dataset data count 6.
2017/01/08 11:20:24:285  Adding new data point.
2017/01/08 11:20:24:292  Got data change notification for CF467DD7-7648-4A4E-B13A-2ED8923D4A0C
2017/01/08 11:20:24:292  Adding data with power 150
2017/01/08 11:20:24:295  Updating dataset data count 7.
2017/01/08 11:20:25:286  Adding new data point.
2017/01/08 11:20:25:305  Got data change notification for CF467DD7-7648-4A4E-B13A-2ED8923D4A0C
2017/01/08 11:20:25:305  Adding data with power 150
2017/01/08 11:20:25:307  Updating dataset data count 8.
2017/01/08 11:20:26:292  Adding new data point.
2017/01/08 11:20:26:330  Got data change notification for CF467DD7-7648-4A4E-B13A-2ED8923D4A0C
2017/01/08 11:20:26:330  Adding data with power 150
2017/01/08 11:20:26:332  Updating dataset data count 9.
2017/01/08 11:20:27:293  Adding new data point.
2017/01/08 11:20:27:313  Got data change notification for CF467DD7-7648-4A4E-B13A-2ED8923D4A0C
2017/01/08 11:20:27:313  Adding data with power 150
2017/01/08 11:20:27:315  Updating dataset data count 10.
2017/01/08 11:20:28:291  Adding new data point.
2017/01/08 11:20:28:314  Got data change notification for CF467DD7-7648-4A4E-B13A-2ED8923D4A0C
2017/01/08 11:20:28:315  Adding data with power 150
2017/01/08 11:20:28:317  Updating dataset data count 11.
2017/01/08 11:20:29:292  Adding new data point.
2017/01/08 11:20:29:297  Got data change notification for CF467DD7-7648-4A4E-B13A-2ED8923D4A0C
2017/01/08 11:20:29:297  Adding data with power 150
2017/01/08 11:20:29:299  Updating dataset data count 12.
2017/01/08 11:20:30:291  Adding new data point.
2017/01/08 11:20:30:313  Got data change notification for CF467DD7-7648-4A4E-B13A-2ED8923D4A0C
2017/01/08 11:20:30:313  Adding data with power 150
2017/01/08 11:20:30:315  Updating dataset data count 13.

