2017/01/07 18:25:51:405  Adding new data point.
2017/01/07 18:25:51:409  Adding data with power 0
2017/01/07 18:25:51:409  Updating dataset.
2017/01/07 18:25:52:455  Adding new data point.
2017/01/07 18:25:52:456  Adding data with power 150
2017/01/07 18:25:52:457  Updating dataset.
2017/01/07 18:25:53:490  Adding new data point.
2017/01/07 18:25:53:518  Adding data with power 150
2017/01/07 18:25:53:520  Updating dataset.
2017/01/07 18:25:54:636  Adding new activity to realm.
2017/01/07 18:25:54:642  Recieved activity primary key.
2017/01/07 18:25:54:642  Setting up new dataset.
2017/01/07 18:25:54:643  Erasing dataset
2017/01/07 18:25:54:645  Binding data signals to new activity.
2017/01/07 18:25:54:663  Updating activity name from edit page.
2017/01/07 18:25:57:494  Adding new data point.
2017/01/07 18:25:58:490  Adding new data point.
2017/01/07 18:25:59:447  Adding new data point.
2017/01/07 18:26:37:846  Adding new data point.
2017/01/07 18:26:49:083  Adding new data point.
2017/01/07 18:26:50:101  Adding new data point.
2017/01/07 18:26:51:130  Adding new data point.
2017/01/07 18:27:05:369  Adding new data point.
2017/01/07 18:27:06:367  Adding new data point.
2017/01/07 18:27:07:358  Adding new data point.

