2017/01/07 19:51:39:037  Adding new data point.
2017/01/07 19:51:39:046  Got data change notification for 056713DF-142B-4141-B8A8-2537C4C4EBD9
2017/01/07 19:51:39:046  Adding data with power 0
2017/01/07 19:51:39:047  Updating dataset.
2017/01/07 19:51:39:969  Adding new data point.
2017/01/07 19:51:39:976  Got data change notification for 056713DF-142B-4141-B8A8-2537C4C4EBD9
2017/01/07 19:51:39:976  Adding data with power 150
2017/01/07 19:51:39:977  Updating dataset.
2017/01/07 19:51:41:061  Adding new data point.
2017/01/07 19:51:41:091  Got data change notification for 056713DF-142B-4141-B8A8-2537C4C4EBD9
2017/01/07 19:51:41:091  Adding data with power 150
2017/01/07 19:51:41:092  Updating dataset.
2017/01/07 19:51:42:000  Adding new data point.
2017/01/07 19:51:42:005  Got data change notification for 056713DF-142B-4141-B8A8-2537C4C4EBD9
2017/01/07 19:51:42:005  Adding data with power 150
2017/01/07 19:51:42:005  Updating dataset.
2017/01/07 19:51:43:062  Adding new data point.
2017/01/07 19:51:43:065  Got data change notification for 056713DF-142B-4141-B8A8-2537C4C4EBD9
2017/01/07 19:51:43:065  Adding data with power 170
2017/01/07 19:51:43:065  Updating dataset.
2017/01/07 19:51:44:057  Adding new data point.
2017/01/07 19:51:44:084  Got data change notification for 056713DF-142B-4141-B8A8-2537C4C4EBD9
2017/01/07 19:51:44:085  Adding data with power 170
2017/01/07 19:51:44:087  Updating dataset.
2017/01/07 19:51:46:168  Adding new activity to realm.
2017/01/07 19:51:46:176  Recieved activity primary key.
2017/01/07 19:51:46:176  Setting up new dataset, subscribing to C7513F5E-FE1B-45C4-9E61-2F12D44BCBB2.
2017/01/07 19:51:46:177  Erasing dataset
2017/01/07 19:51:46:196  Got data change notification for C7513F5E-FE1B-45C4-9E61-2F12D44BCBB2
2017/01/07 19:51:46:199  Adding new data point.
2017/01/07 19:51:46:202  Updating activity name from edit page.
2017/01/07 19:51:46:204  Got data change notification for C7513F5E-FE1B-45C4-9E61-2F12D44BCBB2
2017/01/07 19:51:46:204  Adding data with power 170
2017/01/07 19:51:46:204  Updating dataset.
2017/01/07 19:51:49:137  Adding new data point.
2017/01/07 19:51:49:144  Got data change notification for C7513F5E-FE1B-45C4-9E61-2F12D44BCBB2
2017/01/07 19:51:49:144  Adding data with power 170
2017/01/07 19:51:49:145  Updating dataset.
2017/01/07 19:51:50:139  Adding new data point.
2017/01/07 19:51:50:166  Got data change notification for C7513F5E-FE1B-45C4-9E61-2F12D44BCBB2
2017/01/07 19:51:50:166  Adding data with power 170
2017/01/07 19:51:50:169  Updating dataset.
2017/01/07 19:51:51:138  Adding new data point.
2017/01/07 19:51:51:166  Got data change notification for C7513F5E-FE1B-45C4-9E61-2F12D44BCBB2
2017/01/07 19:51:51:166  Adding data with power 170
2017/01/07 19:51:51:168  Updating dataset.
2017/01/07 19:51:52:141  Adding new data point.
2017/01/07 19:51:52:170  Got data change notification for C7513F5E-FE1B-45C4-9E61-2F12D44BCBB2
2017/01/07 19:51:52:170  Adding data with power 170
2017/01/07 19:51:52:172  Updating dataset.
2017/01/07 19:51:53:139  Adding new data point.
2017/01/07 19:51:53:163  Got data change notification for C7513F5E-FE1B-45C4-9E61-2F12D44BCBB2
2017/01/07 19:51:53:164  Adding data with power 170
2017/01/07 19:51:53:166  Updating dataset.
2017/01/07 19:51:54:167  Adding new data point.
2017/01/07 19:51:54:190  Got data change notification for C7513F5E-FE1B-45C4-9E61-2F12D44BCBB2
2017/01/07 19:51:54:190  Adding data with power 170
2017/01/07 19:51:54:191  Updating dataset.

