2016/12/25 10:54:07:335  RZBLog(RZBLogLevelSimulation): PeripheralManager is discoverable
2016/12/25 10:54:07:337  RZBLog(RZBLogLevelDelegate): centralManagerDidUpdateState: - <RZBMockCentralManager: 0x17427d540>
2016/12/25 10:54:07:337  RZBLog(RZBLogLevelDelegateValue): State=5
2016/12/25 10:54:07:337  RZBLog(RZBLogLevelCommand): scanForPeripheralsWithServices:@[6E40FEC1-B5A3-F393-E0A9-E50E24DCCA9E, 669AA305-0C08-969E-E211-86AD5062675F] options:(null)
2016/12/25 10:54:07:338  RZBLog(RZBLogLevelDelegate): centralManager:didDiscoverPeripheral:advertisementData:RSSI: - <RZBMockCentralManager: 0x17427d540> 41DDF64A-E80B-4759-921D-C5BD87146E3A
2016/12/25 10:54:07:345  RZBLog(RZBLogLevelDelegateValue): advertisementData=(null)
2016/12/25 10:54:07:350  RZBLog(RZBLogLevelDelegateValue): RSSI=(null)
2016/12/25 10:54:07:352  RZBLog(RZBLogLevelCommand): connectPeripheral:41DDF64A-E80B-4759-921D-C5BD87146E3A options:(null)
2016/12/25 10:54:07:353  RZBLog(RZBLogLevelDelegate): centralManager:didConnectPeripheral: - <RZBMockCentralManager: 0x17427d540> 41DDF64A-E80B-4759-921D-C5BD87146E3A
2016/12/25 10:54:07:353  RZBLog(RZBLogLevelCommand): 41DDF64A-E80B-4759-921D-C5BD87146E3A discoverServices:@[6E40FEC1-B5A3-F393-E0A9-E50E24DCCA9E]
2016/12/25 10:54:07:354  RZBLog(RZBLogLevelDelegate): peripheral:didDiscoverServices: - 41DDF64A-E80B-4759-921D-C5BD87146E3A (null)
2016/12/25 10:54:07:354  RZBLog(RZBLogLevelDelegateValue): Services=@[6E40FEC1-B5A3-F393-E0A9-E50E24DCCA9E]
2016/12/25 10:54:07:354  RZBLog(RZBLogLevelCommand): 41DDF64A-E80B-4759-921D-C5BD87146E3A setNotifyValue:YES forCharacteristic:6E40FEC2-B5A3-F393-E0A9-E50E24DCCA9E
2016/12/25 10:54:07:354  RZBLog(RZBLogLevelSimulatedDevice): peripheralManager:central:didSubscribeToCharacteristic: -  6E40FEC2-B5A3-F393-E0A9-E50E24DCCA9E
2016/12/25 10:54:07:354  RZBLog(RZBLogLevelDelegate): peripheral:didUpdateNotificationStateForCharacteristic:error: - 41DDF64A-E80B-4759-921D-C5BD87146E3A 6E40FEC2-B5A3-F393-E0A9-E50E24DCCA9E (null)
2016/12/25 10:54:07:354  RZBLog(RZBLogLevelDelegateValue): Notify=YES
2016/12/25 10:54:07:387  Setting up bindings to data providers
2016/12/25 10:54:07:388  <reader_initial_Speed> requested GeneralFEDataPage:<TACPageRequestPage|requestPage:16>
2016/12/25 10:54:07:389  <reader_initial_Distance> requested GeneralFEDataPage:<TACPageRequestPage|requestPage:16>
2016/12/25 10:54:07:390  <reader_initial_RPM> requested SpecificTrainerDataPage:<TACPageRequestPage|requestPage:25>
2016/12/25 10:54:07:390  RZBLog(RZBLogLevelCommand): 41DDF64A-E80B-4759-921D-C5BD87146E3A writeData:<data> forCharacteristic:6E40FEC3-B5A3-F393-E0A9-E50E24DCCA9E type:1
2016/12/25 10:54:07:390  RZBLog(RZBLogLevelWriteCommandData): Data=<a4094f05 46ffffff ff801001 30>
2016/12/25 10:54:07:390  RZBLog(RZBLogLevelCommand): 41DDF64A-E80B-4759-921D-C5BD87146E3A writeData:<data> forCharacteristic:6E40FEC3-B5A3-F393-E0A9-E50E24DCCA9E type:1
2016/12/25 10:54:07:390  RZBLog(RZBLogLevelWriteCommandData): Data=<a4094f05 46ffffff ff801001 30>
2016/12/25 10:54:07:390  RZBLog(RZBLogLevelCommand): 41DDF64A-E80B-4759-921D-C5BD87146E3A writeData:<data> forCharacteristic:6E40FEC3-B5A3-F393-E0A9-E50E24DCCA9E type:1
2016/12/25 10:54:07:390  RZBLog(RZBLogLevelWriteCommandData): Data=<a4094f05 46ffffff ff801901 39>
2016/12/25 10:54:07:390  <reader_initial_Altitude> requested TrackResistance:<TACPageRequestPage|requestPage:51>
2016/12/25 10:54:07:390  RZBLog(RZBLogLevelCommand): 41DDF64A-E80B-4759-921D-C5BD87146E3A writeData:<data> forCharacteristic:6E40FEC3-B5A3-F393-E0A9-E50E24DCCA9E type:1
2016/12/25 10:54:07:390  RZBLog(RZBLogLevelWriteCommandData): Data=<a4094f05 46ffffff ff803301 13>
2016/12/25 10:54:07:391  RZBLog(RZBLogLevelSimulatedDevice): peripheralManager:didReceiveWriteRequests: -  @[6E40FEC3-B5A3-F393-E0A9-E50E24DCCA9E]
2016/12/25 10:54:07:391  Processed request with page number 16 for GeneralFEDataPage with response <TACPageGeneralFEDataPage|speed:0|distance:0>
2016/12/25 10:54:07:391  <reader_initial_Watt> requested SpecificTrainerDataPage:<TACPageRequestPage|requestPage:25>
2016/12/25 10:54:07:391  RZBLog(RZBLogLevelSimulatedDevice): peripheralManager:didReceiveWriteRequests: -  @[6E40FEC3-B5A3-F393-E0A9-E50E24DCCA9E]
2016/12/25 10:54:07:391  <sup_intial_Watt/KG> requested UserConfiguration:<TACPageRequestPage|requestPage:55>
2016/12/25 10:54:07:391  Processed request with page number 16 for GeneralFEDataPage with response <TACPageGeneralFEDataPage|speed:0|distance:0>
2016/12/25 10:54:07:391  RZBLog(RZBLogLevelSimulatedDevice): peripheralManager:didReceiveWriteRequests: -  @[6E40FEC3-B5A3-F393-E0A9-E50E24DCCA9E]
2016/12/25 10:54:07:391  Processed request with page number 25 for SpecificTrainerDataPage with response <TACPageSpecificTrainerDataPage|cadenceRPM:0|powerW:0>
2016/12/25 10:54:07:392  RZBLog(RZBLogLevelCommand): 41DDF64A-E80B-4759-921D-C5BD87146E3A writeData:<data> forCharacteristic:6E40FEC3-B5A3-F393-E0A9-E50E24DCCA9E type:1
2016/12/25 10:54:07:392  RZBLog(RZBLogLevelWriteCommandData): Data=<a4094f05 46ffffff ff801901 39>
2016/12/25 10:54:07:392  RZBLog(RZBLogLevelSimulation): Not responding to write without response
2016/12/25 10:54:07:392  RZBLog(RZBLogLevelCommand): 41DDF64A-E80B-4759-921D-C5BD87146E3A writeData:<data> forCharacteristic:6E40FEC3-B5A3-F393-E0A9-E50E24DCCA9E type:1
2016/12/25 10:54:07:392  RZBLog(RZBLogLevelWriteCommandData): Data=<a4094f05 46ffffff ff803701 17>
2016/12/25 10:54:07:392  Setting up bindings to activity signal.
2016/12/25 10:54:07:392  RZBLog(RZBLogLevelSimulation): Not responding to write without response
2016/12/25 10:54:07:392  RZBLog(RZBLogLevelSimulation): Not responding to write without response
2016/12/25 10:54:07:392  RZBLog(RZBLogLevelSimulatedDevice): peripheralManager:didReceiveWriteRequests: -  @[6E40FEC3-B5A3-F393-E0A9-E50E24DCCA9E]
2016/12/25 10:54:07:392  Processed request with page number 51 for TrackResistance with response <TACPageTrackResistance|gradePercent:0.00|rollingResistance:0.00>
2016/12/25 10:54:07:392  RZBLog(RZBLogLevelDelegate): peripheral:didUpdateValueForCharacteristic:error: - 41DDF64A-E80B-4759-921D-C5BD87146E3A 6E40FEC2-B5A3-F393-E0A9-E50E24DCCA9E (null)
2016/12/25 10:54:07:392  RZBLog(RZBLogLevelDelegateValue): Value=<a4090000 10000000 00000020>
2016/12/25 10:54:07:393  Notify with data <a4090000 10000000 00000020> for characteristic 6E40FEC2-B5A3-F393-E0A9-E50E24DCCA9E parsed as <TACPageGeneralFEDataPage|speed:0|distance:0>
2016/12/25 10:54:07:393  RZBLog(RZBLogLevelDelegate): peripheral:didUpdateValueForCharacteristic:error: - 41DDF64A-E80B-4759-921D-C5BD87146E3A 6E40FEC2-B5A3-F393-E0A9-E50E24DCCA9E (null)
2016/12/25 10:54:07:393  RZBLog(RZBLogLevelDelegateValue): Value=<a4090000 10000000 00000020>
2016/12/25 10:54:07:393  Notify with data <a4090000 10000000 00000020> for characteristic 6E40FEC2-B5A3-F393-E0A9-E50E24DCCA9E parsed as <TACPageGeneralFEDataPage|speed:0|distance:0>
2016/12/25 10:54:07:393  RZBLog(RZBLogLevelDelegate): peripheral:didUpdateValueForCharacteristic:error: - 41DDF64A-E80B-4759-921D-C5BD87146E3A 6E40FEC2-B5A3-F393-E0A9-E50E24DCCA9E (null)
2016/12/25 10:54:07:393  RZBLog(RZBLogLevelDelegateValue): Value=<a4090000 19000000 00000000>
2016/12/25 10:54:07:393  Binding data signals to new activity.
2016/12/25 10:54:07:393  Notify with data <a4090000 19000000 00000000> for characteristic 6E40FEC2-B5A3-F393-E0A9-E50E24DCCA9E parsed as <TACPageSpecificTrainerDataPage|cadenceRPM:0|powerW:0>
2016/12/25 10:54:07:393  RZBLog(RZBLogLevelSimulation): Not responding to write without response
2016/12/25 10:54:07:393  RZBLog(RZBLogLevelSimulatedDevice): peripheralManager:didReceiveWriteRequests: -  @[6E40FEC3-B5A3-F393-E0A9-E50E24DCCA9E]
2016/12/25 10:54:07:394  Processed request with page number 25 for SpecificTrainerDataPage with response <TACPageSpecificTrainerDataPage|cadenceRPM:0|powerW:0>
2016/12/25 10:54:07:394  RZBLog(RZBLogLevelSimulatedDevice): peripheralManager:didReceiveWriteRequests: -  @[6E40FEC3-B5A3-F393-E0A9-E50E24DCCA9E]
2016/12/25 10:54:07:394  Processed request with page number 55 for UserConfiguration with response <TACPageUserConfiguration|userWeightKg:87|bicycleWheelDiameterOffsetMm:0|bicycleWeightKg:0|bicycleWheelDiameterM:0|gearRatio:0>
2016/12/25 10:54:07:394  RZBLog(RZBLogLevelDelegate): peripheral:didUpdateValueForCharacteristic:error: - 41DDF64A-E80B-4759-921D-C5BD87146E3A 6E40FEC2-B5A3-F393-E0A9-E50E24DCCA9E (null)
2016/12/25 10:54:07:394  RZBLog(RZBLogLevelDelegateValue): Value=<a4090000 33000000 00204e00>
2016/12/25 10:54:07:394  Notify with data <a4090000 33000000 00204e00> for characteristic 6E40FEC2-B5A3-F393-E0A9-E50E24DCCA9E parsed as <TACPageTrackResistance|gradePercent:0.00|rollingResistance:0.00>
2016/12/25 10:54:07:394  RZBLog(RZBLogLevelSimulation): Not responding to write without response
2016/12/25 10:54:07:394  RZBLog(RZBLogLevelSimulation): Not responding to write without response
2016/12/25 10:54:07:394  RZBLog(RZBLogLevelDelegate): peripheral:didUpdateValueForCharacteristic:error: - 41DDF64A-E80B-4759-921D-C5BD87146E3A 6E40FEC2-B5A3-F393-E0A9-E50E24DCCA9E (null)
2016/12/25 10:54:07:394  RZBLog(RZBLogLevelDelegateValue): Value=<a4090000 19000000 00000000>
2016/12/25 10:54:07:395  Notify with data <a4090000 19000000 00000000> for characteristic 6E40FEC2-B5A3-F393-E0A9-E50E24DCCA9E parsed as <TACPageSpecificTrainerDataPage|cadenceRPM:0|powerW:0>
2016/12/25 10:54:07:395  RZBLog(RZBLogLevelDelegate): peripheral:didUpdateValueForCharacteristic:error: - 41DDF64A-E80B-4759-921D-C5BD87146E3A 6E40FEC2-B5A3-F393-E0A9-E50E24DCCA9E (null)
2016/12/25 10:54:07:395  RZBLog(RZBLogLevelDelegateValue): Value=<a4090000 37fc2100 00000000>
2016/12/25 10:54:07:395  Notify with data <a4090000 37fc2100 00000000> for characteristic 6E40FEC2-B5A3-F393-E0A9-E50E24DCCA9E parsed as <TACPageUserConfiguration|userWeightKg:87|bicycleWheelDiameterOffsetMm:0|bicycleWeightKg:0|bicycleWheelDiameterM:0|gearRatio:0>
2016/12/25 10:54:07:409  RZBLog(RZBLogLevelCommand): 41DDF64A-E80B-4759-921D-C5BD87146E3A writeData:<data> forCharacteristic:6E40FEC3-B5A3-F393-E0A9-E50E24DCCA9E type:1
2016/12/25 10:54:07:409  <adjustor_initial_Slope> requested TrackResistance:<TACPageRequestPage|requestPage:51>
2016/12/25 10:54:07:410  RZBLog(RZBLogLevelWriteCommandData): Data=<a4094f05 33ffffff ff204e00 ba>
2016/12/25 10:54:07:410  RZBLog(RZBLogLevelCommand): 41DDF64A-E80B-4759-921D-C5BD87146E3A writeData:<data> forCharacteristic:6E40FEC3-B5A3-F393-E0A9-E50E24DCCA9E type:1
2016/12/25 10:54:07:410  RZBLog(RZBLogLevelWriteCommandData): Data=<a4094f05 46ffffff ff803301 13>
2016/12/25 10:54:07:410  RZBLog(RZBLogLevelSimulatedDevice): peripheralManager:didReceiveWriteRequests: -  @[6E40FEC3-B5A3-F393-E0A9-E50E24DCCA9E]
2016/12/25 10:54:07:410  Applying characteristic page <TACPageTrackResistance|gradePercent:0.00|rollingResistance:0.00>
2016/12/25 10:54:07:410  RZBLog(RZBLogLevelSimulatedDevice): peripheralManager:didReceiveWriteRequests: -  @[6E40FEC3-B5A3-F393-E0A9-E50E24DCCA9E]
2016/12/25 10:54:07:410  Processed request with page number 51 for TrackResistance with response <TACPageTrackResistance|gradePercent:0.00|rollingResistance:0.00>
2016/12/25 10:54:07:410  RZBLog(RZBLogLevelSimulation): Not responding to write without response
2016/12/25 10:54:07:410  RZBLog(RZBLogLevelSimulation): Not responding to write without response
2016/12/25 10:54:07:410  RZBLog(RZBLogLevelDelegate): peripheral:didUpdateValueForCharacteristic:error: - 41DDF64A-E80B-4759-921D-C5BD87146E3A 6E40FEC2-B5A3-F393-E0A9-E50E24DCCA9E (null)
2016/12/25 10:54:07:410  RZBLog(RZBLogLevelDelegateValue): Value=<a4090000 33000000 00204e00>
2016/12/25 10:54:07:411  Notify with data <a4090000 33000000 00204e00> for characteristic 6E40FEC2-B5A3-F393-E0A9-E50E24DCCA9E parsed as <TACPageTrackResistance|gradePercent:0.00|rollingResistance:0.00>
2016/12/25 10:54:07:414  RZBLog(RZBLogLevelCommand): 41DDF64A-E80B-4759-921D-C5BD87146E3A writeData:<data> forCharacteristic:6E40FEC3-B5A3-F393-E0A9-E50E24DCCA9E type:1
2016/12/25 10:54:07:414  RZBLog(RZBLogLevelWriteCommandData): Data=<a4094f05 31ffffff ffff5802 73>
2016/12/25 10:54:07:414  RZBLog(RZBLogLevelSimulatedDevice): peripheralManager:didReceiveWriteRequests: -  @[6E40FEC3-B5A3-F393-E0A9-E50E24DCCA9E]
2016/12/25 10:54:07:414  Applying characteristic page <TACPageTargetPower|targetPower:150.00>
2016/12/25 10:54:07:414  <adjustor_initial_Watt> requested SpecificTrainerDataPage:<TACPageRequestPage|requestPage:25>
2016/12/25 10:54:07:414  RZBLog(RZBLogLevelSimulation): Not responding to write without response
2016/12/25 10:54:07:414  RZBLog(RZBLogLevelCommand): 41DDF64A-E80B-4759-921D-C5BD87146E3A writeData:<data> forCharacteristic:6E40FEC3-B5A3-F393-E0A9-E50E24DCCA9E type:1
2016/12/25 10:54:07:414  RZBLog(RZBLogLevelWriteCommandData): Data=<a4094f05 46ffffff ff801901 39>
2016/12/25 10:54:07:414  RZBLog(RZBLogLevelSimulatedDevice): peripheralManager:didReceiveWriteRequests: -  @[6E40FEC3-B5A3-F393-E0A9-E50E24DCCA9E]
2016/12/25 10:54:07:414  Processed request with page number 25 for SpecificTrainerDataPage with response <TACPageSpecificTrainerDataPage|cadenceRPM:0|powerW:150>
2016/12/25 10:54:07:414  RZBLog(RZBLogLevelSimulation): Not responding to write without response
2016/12/25 10:54:07:414  RZBLog(RZBLogLevelDelegate): peripheral:didUpdateValueForCharacteristic:error: - 41DDF64A-E80B-4759-921D-C5BD87146E3A 6E40FEC2-B5A3-F393-E0A9-E50E24DCCA9E (null)
2016/12/25 10:54:07:415  RZBLog(RZBLogLevelDelegateValue): Value=<a4090000 19000000 00960000>
2016/12/25 10:54:07:415  Notify with data <a4090000 19000000 00960000> for characteristic 6E40FEC2-B5A3-F393-E0A9-E50E24DCCA9E parsed as <TACPageSpecificTrainerDataPage|cadenceRPM:0|powerW:150>
2016/12/25 10:54:07:473  got user weight 87
2016/12/25 10:54:07:474  got user weight 87
2016/12/25 10:55:52:424  found previous peripherial
2016/12/25 10:55:52:429  RZBLog(RZBLogLevelSimulatedDevice): peripheralManagerDidUpdateState: - <RZBMockPeripheralManager: 0x170283070>
2016/12/25 10:55:52:429  RZBLog(RZBLogLevelSimulatedDevice): State=5

