2017/01/10 10:53:49:025  RZBLog(RZBLogLevelSimulation): PeripheralManager is discoverable
2017/01/10 10:53:49:026  RZBLog(RZBLogLevelSimulation): PeripheralManager is discoverable
2017/01/10 10:53:49:026  RZBLog(RZBLogLevelDelegate): centralManagerDidUpdateState: - <RZBMockCentralManager: 0x1742731c0>
2017/01/10 10:53:49:026  RZBLog(RZBLogLevelDelegateValue): State=5
2017/01/10 10:53:49:090  performed request <NSMutableURLRequest: 0x17400ea30> { URL: http://api.instacrate.me/logs }
2017/01/10 10:53:49:091  with response (null)
2017/01/10 10:53:49:091  and error Error Domain=NSURLErrorDomain Code=-1001 "The request timed out." UserInfo={NSUnderlyingError=0x170241140 {Error Domain=kCFErrorDomainCFNetwork Code=-1001 "(null)" UserInfo={_kCFStreamErrorCodeKey=-2102, _kCFStreamErrorDomainKey=4}}, NSErrorFailingURLStringKey=http://api.instacrate.me/logs, NSErrorFailingURLKey=http://api.instacrate.me/logs, _kCFStreamErrorDomainKey=4, _kCFStreamErrorCodeKey=-2102, NSLocalizedDescription=The request timed out.}
2017/01/10 10:53:49:092  performed request <NSMutableURLRequest: 0x17000fe20> { URL: http://api.instacrate.me/logs }
2017/01/10 10:53:49:092  with response (null)
2017/01/10 10:53:49:093  and error Error Domain=NSURLErrorDomain Code=-1001 "The request timed out." UserInfo={NSUnderlyingError=0x174245d00 {Error Domain=kCFErrorDomainCFNetwork Code=-1001 "(null)" UserInfo={_kCFStreamErrorCodeKey=-2102, _kCFStreamErrorDomainKey=4}}, NSErrorFailingURLStringKey=http://api.instacrate.me/logs, NSErrorFailingURLKey=http://api.instacrate.me/logs, _kCFStreamErrorDomainKey=4, _kCFStreamErrorCodeKey=-2102, NSLocalizedDescription=The request timed out.}
2017/01/10 10:53:49:093  performed request <NSMutableURLRequest: 0x17400e830> { URL: http://api.instacrate.me/logs }
2017/01/10 10:53:49:093  with response (null)
2017/01/10 10:53:49:094  and error Error Domain=NSURLErrorDomain Code=-1001 "The request timed out." UserInfo={NSUnderlyingError=0x170242fd0 {Error Domain=kCFErrorDomainCFNetwork Code=-1001 "(null)" UserInfo={_kCFStreamErrorCodeKey=-2102, _kCFStreamErrorDomainKey=4}}, NSErrorFailingURLStringKey=http://api.instacrate.me/logs, NSErrorFailingURLKey=http://api.instacrate.me/logs, _kCFStreamErrorDomainKey=4, _kCFStreamErrorCodeKey=-2102, NSLocalizedDescription=The request timed out.}
2017/01/10 10:53:49:541  error deleting file Error Domain=NSCocoaErrorDomain Code=4 "“no.abello.tacx 2017-01-10 16-32.log” couldn’t be removed." UserInfo={NSFilePath=/private/var/mobile/Containers/Data/Application/66E33515-DCEB-4FDF-B3CC-3DCD165719A6/Library/Caches/Logs/no.abello.tacx 2017-01-10 16-32.log, NSUserStringVariant=(
    Remove
), NSUnderlyingError=0x17424b220 {Error Domain=NSPOSIXErrorDomain Code=2 "No such file or directory"}}
2017/01/10 10:53:49:617  error deleting file Error Domain=NSCocoaErrorDomain Code=4 "“no.abello.tacx 2017-01-10 16-35.log” couldn’t be removed." UserInfo={NSFilePath=/private/var/mobile/Containers/Data/Application/66E33515-DCEB-4FDF-B3CC-3DCD165719A6/Library/Caches/Logs/no.abello.tacx 2017-01-10 16-35.log, NSUserStringVariant=(
    Remove
), NSUnderlyingError=0x17024d560 {Error Domain=NSPOSIXErrorDomain Code=2 "No such file or directory"}}
2017/01/10 11:01:04:917  performed request <NSMutableURLRequest: 0x1700106d0> { URL: http://api.instacrate.me/logs }
2017/01/10 11:01:04:917  with response (null)
2017/01/10 11:01:04:918  and error Error Domain=NSURLErrorDomain Code=-1005 "The network connection was lost." UserInfo={NSUnderlyingError=0x17024d3b0 {Error Domain=kCFErrorDomainCFNetwork Code=-1005 "(null)" UserInfo={_kCFStreamErrorCodeKey=-4, _kCFStreamErrorDomainKey=4}}, NSErrorFailingURLStringKey=http://api.instacrate.me/logs, NSErrorFailingURLKey=http://api.instacrate.me/logs, _kCFStreamErrorDomainKey=4, _kCFStreamErrorCodeKey=-4, NSLocalizedDescription=The network connection was lost.}

