2017/01/07 19:44:22:163  Adding new data point.
2017/01/07 19:44:22:171  Got data change notification for E9FC83E6-14CB-4216-A05A-3C06EDC43A0C
2017/01/07 19:44:22:172  Adding data with power 0
2017/01/07 19:44:22:172  Updating dataset.
2017/01/07 19:44:23:168  Adding new data point.
2017/01/07 19:44:23:174  Got data change notification for E9FC83E6-14CB-4216-A05A-3C06EDC43A0C
2017/01/07 19:44:23:174  Adding data with power 150
2017/01/07 19:44:23:177  Updating dataset.
2017/01/07 19:44:24:157  Adding new data point.
2017/01/07 19:44:24:161  Got data change notification for E9FC83E6-14CB-4216-A05A-3C06EDC43A0C
2017/01/07 19:44:24:161  Adding data with power 150
2017/01/07 19:44:24:162  Updating dataset.
2017/01/07 19:44:25:099  Adding new data point.
2017/01/07 19:44:25:104  Got data change notification for E9FC83E6-14CB-4216-A05A-3C06EDC43A0C
2017/01/07 19:44:25:105  Adding data with power 150
2017/01/07 19:44:25:105  Updating dataset.
2017/01/07 19:44:28:186  Adding new activity to realm.
2017/01/07 19:44:28:194  Recieved activity primary key.
2017/01/07 19:44:28:194  Setting up new dataset, subscribing to E73DDEBA-1CB3-42E0-B738-AF37E288D8A6.
2017/01/07 19:44:28:195  Erasing dataset
2017/01/07 19:44:28:219  Adding new data point.
2017/01/07 19:44:28:222  Updating activity name from edit page.
2017/01/07 19:44:31:155  Adding new data point.
2017/01/07 19:44:32:153  Adding new data point.

