2017/01/11 16:30:55:306  Adding initial activity to realm.
2017/01/11 16:30:55:399  RZBLog(RZBLogLevelDelegate): peripheral:didUpdateValueForCharacteristic:error: - 4D60CAA0-AAD7-41E3-95A8-C3A21885DFEE 6E40FEC2-B5A3-F393-E0A9-E50E24DCCA9E (null)
2017/01/11 16:30:55:399  RZBLog(RZBLogLevelDelegateValue): Value=<a4094e05 10195834 0000ff24 58>
2017/01/11 16:30:55:471  elevation calculation <mps:0|distanceChangeMps:0|distanceChange:0|slopePercentage:0|elechange:0>
2017/01/11 16:30:55:491  RZBLog(RZBLogLevelCommand): 4D60CAA0-AAD7-41E3-95A8-C3A21885DFEE writeData:<data> forCharacteristic:6E40FEC3-B5A3-F393-E0A9-E50E24DCCA9E type:1
2017/01/11 16:30:55:491  RZBLog(RZBLogLevelWriteCommandData): Data=<a4090000 33000000 00204e00>
2017/01/11 16:30:55:505  RZBLog(RZBLogLevelCommand): 4D60CAA0-AAD7-41E3-95A8-C3A21885DFEE writeData:<data> forCharacteristic:6E40FEC3-B5A3-F393-E0A9-E50E24DCCA9E type:1
2017/01/11 16:30:55:506  RZBLog(RZBLogLevelWriteCommandData): Data=<a4094f05 31ffffff ffff5802 73>
2017/01/11 16:30:55:514  elevation calculation <mps:0|distanceChangeMps:0|distanceChange:0|slopePercentage:0|elechange:0>
2017/01/11 16:30:55:522  Recieved activity primary key.
2017/01/11 16:30:55:524  Setting up new dataset, subscribing to 012614A7-D177-4DED-910C-AB98B2A593FA.
2017/01/11 16:30:55:526  Erasing dataset
2017/01/11 16:30:55:606  Got data change notification for 012614A7-D177-4DED-910C-AB98B2A593FA
2017/01/11 16:30:55:639  RZBLog(RZBLogLevelDelegate): peripheral:didUpdateValueForCharacteristic:error: - 4D60CAA0-AAD7-41E3-95A8-C3A21885DFEE 6E40FEC2-B5A3-F393-E0A9-E50E24DCCA9E (null)
2017/01/11 16:30:55:639  RZBLog(RZBLogLevelDelegateValue): Value=<a4094e05 197400db 37004020 07>
2017/01/11 16:30:55:912  RZBLog(RZBLogLevelDelegate): peripheral:didUpdateValueForCharacteristic:error: - 4D60CAA0-AAD7-41E3-95A8-C3A21885DFEE 6E40FEC2-B5A3-F393-E0A9-E50E24DCCA9E (null)
2017/01/11 16:30:55:912  RZBLog(RZBLogLevelDelegateValue): Value=<a4094e05 10195834 0000ff24 58>
2017/01/11 16:30:56:149  RZBLog(RZBLogLevelDelegate): peripheral:didUpdateValueForCharacteristic:error: - 4D60CAA0-AAD7-41E3-95A8-C3A21885DFEE 6E40FEC2-B5A3-F393-E0A9-E50E24DCCA9E (null)
2017/01/11 16:30:56:149  RZBLog(RZBLogLevelDelegateValue): Value=<a4094e05 197500db 37004020 06>
2017/01/11 16:30:56:394  RZBLog(RZBLogLevelDelegate): peripheral:didUpdateValueForCharacteristic:error: - 4D60CAA0-AAD7-41E3-95A8-C3A21885DFEE 6E40FEC2-B5A3-F393-E0A9-E50E24DCCA9E (null)
2017/01/11 16:30:56:395  RZBLog(RZBLogLevelDelegateValue): Value=<a4094e05 10195834 0000ff24 58>
2017/01/11 16:30:56:660  RZBLog(RZBLogLevelDelegate): peripheral:didUpdateValueForCharacteristic:error: - 4D60CAA0-AAD7-41E3-95A8-C3A21885DFEE 6E40FEC2-B5A3-F393-E0A9-E50E24DCCA9E (null)
2017/01/11 16:30:56:661  RZBLog(RZBLogLevelDelegateValue): Value=<a4094e05 197600db 37004020 05>
2017/01/11 16:30:56:900  RZBLog(RZBLogLevelDelegate): peripheral:didUpdateValueForCharacteristic:error: - 4D60CAA0-AAD7-41E3-95A8-C3A21885DFEE 6E40FEC2-B5A3-F393-E0A9-E50E24DCCA9E (null)
2017/01/11 16:30:56:900  RZBLog(RZBLogLevelDelegateValue): Value=<a4094e05 10195834 0000ff24 58>
2017/01/11 16:30:57:149  RZBLog(RZBLogLevelDelegate): peripheral:didUpdateValueForCharacteristic:error: - 4D60CAA0-AAD7-41E3-95A8-C3A21885DFEE 6E40FEC2-B5A3-F393-E0A9-E50E24DCCA9E (null)
2017/01/11 16:30:57:149  RZBLog(RZBLogLevelDelegateValue): Value=<a4094e05 197700db 37004020 04>
2017/01/11 16:30:57:411  RZBLog(RZBLogLevelDelegate): peripheral:didUpdateValueForCharacteristic:error: - 4D60CAA0-AAD7-41E3-95A8-C3A21885DFEE 6E40FEC2-B5A3-F393-E0A9-E50E24DCCA9E (null)
2017/01/11 16:30:57:412  RZBLog(RZBLogLevelDelegateValue): Value=<a4094e05 10195834 0000ff24 58>
2017/01/11 16:30:57:650  RZBLog(RZBLogLevelDelegate): peripheral:didUpdateValueForCharacteristic:error: - 4D60CAA0-AAD7-41E3-95A8-C3A21885DFEE 6E40FEC2-B5A3-F393-E0A9-E50E24DCCA9E (null)
2017/01/11 16:30:57:650  RZBLog(RZBLogLevelDelegateValue): Value=<a4094e05 197800db 37004020 0b>
2017/01/11 16:30:57:890  RZBLog(RZBLogLevelDelegate): peripheral:didUpdateValueForCharacteristic:error: - 4D60CAA0-AAD7-41E3-95A8-C3A21885DFEE 6E40FEC2-B5A3-F393-E0A9-E50E24DCCA9E (null)
2017/01/11 16:30:57:890  RZBLog(RZBLogLevelDelegateValue): Value=<a4094e05 10195834 0000ff24 58>
2017/01/11 16:30:58:160  RZBLog(RZBLogLevelDelegate): peripheral:didUpdateValueForCharacteristic:error: - 4D60CAA0-AAD7-41E3-95A8-C3A21885DFEE 6E40FEC2-B5A3-F393-E0A9-E50E24DCCA9E (null)
2017/01/11 16:30:58:160  RZBLog(RZBLogLevelDelegateValue): Value=<a4094e05 197900db 37004020 0a>
2017/01/11 16:30:58:400  RZBLog(RZBLogLevelDelegate): peripheral:didUpdateValueForCharacteristic:error: - 4D60CAA0-AAD7-41E3-95A8-C3A21885DFEE 6E40FEC2-B5A3-F393-E0A9-E50E24DCCA9E (null)
2017/01/11 16:30:58:401  RZBLog(RZBLogLevelDelegateValue): Value=<a4094e05 10195834 0000ff24 58>
2017/01/11 16:30:58:640  RZBLog(RZBLogLevelDelegate): peripheral:didUpdateValueForCharacteristic:error: - 4D60CAA0-AAD7-41E3-95A8-C3A21885DFEE 6E40FEC2-B5A3-F393-E0A9-E50E24DCCA9E (null)
2017/01/11 16:30:58:640  RZBLog(RZBLogLevelDelegateValue): Value=<a4094e05 197a00db 37004020 09>
2017/01/11 16:30:58:919  RZBLog(RZBLogLevelDelegate): peripheral:didUpdateValueForCharacteristic:error: - 4D60CAA0-AAD7-41E3-95A8-C3A21885DFEE 6E40FEC2-B5A3-F393-E0A9-E50E24DCCA9E (null)
2017/01/11 16:30:58:919  RZBLog(RZBLogLevelDelegateValue): Value=<a4094e05 10195834 0000ff24 58>
2017/01/11 16:30:59:149  RZBLog(RZBLogLevelDelegate): peripheral:didUpdateValueForCharacteristic:error: - 4D60CAA0-AAD7-41E3-95A8-C3A21885DFEE 6E40FEC2-B5A3-F393-E0A9-E50E24DCCA9E (null)
2017/01/11 16:30:59:149  RZBLog(RZBLogLevelDelegateValue): Value=<a4094e05 197b00db 37004020 08>
2017/01/11 16:30:59:390  RZBLog(RZBLogLevelDelegate): peripheral:didUpdateValueForCharacteristic:error: - 4D60CAA0-AAD7-41E3-95A8-C3A21885DFEE 6E40FEC2-B5A3-F393-E0A9-E50E24DCCA9E (null)
2017/01/11 16:30:59:390  RZBLog(RZBLogLevelDelegateValue): Value=<a4094e05 10195834 0000ff24 58>
2017/01/11 16:30:59:660  RZBLog(RZBLogLevelDelegate): peripheral:didUpdateValueForCharacteristic:error: - 4D60CAA0-AAD7-41E3-95A8-C3A21885DFEE 6E40FEC2-B5A3-F393-E0A9-E50E24DCCA9E (null)
2017/01/11 16:30:59:660  RZBLog(RZBLogLevelDelegateValue): Value=<a4094e05 197c00db 37004020 0f>
2017/01/11 16:30:59:900  RZBLog(RZBLogLevelDelegate): peripheral:didUpdateValueForCharacteristic:error: - 4D60CAA0-AAD7-41E3-95A8-C3A21885DFEE 6E40FEC2-B5A3-F393-E0A9-E50E24DCCA9E (null)
2017/01/11 16:30:59:900  RZBLog(RZBLogLevelDelegateValue): Value=<a4094e05 10195834 0000ff24 58>
2017/01/11 16:31:00:160  RZBLog(RZBLogLevelDelegate): peripheral:didUpdateValueForCharacteristic:error: - 4D60CAA0-AAD7-41E3-95A8-C3A21885DFEE 6E40FEC2-B5A3-F393-E0A9-E50E24DCCA9E (null)
2017/01/11 16:31:00:160  RZBLog(RZBLogLevelDelegateValue): Value=<a4094e05 197d00db 37004020 0e>
2017/01/11 16:31:00:409  RZBLog(RZBLogLevelDelegate): peripheral:didUpdateValueForCharacteristic:error: - 4D60CAA0-AAD7-41E3-95A8-C3A21885DFEE 6E40FEC2-B5A3-F393-E0A9-E50E24DCCA9E (null)
2017/01/11 16:31:00:409  RZBLog(RZBLogLevelDelegateValue): Value=<a4094e05 10195834 0000ff24 58>
2017/01/11 16:31:00:651  RZBLog(RZBLogLevelDelegate): peripheral:didUpdateValueForCharacteristic:error: - 4D60CAA0-AAD7-41E3-95A8-C3A21885DFEE 6E40FEC2-B5A3-F393-E0A9-E50E24DCCA9E (null)
2017/01/11 16:31:00:651  RZBLog(RZBLogLevelDelegateValue): Value=<a4094e05 197e00db 37004020 0d>
2017/01/11 16:31:00:890  RZBLog(RZBLogLevelDelegate): peripheral:didUpdateValueForCharacteristic:error: - 4D60CAA0-AAD7-41E3-95A8-C3A21885DFEE 6E40FEC2-B5A3-F393-E0A9-E50E24DCCA9E (null)
2017/01/11 16:31:00:890  RZBLog(RZBLogLevelDelegateValue): Value=<a4094e05 10195834 0000ff24 58>
2017/01/11 16:31:01:160  RZBLog(RZBLogLevelDelegate): peripheral:didUpdateValueForCharacteristic:error: - 4D60CAA0-AAD7-41E3-95A8-C3A21885DFEE 6E40FEC2-B5A3-F393-E0A9-E50E24DCCA9E (null)
2017/01/11 16:31:01:161  RZBLog(RZBLogLevelDelegateValue): Value=<a4094e05 197f00db 37004020 0c>
2017/01/11 16:31:01:399  RZBLog(RZBLogLevelDelegate): peripheral:didUpdateValueForCharacteristic:error: - 4D60CAA0-AAD7-41E3-95A8-C3A21885DFEE 6E40FEC2-B5A3-F393-E0A9-E50E24DCCA9E (null)
2017/01/11 16:31:01:400  RZBLog(RZBLogLevelDelegateValue): Value=<a4094e05 10195834 0000ff24 58>
2017/01/11 16:31:01:640  RZBLog(RZBLogLevelDelegate): peripheral:didUpdateValueForCharacteristic:error: - 4D60CAA0-AAD7-41E3-95A8-C3A21885DFEE 6E40FEC2-B5A3-F393-E0A9-E50E24DCCA9E (null)
2017/01/11 16:31:01:640  RZBLog(RZBLogLevelDelegateValue): Value=<a4094e05 198000db 37004020 f3>
2017/01/11 16:31:01:910  RZBLog(RZBLogLevelDelegate): peripheral:didUpdateValueForCharacteristic:error: - 4D60CAA0-AAD7-41E3-95A8-C3A21885DFEE 6E40FEC2-B5A3-F393-E0A9-E50E24DCCA9E (null)
2017/01/11 16:31:01:910  RZBLog(RZBLogLevelDelegateValue): Value=<a4094e05 10195834 0000ff24 58>
2017/01/11 16:31:02:149  RZBLog(RZBLogLevelDelegate): peripheral:didUpdateValueForCharacteristic:error: - 4D60CAA0-AAD7-41E3-95A8-C3A21885DFEE 6E40FEC2-B5A3-F393-E0A9-E50E24DCCA9E (null)
2017/01/11 16:31:02:149  RZBLog(RZBLogLevelDelegateValue): Value=<a4094e05 f0000000 00000000 16>
2017/01/11 16:31:02:390  RZBLog(RZBLogLevelDelegate): peripheral:didUpdateValueForCharacteristic:error: - 4D60CAA0-AAD7-41E3-95A8-C3A21885DFEE 6E40FEC2-B5A3-F393-E0A9-E50E24DCCA9E (null)
2017/01/11 16:31:02:390  RZBLog(RZBLogLevelDelegateValue): Value=<a4094e05 fb000302 00040200 1a>
2017/01/11 16:31:02:660  RZBLog(RZBLogLevelDelegate): peripheral:didUpdateValueForCharacteristic:error: - 4D60CAA0-AAD7-41E3-95A8-C3A21885DFEE 6E40FEC2-B5A3-F393-E0A9-E50E24DCCA9E (null)
2017/01/11 16:31:02:660  RZBLog(RZBLogLevelDelegateValue): Value=<a4094e05 198100db 37004020 f2>
2017/01/11 16:31:02:901  RZBLog(RZBLogLevelDelegate): peripheral:didUpdateValueForCharacteristic:error: - 4D60CAA0-AAD7-41E3-95A8-C3A21885DFEE 6E40FEC2-B5A3-F393-E0A9-E50E24DCCA9E (null)
2017/01/11 16:31:02:901  RZBLog(RZBLogLevelDelegateValue): Value=<a4094e05 10195834 0000ff24 58>
2017/01/11 16:31:03:141  RZBLog(RZBLogLevelDelegate): peripheral:didUpdateValueForCharacteristic:error: - 4D60CAA0-AAD7-41E3-95A8-C3A21885DFEE 6E40FEC2-B5A3-F393-E0A9-E50E24DCCA9E (null)
2017/01/11 16:31:03:141  RZBLog(RZBLogLevelDelegateValue): Value=<a4094e05 198200db 37004020 f1>
2017/01/11 16:31:03:410  RZBLog(RZBLogLevelDelegate): peripheral:didUpdateValueForCharacteristic:error: - 4D60CAA0-AAD7-41E3-95A8-C3A21885DFEE 6E40FEC2-B5A3-F393-E0A9-E50E24DCCA9E (null)
2017/01/11 16:31:03:410  RZBLog(RZBLogLevelDelegateValue): Value=<a4094e05 10195834 0000ff24 58>
2017/01/11 16:31:03:650  RZBLog(RZBLogLevelDelegate): peripheral:didUpdateValueForCharacteristic:error: - 4D60CAA0-AAD7-41E3-95A8-C3A21885DFEE 6E40FEC2-B5A3-F393-E0A9-E50E24DCCA9E (null)
2017/01/11 16:31:03:650  RZBLog(RZBLogLevelDelegateValue): Value=<a4094e05 198300db 37004020 f0>
2017/01/11 16:31:03:890  RZBLog(RZBLogLevelDelegate): peripheral:didUpdateValueForCharacteristic:error: - 4D60CAA0-AAD7-41E3-95A8-C3A21885DFEE 6E40FEC2-B5A3-F393-E0A9-E50E24DCCA9E (null)
2017/01/11 16:31:03:890  RZBLog(RZBLogLevelDelegateValue): Value=<a4094e05 10195834 0000ff24 58>
2017/01/11 16:31:04:160  RZBLog(RZBLogLevelDelegate): peripheral:didUpdateValueForCharacteristic:error: - 4D60CAA0-AAD7-41E3-95A8-C3A21885DFEE 6E40FEC2-B5A3-F393-E0A9-E50E24DCCA9E (null)
2017/01/11 16:31:04:160  RZBLog(RZBLogLevelDelegateValue): Value=<a4094e05 198400db 37004020 f7>
2017/01/11 16:31:04:402  RZBLog(RZBLogLevelDelegate): peripheral:didUpdateValueForCharacteristic:error: - 4D60CAA0-AAD7-41E3-95A8-C3A21885DFEE 6E40FEC2-B5A3-F393-E0A9-E50E24DCCA9E (null)
2017/01/11 16:31:04:405  RZBLog(RZBLogLevelDelegateValue): Value=<a4094e05 10195834 0000ff24 58>
2017/01/11 16:31:04:639  RZBLog(RZBLogLevelDelegate): peripheral:didUpdateValueForCharacteristic:error: - 4D60CAA0-AAD7-41E3-95A8-C3A21885DFEE 6E40FEC2-B5A3-F393-E0A9-E50E24DCCA9E (null)
2017/01/11 16:31:04:639  RZBLog(RZBLogLevelDelegateValue): Value=<a4094e05 198500db 37004020 f6>
2017/01/11 16:31:04:910  RZBLog(RZBLogLevelDelegate): peripheral:didUpdateValueForCharacteristic:error: - 4D60CAA0-AAD7-41E3-95A8-C3A21885DFEE 6E40FEC2-B5A3-F393-E0A9-E50E24DCCA9E (null)
2017/01/11 16:31:04:910  RZBLog(RZBLogLevelDelegateValue): Value=<a4094e05 10195834 0000ff24 58>
2017/01/11 16:31:05:180  RZBLog(RZBLogLevelDelegate): peripheral:didUpdateValueForCharacteristic:error: - 4D60CAA0-AAD7-41E3-95A8-C3A21885DFEE 6E40FEC2-B5A3-F393-E0A9-E50E24DCCA9E (null)
2017/01/11 16:31:05:180  RZBLog(RZBLogLevelDelegateValue): Value=<a4094e05 198600db 37004020 f5>
2017/01/11 16:31:05:390  RZBLog(RZBLogLevelDelegate): peripheral:didUpdateValueForCharacteristic:error: - 4D60CAA0-AAD7-41E3-95A8-C3A21885DFEE 6E40FEC2-B5A3-F393-E0A9-E50E24DCCA9E (null)
2017/01/11 16:31:05:390  RZBLog(RZBLogLevelDelegateValue): Value=<a4094e05 10195834 0000ff24 58>
2017/01/11 16:31:05:669  RZBLog(RZBLogLevelDelegate): peripheral:didUpdateValueForCharacteristic:error: - 4D60CAA0-AAD7-41E3-95A8-C3A21885DFEE 6E40FEC2-B5A3-F393-E0A9-E50E24DCCA9E (null)
2017/01/11 16:31:05:669  RZBLog(RZBLogLevelDelegateValue): Value=<a4094e05 198700db 37004020 f4>
2017/01/11 16:31:05:899  RZBLog(RZBLogLevelDelegate): peripheral:didUpdateValueForCharacteristic:error: - 4D60CAA0-AAD7-41E3-95A8-C3A21885DFEE 6E40FEC2-B5A3-F393-E0A9-E50E24DCCA9E (null)
2017/01/11 16:31:05:899  RZBLog(RZBLogLevelDelegateValue): Value=<a4094e05 10195834 0000ff24 58>
2017/01/11 16:31:06:139  RZBLog(RZBLogLevelDelegate): peripheral:didUpdateValueForCharacteristic:error: - 4D60CAA0-AAD7-41E3-95A8-C3A21885DFEE 6E40FEC2-B5A3-F393-E0A9-E50E24DCCA9E (null)
2017/01/11 16:31:06:140  RZBLog(RZBLogLevelDelegateValue): Value=<a4094e05 198800db 37004020 fb>
2017/01/11 16:31:06:890  RZBLog(RZBLogLevelDelegate): peripheral:didUpdateValueForCharacteristic:error: - 4D60CAA0-AAD7-41E3-95A8-C3A21885DFEE 6E40FEC2-B5A3-F393-E0A9-E50E24DCCA9E (null)
2017/01/11 16:31:06:890  RZBLog(RZBLogLevelDelegateValue): Value=<a4094e05 10195834 0000ff24 58>
2017/01/11 16:31:07:155  RZBLog(RZBLogLevelDelegate): peripheral:didUpdateValueForCharacteristic:error: - 4D60CAA0-AAD7-41E3-95A8-C3A21885DFEE 6E40FEC2-B5A3-F393-E0A9-E50E24DCCA9E (null)
2017/01/11 16:31:07:155  RZBLog(RZBLogLevelDelegateValue): Value=<a4094e05 198a00db 37004020 f9>
2017/01/11 16:31:07:400  RZBLog(RZBLogLevelDelegate): peripheral:didUpdateValueForCharacteristic:error: - 4D60CAA0-AAD7-41E3-95A8-C3A21885DFEE 6E40FEC2-B5A3-F393-E0A9-E50E24DCCA9E (null)
2017/01/11 16:31:07:400  RZBLog(RZBLogLevelDelegateValue): Value=<a4094e05 10195834 0000ff24 58>
2017/01/11 16:31:07:640  RZBLog(RZBLogLevelDelegate): peripheral:didUpdateValueForCharacteristic:error: - 4D60CAA0-AAD7-41E3-95A8-C3A21885DFEE 6E40FEC2-B5A3-F393-E0A9-E50E24DCCA9E (null)
2017/01/11 16:31:07:640  RZBLog(RZBLogLevelDelegateValue): Value=<a4094e05 198b00db 37004020 f8>
2017/01/11 16:31:07:880  RZBLog(RZBLogLevelDelegate): peripheral:didUpdateValueForCharacteristic:error: - 4D60CAA0-AAD7-41E3-95A8-C3A21885DFEE 6E40FEC2-B5A3-F393-E0A9-E50E24DCCA9E (null)
2017/01/11 16:31:07:880  RZBLog(RZBLogLevelDelegateValue): Value=<a4094e05 10195834 0000ff24 58>
2017/01/11 16:31:08:149  RZBLog(RZBLogLevelDelegate): peripheral:didUpdateValueForCharacteristic:error: - 4D60CAA0-AAD7-41E3-95A8-C3A21885DFEE 6E40FEC2-B5A3-F393-E0A9-E50E24DCCA9E (null)
2017/01/11 16:31:08:150  RZBLog(RZBLogLevelDelegateValue): Value=<a4094e05 198c00db 37004020 ff>
2017/01/11 16:31:08:390  RZBLog(RZBLogLevelDelegate): peripheral:didUpdateValueForCharacteristic:error: - 4D60CAA0-AAD7-41E3-95A8-C3A21885DFEE 6E40FEC2-B5A3-F393-E0A9-E50E24DCCA9E (null)
2017/01/11 16:31:08:390  RZBLog(RZBLogLevelDelegateValue): Value=<a4094e05 10195834 0000ff24 58>
2017/01/11 16:31:08:630  RZBLog(RZBLogLevelDelegate): peripheral:didUpdateValueForCharacteristic:error: - 4D60CAA0-AAD7-41E3-95A8-C3A21885DFEE 6E40FEC2-B5A3-F393-E0A9-E50E24DCCA9E (null)
2017/01/11 16:31:08:630  RZBLog(RZBLogLevelDelegateValue): Value=<a4094e05 198d00db 37004020 fe>
2017/01/11 16:31:08:900  RZBLog(RZBLogLevelDelegate): peripheral:didUpdateValueForCharacteristic:error: - 4D60CAA0-AAD7-41E3-95A8-C3A21885DFEE 6E40FEC2-B5A3-F393-E0A9-E50E24DCCA9E (null)
2017/01/11 16:31:08:900  RZBLog(RZBLogLevelDelegateValue): Value=<a4094e05 10195834 0000ff24 58>
2017/01/11 16:31:09:149  RZBLog(RZBLogLevelDelegate): peripheral:didUpdateValueForCharacteristic:error: - 4D60CAA0-AAD7-41E3-95A8-C3A21885DFEE 6E40FEC2-B5A3-F393-E0A9-E50E24DCCA9E (null)
2017/01/11 16:31:09:150  RZBLog(RZBLogLevelDelegateValue): Value=<a4094e05 198e00db 37004020 fd>
2017/01/11 16:31:09:410  RZBLog(RZBLogLevelDelegate): peripheral:didUpdateValueForCharacteristic:error: - 4D60CAA0-AAD7-41E3-95A8-C3A21885DFEE 6E40FEC2-B5A3-F393-E0A9-E50E24DCCA9E (null)
2017/01/11 16:31:09:410  RZBLog(RZBLogLevelDelegateValue): Value=<a4094e05 10195834 0000ff24 58>
2017/01/11 16:31:09:650  RZBLog(RZBLogLevelDelegate): peripheral:didUpdateValueForCharacteristic:error: - 4D60CAA0-AAD7-41E3-95A8-C3A21885DFEE 6E40FEC2-B5A3-F393-E0A9-E50E24DCCA9E (null)
2017/01/11 16:31:09:650  RZBLog(RZBLogLevelDelegateValue): Value=<a4094e05 198f00db 37004020 fc>
2017/01/11 16:31:09:892  RZBLog(RZBLogLevelDelegate): peripheral:didUpdateValueForCharacteristic:error: - 4D60CAA0-AAD7-41E3-95A8-C3A21885DFEE 6E40FEC2-B5A3-F393-E0A9-E50E24DCCA9E (null)
2017/01/11 16:31:09:895  RZBLog(RZBLogLevelDelegateValue): Value=<a4094e05 10195834 0000ff24 58>
2017/01/11 16:31:10:159  RZBLog(RZBLogLevelDelegate): peripheral:didUpdateValueForCharacteristic:error: - 4D60CAA0-AAD7-41E3-95A8-C3A21885DFEE 6E40FEC2-B5A3-F393-E0A9-E50E24DCCA9E (null)
2017/01/11 16:31:10:159  RZBLog(RZBLogLevelDelegateValue): Value=<a4094e05 199000db 37004020 e3>
2017/01/11 16:31:10:400  RZBLog(RZBLogLevelDelegate): peripheral:didUpdateValueForCharacteristic:error: - 4D60CAA0-AAD7-41E3-95A8-C3A21885DFEE 6E40FEC2-B5A3-F393-E0A9-E50E24DCCA9E (null)
2017/01/11 16:31:10:400  RZBLog(RZBLogLevelDelegateValue): Value=<a4094e05 10195834 0000ff24 58>
2017/01/11 16:31:10:640  RZBLog(RZBLogLevelDelegate): peripheral:didUpdateValueForCharacteristic:error: - 4D60CAA0-AAD7-41E3-95A8-C3A21885DFEE 6E40FEC2-B5A3-F393-E0A9-E50E24DCCA9E (null)
2017/01/11 16:31:10:640  RZBLog(RZBLogLevelDelegateValue): Value=<a4094e05 51ff0003 bc190000 ee>
2017/01/11 16:31:11:653  RZBLog(RZBLogLevelDelegate): centralManager:willRestoreState: - <CBCentralManager: 0x1742747c0>
2017/01/11 16:31:11:653  RZBLog(RZBLogLevelDelegateValue): Restore State={
    kCBRestoredPeripherals =     (
        "<CBPeripheral: 0x1740f4200, identifier = 4D60CAA0-AAD7-41E3-95A8-C3A21885DFEE, name = Tacx Neo 06588, state = connected>"
    );
    kCBRestoredScanServices =     (
        "6E40FEC1-B5A3-F393-E0A9-E50E24DCCA9E",
        "669AA305-0C08-969E-E211-86AD5062675F"
    );
}
2017/01/11 16:31:11:654  RZBLog(RZBLogLevelDelegate): centralManagerDidUpdateState: - <CBCentralManager: 0x1742747c0>
2017/01/11 16:31:11:654  RZBLog(RZBLogLevelDelegateValue): State=5
2017/01/11 16:31:11:654  RZBLog(RZBLogLevelDelegate): peripheral:didUpdateValueForCharacteristic:error: - 4D60CAA0-AAD7-41E3-95A8-C3A21885DFEE 6E40FEC2-B5A3-F393-E0A9-E50E24DCCA9E (null)
2017/01/11 16:31:11:654  RZBLog(RZBLogLevelDelegateValue): Value=<a4094e05 10195834 0000ff24 58>
2017/01/11 16:31:11:659  RZBLog(RZBLogLevelDelegate): peripheral:didUpdateValueForCharacteristic:error: - 4D60CAA0-AAD7-41E3-95A8-C3A21885DFEE 6E40FEC2-B5A3-F393-E0A9-E50E24DCCA9E (null)
2017/01/11 16:31:11:660  RZBLog(RZBLogLevelDelegateValue): Value=<a4094e05 199200db 37004020 e1>
2017/01/11 16:31:11:660  RZBLog(RZBLogLevelCommand): 4D60CAA0-AAD7-41E3-95A8-C3A21885DFEE setNotifyValue:YES forCharacteristic:6E40FEC2-B5A3-F393-E0A9-E50E24DCCA9E
2017/01/11 16:31:11:662  found previous peripherial
2017/01/11 16:31:11:662  RZBLog(RZBLogLevelCommand): scanForPeripheralsWithServices:@[6E40FEC1-B5A3-F393-E0A9-E50E24DCCA9E, 669AA305-0C08-969E-E211-86AD5062675F] options:(null)

