2017/01/11 16:11:56:709  RZBLog(RZBLogLevelDelegate): peripheral:didUpdateNotificationStateForCharacteristic:error: - 4D60CAA0-AAD7-41E3-95A8-C3A21885DFEE 6E40FEC2-B5A3-F393-E0A9-E50E24DCCA9E (null)
2017/01/11 16:11:56:710  RZBLog(RZBLogLevelDelegateValue): Notify=YES
2017/01/11 16:11:56:756  Adding initial activity to realm.
2017/01/11 16:11:56:859  RZBLog(RZBLogLevelDelegate): peripheral:didUpdateValueForCharacteristic:error: - 4D60CAA0-AAD7-41E3-95A8-C3A21885DFEE 6E40FEC2-B5A3-F393-E0A9-E50E24DCCA9E (null)
2017/01/11 16:11:56:859  RZBLog(RZBLogLevelDelegateValue): Value=<a4094e05 10195834 0000ff24 58>
2017/01/11 16:11:56:881  elevation calculation <mps:0|distanceChangeMps:0|distanceChange:0|slopePercentage:0|elechange:0>
2017/01/11 16:11:56:888  RZBLog(RZBLogLevelCommand): 4D60CAA0-AAD7-41E3-95A8-C3A21885DFEE writeData:<data> forCharacteristic:6E40FEC3-B5A3-F393-E0A9-E50E24DCCA9E type:1
2017/01/11 16:11:56:888  RZBLog(RZBLogLevelWriteCommandData): Data=<a4090000 33000000 00204e00>
2017/01/11 16:11:56:902  RZBLog(RZBLogLevelCommand): 4D60CAA0-AAD7-41E3-95A8-C3A21885DFEE writeData:<data> forCharacteristic:6E40FEC3-B5A3-F393-E0A9-E50E24DCCA9E type:1
2017/01/11 16:11:56:902  RZBLog(RZBLogLevelWriteCommandData): Data=<a4094f05 31ffffff ffff5802 73>
2017/01/11 16:11:56:912  elevation calculation <mps:0|distanceChangeMps:0|distanceChange:0|slopePercentage:0|elechange:0>
2017/01/11 16:11:56:920  Recieved activity primary key.
2017/01/11 16:11:56:921  Setting up new dataset, subscribing to 8AFA57A0-EAE5-4A5D-8BCD-E14AF0546D8A.
2017/01/11 16:11:56:923  Erasing dataset
2017/01/11 16:11:56:996  Got data change notification for 8AFA57A0-EAE5-4A5D-8BCD-E14AF0546D8A
2017/01/11 16:11:57:099  RZBLog(RZBLogLevelDelegate): peripheral:didUpdateValueForCharacteristic:error: - 4D60CAA0-AAD7-41E3-95A8-C3A21885DFEE 6E40FEC2-B5A3-F393-E0A9-E50E24DCCA9E (null)
2017/01/11 16:11:57:100  RZBLog(RZBLogLevelDelegateValue): Value=<a4094e05 191900db 37004020 6a>
2017/01/11 16:11:57:349  RZBLog(RZBLogLevelDelegate): peripheral:didUpdateValueForCharacteristic:error: - 4D60CAA0-AAD7-41E3-95A8-C3A21885DFEE 6E40FEC2-B5A3-F393-E0A9-E50E24DCCA9E (null)
2017/01/11 16:11:57:350  RZBLog(RZBLogLevelDelegateValue): Value=<a4094e05 10195834 0000ff24 58>
2017/01/11 16:11:57:610  RZBLog(RZBLogLevelDelegate): peripheral:didUpdateValueForCharacteristic:error: - 4D60CAA0-AAD7-41E3-95A8-C3A21885DFEE 6E40FEC2-B5A3-F393-E0A9-E50E24DCCA9E (null)
2017/01/11 16:11:57:611  RZBLog(RZBLogLevelDelegateValue): Value=<a4094e05 191a00db 37004020 69>
2017/01/11 16:11:57:850  RZBLog(RZBLogLevelDelegate): peripheral:didUpdateValueForCharacteristic:error: - 4D60CAA0-AAD7-41E3-95A8-C3A21885DFEE 6E40FEC2-B5A3-F393-E0A9-E50E24DCCA9E (null)
2017/01/11 16:11:57:850  RZBLog(RZBLogLevelDelegateValue): Value=<a4094e05 10195834 0000ff24 58>
2017/01/11 16:11:58:090  RZBLog(RZBLogLevelDelegate): peripheral:didUpdateValueForCharacteristic:error: - 4D60CAA0-AAD7-41E3-95A8-C3A21885DFEE 6E40FEC2-B5A3-F393-E0A9-E50E24DCCA9E (null)
2017/01/11 16:11:58:090  RZBLog(RZBLogLevelDelegateValue): Value=<a4094e05 191b00db 37004020 68>
2017/01/11 16:11:58:361  RZBLog(RZBLogLevelDelegate): peripheral:didUpdateValueForCharacteristic:error: - 4D60CAA0-AAD7-41E3-95A8-C3A21885DFEE 6E40FEC2-B5A3-F393-E0A9-E50E24DCCA9E (null)
2017/01/11 16:11:58:361  RZBLog(RZBLogLevelDelegateValue): Value=<a4094e05 10195834 0000ff24 58>
2017/01/11 16:11:58:600  RZBLog(RZBLogLevelDelegate): peripheral:didUpdateValueForCharacteristic:error: - 4D60CAA0-AAD7-41E3-95A8-C3A21885DFEE 6E40FEC2-B5A3-F393-E0A9-E50E24DCCA9E (null)
2017/01/11 16:11:58:600  RZBLog(RZBLogLevelDelegateValue): Value=<a4094e05 191c00db 37004020 6f>
2017/01/11 16:11:58:840  RZBLog(RZBLogLevelDelegate): peripheral:didUpdateValueForCharacteristic:error: - 4D60CAA0-AAD7-41E3-95A8-C3A21885DFEE 6E40FEC2-B5A3-F393-E0A9-E50E24DCCA9E (null)
2017/01/11 16:11:58:840  RZBLog(RZBLogLevelDelegateValue): Value=<a4094e05 10195834 0000ff24 58>
2017/01/11 16:11:59:150  RZBLog(RZBLogLevelDelegate): peripheral:didUpdateValueForCharacteristic:error: - 4D60CAA0-AAD7-41E3-95A8-C3A21885DFEE 6E40FEC2-B5A3-F393-E0A9-E50E24DCCA9E (null)
2017/01/11 16:11:59:150  RZBLog(RZBLogLevelDelegateValue): Value=<a4094e05 191d00db 37004020 6e>
2017/01/11 16:11:59:350  RZBLog(RZBLogLevelDelegate): peripheral:didUpdateValueForCharacteristic:error: - 4D60CAA0-AAD7-41E3-95A8-C3A21885DFEE 6E40FEC2-B5A3-F393-E0A9-E50E24DCCA9E (null)
2017/01/11 16:11:59:350  RZBLog(RZBLogLevelDelegateValue): Value=<a4094e05 10195834 0000ff24 58>
2017/01/11 16:11:59:590  RZBLog(RZBLogLevelDelegate): peripheral:didUpdateValueForCharacteristic:error: - 4D60CAA0-AAD7-41E3-95A8-C3A21885DFEE 6E40FEC2-B5A3-F393-E0A9-E50E24DCCA9E (null)
2017/01/11 16:11:59:590  RZBLog(RZBLogLevelDelegateValue): Value=<a4094e05 191e00db 37004020 6d>
2017/01/11 16:11:59:879  RZBLog(RZBLogLevelDelegate): peripheral:didUpdateValueForCharacteristic:error: - 4D60CAA0-AAD7-41E3-95A8-C3A21885DFEE 6E40FEC2-B5A3-F393-E0A9-E50E24DCCA9E (null)
2017/01/11 16:11:59:880  RZBLog(RZBLogLevelDelegateValue): Value=<a4094e05 10195834 0000ff24 58>
2017/01/11 16:12:00:104  RZBLog(RZBLogLevelDelegate): peripheral:didUpdateValueForCharacteristic:error: - 4D60CAA0-AAD7-41E3-95A8-C3A21885DFEE 6E40FEC2-B5A3-F393-E0A9-E50E24DCCA9E (null)
2017/01/11 16:12:00:104  RZBLog(RZBLogLevelDelegateValue): Value=<a4094e05 191f00db 37004020 6c>
2017/01/11 16:12:00:346  RZBLog(RZBLogLevelDelegate): peripheral:didUpdateValueForCharacteristic:error: - 4D60CAA0-AAD7-41E3-95A8-C3A21885DFEE 6E40FEC2-B5A3-F393-E0A9-E50E24DCCA9E (null)
2017/01/11 16:12:00:346  RZBLog(RZBLogLevelDelegateValue): Value=<a4094e05 10195834 0000ff24 58>
2017/01/11 16:12:00:610  RZBLog(RZBLogLevelDelegate): peripheral:didUpdateValueForCharacteristic:error: - 4D60CAA0-AAD7-41E3-95A8-C3A21885DFEE 6E40FEC2-B5A3-F393-E0A9-E50E24DCCA9E (null)
2017/01/11 16:12:00:610  RZBLog(RZBLogLevelDelegateValue): Value=<a4094e05 192000db 37004020 53>
2017/01/11 16:12:00:850  RZBLog(RZBLogLevelDelegate): peripheral:didUpdateValueForCharacteristic:error: - 4D60CAA0-AAD7-41E3-95A8-C3A21885DFEE 6E40FEC2-B5A3-F393-E0A9-E50E24DCCA9E (null)
2017/01/11 16:12:00:850  RZBLog(RZBLogLevelDelegateValue): Value=<a4094e05 10195834 0000ff24 58>
2017/01/11 16:12:01:366  RZBLog(RZBLogLevelDelegate): peripheral:didUpdateValueForCharacteristic:error: - 4D60CAA0-AAD7-41E3-95A8-C3A21885DFEE 6E40FEC2-B5A3-F393-E0A9-E50E24DCCA9E (null)
2017/01/11 16:12:01:367  RZBLog(RZBLogLevelDelegateValue): Value=<a4094e05 192100db 37004020 52>
2017/01/11 16:12:01:368  RZBLog(RZBLogLevelDelegate): peripheral:didUpdateValueForCharacteristic:error: - 4D60CAA0-AAD7-41E3-95A8-C3A21885DFEE 6E40FEC2-B5A3-F393-E0A9-E50E24DCCA9E (null)
2017/01/11 16:12:01:368  RZBLog(RZBLogLevelDelegateValue): Value=<a4094e05 10195834 0000ff24 58>
2017/01/11 16:12:01:599  RZBLog(RZBLogLevelDelegate): peripheral:didUpdateValueForCharacteristic:error: - 4D60CAA0-AAD7-41E3-95A8-C3A21885DFEE 6E40FEC2-B5A3-F393-E0A9-E50E24DCCA9E (null)
2017/01/11 16:12:01:599  RZBLog(RZBLogLevelDelegateValue): Value=<a4094e05 192200db 37004020 51>
2017/01/11 16:12:01:887  RZBLog(RZBLogLevelDelegate): peripheral:didUpdateValueForCharacteristic:error: - 4D60CAA0-AAD7-41E3-95A8-C3A21885DFEE 6E40FEC2-B5A3-F393-E0A9-E50E24DCCA9E (null)
2017/01/11 16:12:01:887  RZBLog(RZBLogLevelDelegateValue): Value=<a4094e05 10195834 0000ff24 58>
2017/01/11 16:12:02:620  RZBLog(RZBLogLevelDelegate): peripheral:didUpdateValueForCharacteristic:error: - 4D60CAA0-AAD7-41E3-95A8-C3A21885DFEE 6E40FEC2-B5A3-F393-E0A9-E50E24DCCA9E (null)
2017/01/11 16:12:02:620  RZBLog(RZBLogLevelDelegateValue): Value=<a4094e05 192400db 37004020 57>
2017/01/11 16:12:02:830  RZBLog(RZBLogLevelDelegate): peripheral:didUpdateValueForCharacteristic:error: - 4D60CAA0-AAD7-41E3-95A8-C3A21885DFEE 6E40FEC2-B5A3-F393-E0A9-E50E24DCCA9E (null)
2017/01/11 16:12:02:830  RZBLog(RZBLogLevelDelegateValue): Value=<a4094e05 10195834 0000ff24 58>
2017/01/11 16:12:03:148  RZBLog(RZBLogLevelDelegate): peripheral:didUpdateValueForCharacteristic:error: - 4D60CAA0-AAD7-41E3-95A8-C3A21885DFEE 6E40FEC2-B5A3-F393-E0A9-E50E24DCCA9E (null)
2017/01/11 16:12:03:149  RZBLog(RZBLogLevelDelegateValue): Value=<a4094e05 192500db 37004020 56>
2017/01/11 16:12:03:346  RZBLog(RZBLogLevelDelegate): peripheral:didUpdateValueForCharacteristic:error: - 4D60CAA0-AAD7-41E3-95A8-C3A21885DFEE 6E40FEC2-B5A3-F393-E0A9-E50E24DCCA9E (null)
2017/01/11 16:12:03:346  RZBLog(RZBLogLevelDelegateValue): Value=<a4094e05 10195834 0000ff24 58>
2017/01/11 16:12:03:580  RZBLog(RZBLogLevelDelegate): peripheral:didUpdateValueForCharacteristic:error: - 4D60CAA0-AAD7-41E3-95A8-C3A21885DFEE 6E40FEC2-B5A3-F393-E0A9-E50E24DCCA9E (null)
2017/01/11 16:12:03:580  RZBLog(RZBLogLevelDelegateValue): Value=<a4094e05 192600db 37004020 55>
2017/01/11 16:12:03:850  RZBLog(RZBLogLevelDelegate): peripheral:didUpdateValueForCharacteristic:error: - 4D60CAA0-AAD7-41E3-95A8-C3A21885DFEE 6E40FEC2-B5A3-F393-E0A9-E50E24DCCA9E (null)
2017/01/11 16:12:03:850  RZBLog(RZBLogLevelDelegateValue): Value=<a4094e05 10195834 0000ff24 58>
2017/01/11 16:12:04:090  RZBLog(RZBLogLevelDelegate): peripheral:didUpdateValueForCharacteristic:error: - 4D60CAA0-AAD7-41E3-95A8-C3A21885DFEE 6E40FEC2-B5A3-F393-E0A9-E50E24DCCA9E (null)
2017/01/11 16:12:04:123  RZBLog(RZBLogLevelDelegateValue): Value=<a4094e05 f0000000 00000000 16>
2017/01/11 16:12:04:330  RZBLog(RZBLogLevelDelegate): peripheral:didUpdateValueForCharacteristic:error: - 4D60CAA0-AAD7-41E3-95A8-C3A21885DFEE 6E40FEC2-B5A3-F393-E0A9-E50E24DCCA9E (null)
2017/01/11 16:12:04:331  RZBLog(RZBLogLevelDelegateValue): Value=<a4094e05 fa000201 0000ff00 e0>
2017/01/11 16:12:04:600  RZBLog(RZBLogLevelDelegate): peripheral:didUpdateValueForCharacteristic:error: - 4D60CAA0-AAD7-41E3-95A8-C3A21885DFEE 6E40FEC2-B5A3-F393-E0A9-E50E24DCCA9E (null)
2017/01/11 16:12:04:600  RZBLog(RZBLogLevelDelegateValue): Value=<a4094e05 192700db 37004020 54>
2017/01/11 16:12:04:870  RZBLog(RZBLogLevelDelegate): peripheral:didUpdateValueForCharacteristic:error: - 4D60CAA0-AAD7-41E3-95A8-C3A21885DFEE 6E40FEC2-B5A3-F393-E0A9-E50E24DCCA9E (null)
2017/01/11 16:12:04:870  RZBLog(RZBLogLevelDelegateValue): Value=<a4094e05 10195834 0000ff24 58>
2017/01/11 16:12:05:086  RZBLog(RZBLogLevelDelegate): peripheral:didUpdateValueForCharacteristic:error: - 4D60CAA0-AAD7-41E3-95A8-C3A21885DFEE 6E40FEC2-B5A3-F393-E0A9-E50E24DCCA9E (null)
2017/01/11 16:12:05:086  RZBLog(RZBLogLevelDelegateValue): Value=<a4094e05 192800db 37004020 5b>
2017/01/11 16:12:05:359  RZBLog(RZBLogLevelDelegate): peripheral:didUpdateValueForCharacteristic:error: - 4D60CAA0-AAD7-41E3-95A8-C3A21885DFEE 6E40FEC2-B5A3-F393-E0A9-E50E24DCCA9E (null)
2017/01/11 16:12:05:359  RZBLog(RZBLogLevelDelegateValue): Value=<a4094e05 10195834 0000ff24 58>
2017/01/11 16:12:05:619  RZBLog(RZBLogLevelDelegate): peripheral:didUpdateValueForCharacteristic:error: - 4D60CAA0-AAD7-41E3-95A8-C3A21885DFEE 6E40FEC2-B5A3-F393-E0A9-E50E24DCCA9E (null)
2017/01/11 16:12:05:619  RZBLog(RZBLogLevelDelegateValue): Value=<a4094e05 192900db 37004020 5a>
2017/01/11 16:12:05:860  RZBLog(RZBLogLevelDelegate): peripheral:didUpdateValueForCharacteristic:error: - 4D60CAA0-AAD7-41E3-95A8-C3A21885DFEE 6E40FEC2-B5A3-F393-E0A9-E50E24DCCA9E (null)
2017/01/11 16:12:05:860  RZBLog(RZBLogLevelDelegateValue): Value=<a4094e05 10195834 0000ff24 58>
2017/01/11 16:12:06:136  RZBLog(RZBLogLevelDelegate): peripheral:didUpdateValueForCharacteristic:error: - 4D60CAA0-AAD7-41E3-95A8-C3A21885DFEE 6E40FEC2-B5A3-F393-E0A9-E50E24DCCA9E (null)
2017/01/11 16:12:06:150  RZBLog(RZBLogLevelDelegateValue): Value=<a4094e05 192a00db 37004020 59>
2017/01/11 16:12:06:370  RZBLog(RZBLogLevelDelegate): peripheral:didUpdateValueForCharacteristic:error: - 4D60CAA0-AAD7-41E3-95A8-C3A21885DFEE 6E40FEC2-B5A3-F393-E0A9-E50E24DCCA9E (null)
2017/01/11 16:12:06:371  RZBLog(RZBLogLevelDelegateValue): Value=<a4094e05 10195834 0000ff24 58>
2017/01/11 16:12:06:854  RZBLog(RZBLogLevelDelegate): peripheral:didUpdateValueForCharacteristic:error: - 4D60CAA0-AAD7-41E3-95A8-C3A21885DFEE 6E40FEC2-B5A3-F393-E0A9-E50E24DCCA9E (null)
2017/01/11 16:12:06:854  RZBLog(RZBLogLevelDelegateValue): Value=<a4094e05 192b00db 37004020 58>
2017/01/11 16:12:06:854  RZBLog(RZBLogLevelDelegate): peripheral:didUpdateValueForCharacteristic:error: - 4D60CAA0-AAD7-41E3-95A8-C3A21885DFEE 6E40FEC2-B5A3-F393-E0A9-E50E24DCCA9E (null)
2017/01/11 16:12:06:855  RZBLog(RZBLogLevelDelegateValue): Value=<a4094e05 10195834 0000ff24 58>
2017/01/11 16:12:07:119  RZBLog(RZBLogLevelDelegate): peripheral:didUpdateValueForCharacteristic:error: - 4D60CAA0-AAD7-41E3-95A8-C3A21885DFEE 6E40FEC2-B5A3-F393-E0A9-E50E24DCCA9E (null)
2017/01/11 16:12:07:120  RZBLog(RZBLogLevelDelegateValue): Value=<a4094e05 192c00db 37004020 5f>
2017/01/11 16:12:07:374  RZBLog(RZBLogLevelDelegate): peripheral:didUpdateValueForCharacteristic:error: - 4D60CAA0-AAD7-41E3-95A8-C3A21885DFEE 6E40FEC2-B5A3-F393-E0A9-E50E24DCCA9E (null)
2017/01/11 16:12:07:375  RZBLog(RZBLogLevelDelegateValue): Value=<a4094e05 10195834 0000ff24 58>
2017/01/11 16:12:07:599  RZBLog(RZBLogLevelDelegate): peripheral:didUpdateValueForCharacteristic:error: - 4D60CAA0-AAD7-41E3-95A8-C3A21885DFEE 6E40FEC2-B5A3-F393-E0A9-E50E24DCCA9E (null)
2017/01/11 16:12:07:599  RZBLog(RZBLogLevelDelegateValue): Value=<a4094e05 192d00db 37004020 5e>
2017/01/11 16:12:07:870  RZBLog(RZBLogLevelDelegate): peripheral:didUpdateValueForCharacteristic:error: - 4D60CAA0-AAD7-41E3-95A8-C3A21885DFEE 6E40FEC2-B5A3-F393-E0A9-E50E24DCCA9E (null)
2017/01/11 16:12:07:871  RZBLog(RZBLogLevelDelegateValue): Value=<a4094e05 10195834 0000ff24 58>
2017/01/11 16:12:08:157  RZBLog(RZBLogLevelDelegate): peripheral:didUpdateValueForCharacteristic:error: - 4D60CAA0-AAD7-41E3-95A8-C3A21885DFEE 6E40FEC2-B5A3-F393-E0A9-E50E24DCCA9E (null)
2017/01/11 16:12:08:158  RZBLog(RZBLogLevelDelegateValue): Value=<a4094e05 192e00db 37004020 5d>
2017/01/11 16:12:08:350  RZBLog(RZBLogLevelDelegate): peripheral:didUpdateValueForCharacteristic:error: - 4D60CAA0-AAD7-41E3-95A8-C3A21885DFEE 6E40FEC2-B5A3-F393-E0A9-E50E24DCCA9E (null)
2017/01/11 16:12:08:350  RZBLog(RZBLogLevelDelegateValue): Value=<a4094e05 10195834 0000ff24 58>
2017/01/11 16:12:08:635  RZBLog(RZBLogLevelDelegate): peripheral:didUpdateValueForCharacteristic:error: - 4D60CAA0-AAD7-41E3-95A8-C3A21885DFEE 6E40FEC2-B5A3-F393-E0A9-E50E24DCCA9E (null)
2017/01/11 16:12:08:636  RZBLog(RZBLogLevelDelegateValue): Value=<a4094e05 192f00db 37004020 5c>
2017/01/11 16:12:08:860  RZBLog(RZBLogLevelDelegate): peripheral:didUpdateValueForCharacteristic:error: - 4D60CAA0-AAD7-41E3-95A8-C3A21885DFEE 6E40FEC2-B5A3-F393-E0A9-E50E24DCCA9E (null)
2017/01/11 16:12:08:861  RZBLog(RZBLogLevelDelegateValue): Value=<a4094e05 10195834 0000ff24 58>
2017/01/11 16:12:09:156  RZBLog(RZBLogLevelDelegate): peripheral:didUpdateValueForCharacteristic:error: - 4D60CAA0-AAD7-41E3-95A8-C3A21885DFEE 6E40FEC2-B5A3-F393-E0A9-E50E24DCCA9E (null)
2017/01/11 16:12:09:157  RZBLog(RZBLogLevelDelegateValue): Value=<a4094e05 193000db 37004020 43>
2017/01/11 16:12:09:370  RZBLog(RZBLogLevelDelegate): peripheral:didUpdateValueForCharacteristic:error: - 4D60CAA0-AAD7-41E3-95A8-C3A21885DFEE 6E40FEC2-B5A3-F393-E0A9-E50E24DCCA9E (null)
2017/01/11 16:12:09:370  RZBLog(RZBLogLevelDelegateValue): Value=<a4094e05 10195834 0000ff24 58>
2017/01/11 16:12:09:610  RZBLog(RZBLogLevelDelegate): peripheral:didUpdateValueForCharacteristic:error: - 4D60CAA0-AAD7-41E3-95A8-C3A21885DFEE 6E40FEC2-B5A3-F393-E0A9-E50E24DCCA9E (null)
2017/01/11 16:12:09:610  RZBLog(RZBLogLevelDelegateValue): Value=<a4094e05 193100db 37004020 42>
2017/01/11 16:12:09:850  RZBLog(RZBLogLevelDelegate): peripheral:didUpdateValueForCharacteristic:error: - 4D60CAA0-AAD7-41E3-95A8-C3A21885DFEE 6E40FEC2-B5A3-F393-E0A9-E50E24DCCA9E (null)
2017/01/11 16:12:09:850  RZBLog(RZBLogLevelDelegateValue): Value=<a4094e05 10195834 0000ff24 58>
2017/01/11 16:12:10:149  RZBLog(RZBLogLevelDelegate): peripheral:didUpdateValueForCharacteristic:error: - 4D60CAA0-AAD7-41E3-95A8-C3A21885DFEE 6E40FEC2-B5A3-F393-E0A9-E50E24DCCA9E (null)
2017/01/11 16:12:10:150  RZBLog(RZBLogLevelDelegateValue): Value=<a4094e05 193200db 37004020 41>
2017/01/11 16:12:10:360  RZBLog(RZBLogLevelDelegate): peripheral:didUpdateValueForCharacteristic:error: - 4D60CAA0-AAD7-41E3-95A8-C3A21885DFEE 6E40FEC2-B5A3-F393-E0A9-E50E24DCCA9E (null)
2017/01/11 16:12:10:360  RZBLog(RZBLogLevelDelegateValue): Value=<a4094e05 10195834 0000ff24 58>
2017/01/11 16:12:10:601  RZBLog(RZBLogLevelDelegate): peripheral:didUpdateValueForCharacteristic:error: - 4D60CAA0-AAD7-41E3-95A8-C3A21885DFEE 6E40FEC2-B5A3-F393-E0A9-E50E24DCCA9E (null)
2017/01/11 16:12:10:601  RZBLog(RZBLogLevelDelegateValue): Value=<a4094e05 193300db 37004020 40>
2017/01/11 16:12:10:882  RZBLog(RZBLogLevelDelegate): peripheral:didUpdateValueForCharacteristic:error: - 4D60CAA0-AAD7-41E3-95A8-C3A21885DFEE 6E40FEC2-B5A3-F393-E0A9-E50E24DCCA9E (null)
2017/01/11 16:12:10:883  RZBLog(RZBLogLevelDelegateValue): Value=<a4094e05 10195834 0000ff24 58>
2017/01/11 16:12:11:109  RZBLog(RZBLogLevelDelegate): peripheral:didUpdateValueForCharacteristic:error: - 4D60CAA0-AAD7-41E3-95A8-C3A21885DFEE 6E40FEC2-B5A3-F393-E0A9-E50E24DCCA9E (null)
2017/01/11 16:12:11:110  RZBLog(RZBLogLevelDelegateValue): Value=<a4094e05 193400db 37004020 47>
2017/01/11 16:12:11:350  RZBLog(RZBLogLevelDelegate): peripheral:didUpdateValueForCharacteristic:error: - 4D60CAA0-AAD7-41E3-95A8-C3A21885DFEE 6E40FEC2-B5A3-F393-E0A9-E50E24DCCA9E (null)
2017/01/11 16:12:11:351  RZBLog(RZBLogLevelDelegateValue): Value=<a4094e05 10195834 0000ff24 58>
2017/01/11 16:12:11:635  RZBLog(RZBLogLevelDelegate): peripheral:didUpdateValueForCharacteristic:error: - 4D60CAA0-AAD7-41E3-95A8-C3A21885DFEE 6E40FEC2-B5A3-F393-E0A9-E50E24DCCA9E (null)
2017/01/11 16:12:11:635  RZBLog(RZBLogLevelDelegateValue): Value=<a4094e05 193500db 37004020 46>
2017/01/11 16:12:11:860  RZBLog(RZBLogLevelDelegate): peripheral:didUpdateValueForCharacteristic:error: - 4D60CAA0-AAD7-41E3-95A8-C3A21885DFEE 6E40FEC2-B5A3-F393-E0A9-E50E24DCCA9E (null)
2017/01/11 16:12:11:860  RZBLog(RZBLogLevelDelegateValue): Value=<a4094e05 10195834 0000ff24 58>
2017/01/11 16:12:12:118  RZBLog(RZBLogLevelDelegate): peripheral:didUpdateValueForCharacteristic:error: - 4D60CAA0-AAD7-41E3-95A8-C3A21885DFEE 6E40FEC2-B5A3-F393-E0A9-E50E24DCCA9E (null)
2017/01/11 16:12:12:118  RZBLog(RZBLogLevelDelegateValue): Value=<a4094e05 50ffff01 5900f00a 14>
2017/01/11 16:12:13:120  RZBLog(RZBLogLevelDelegate): centralManager:willRestoreState: - <CBCentralManager: 0x174276000>
2017/01/11 16:12:13:120  RZBLog(RZBLogLevelDelegateValue): Restore State={
    kCBRestoredPeripherals =     (
        "<CBPeripheral: 0x1702ead00, identifier = 4D60CAA0-AAD7-41E3-95A8-C3A21885DFEE, name = Tacx Neo 06588, state = connected>"
    );
    kCBRestoredScanServices =     (
        "6E40FEC1-B5A3-F393-E0A9-E50E24DCCA9E",
        "669AA305-0C08-969E-E211-86AD5062675F"
    );
}
2017/01/11 16:12:13:121  RZBLog(RZBLogLevelDelegate): centralManagerDidUpdateState: - <CBCentralManager: 0x174276000>
2017/01/11 16:12:13:121  RZBLog(RZBLogLevelDelegateValue): State=5
2017/01/11 16:12:13:121  RZBLog(RZBLogLevelDelegate): peripheral:didUpdateValueForCharacteristic:error: - 4D60CAA0-AAD7-41E3-95A8-C3A21885DFEE 6E40FEC2-B5A3-F393-E0A9-E50E24DCCA9E (null)
2017/01/11 16:12:13:121  RZBLog(RZBLogLevelDelegateValue): Value=<a4094e05 10195834 0000ff24 58>
2017/01/11 16:12:13:122  RZBLog(RZBLogLevelDelegate): peripheral:didUpdateValueForCharacteristic:error: - 4D60CAA0-AAD7-41E3-95A8-C3A21885DFEE 6E40FEC2-B5A3-F393-E0A9-E50E24DCCA9E (null)
2017/01/11 16:12:13:122  RZBLog(RZBLogLevelDelegateValue): Value=<a4094e05 193700db 37004020 44>
2017/01/11 16:12:13:122  RZBLog(RZBLogLevelCommand): 4D60CAA0-AAD7-41E3-95A8-C3A21885DFEE setNotifyValue:YES forCharacteristic:6E40FEC2-B5A3-F393-E0A9-E50E24DCCA9E
2017/01/11 16:12:13:132  found previous peripherial
2017/01/11 16:12:13:133  RZBLog(RZBLogLevelCommand): scanForPeripheralsWithServices:@[6E40FEC1-B5A3-F393-E0A9-E50E24DCCA9E, 669AA305-0C08-969E-E211-86AD5062675F] options:(null)

