2016/12/24 00:07:45:084  Processed request with page number 16 for GeneralFEDataPage with response <TACPageGeneralFEDataPage|speed:0|distance:0>
2016/12/24 00:07:45:084  RZBLog(RZBLogLevelSimulatedDevice): peripheralManager:didReceiveWriteRequests: -  @[6E40FEC3-B5A3-F393-E0A9-E50E24DCCA9E]
2016/12/24 00:07:45:084  Processed request with page number 16 for GeneralFEDataPage with response <TACPageGeneralFEDataPage|speed:0|distance:0>
2016/12/24 00:07:45:084  RZBLog(RZBLogLevelSimulation): Not responding to write without response
2016/12/24 00:07:45:084  RZBLog(RZBLogLevelSimulation): Not responding to write without response
2016/12/24 00:07:45:084  RZBLog(RZBLogLevelSimulation): Not responding to write without response
2016/12/24 00:07:45:084  RZBLog(RZBLogLevelDelegate): peripheral:didUpdateValueForCharacteristic:error: - 0723B5AF-B0DD-4111-BBC6-819CA9550DBF 6E40FEC2-B5A3-F393-E0A9-E50E24DCCA9E (null)
2016/12/24 00:07:45:084  RZBLog(RZBLogLevelDelegateValue): Value=<a4090000 19000000 00c80000>
2016/12/24 00:07:45:084  Notify with data <a4090000 19000000 00c80000> for characteristic 6E40FEC2-B5A3-F393-E0A9-E50E24DCCA9E parsed as <TACPageSpecificTrainerDataPage|cadenceRPM:0|powerW:200>
2016/12/24 00:07:45:084  RZBLog(RZBLogLevelDelegate): peripheral:didUpdateValueForCharacteristic:error: - 0723B5AF-B0DD-4111-BBC6-819CA9550DBF 6E40FEC2-B5A3-F393-E0A9-E50E24DCCA9E (null)
2016/12/24 00:07:45:084  RZBLog(RZBLogLevelDelegateValue): Value=<a4090000 10000000 00000020>
2016/12/24 00:07:45:084  Notify with data <a4090000 10000000 00000020> for characteristic 6E40FEC2-B5A3-F393-E0A9-E50E24DCCA9E parsed as <TACPageGeneralFEDataPage|speed:0|distance:0>
2016/12/24 00:07:45:084  RZBLog(RZBLogLevelDelegate): peripheral:didUpdateValueForCharacteristic:error: - 0723B5AF-B0DD-4111-BBC6-819CA9550DBF 6E40FEC2-B5A3-F393-E0A9-E50E24DCCA9E (null)
2016/12/24 00:07:45:084  RZBLog(RZBLogLevelDelegateValue): Value=<a4090000 10000000 00000020>
2016/12/24 00:07:45:084  Notify with data <a4090000 10000000 00000020> for characteristic 6E40FEC2-B5A3-F393-E0A9-E50E24DCCA9E parsed as <TACPageGeneralFEDataPage|speed:0|distance:0>
2016/12/24 00:07:46:096  <reader_timed_Altitude> requested TrackResistance:<TACPageRequestPage|requestPage:51>
2016/12/24 00:07:46:097  RZBLog(RZBLogLevelCommand): 0723B5AF-B0DD-4111-BBC6-819CA9550DBF writeData:<data> forCharacteristic:6E40FEC3-B5A3-F393-E0A9-E50E24DCCA9E type:1
2016/12/24 00:07:46:097  RZBLog(RZBLogLevelWriteCommandData): Data=<a4094f05 46ffffff ff803301 13>
2016/12/24 00:07:46:098  RZBLog(RZBLogLevelSimulatedDevice): peripheralManager:didReceiveWriteRequests: -  @[6E40FEC3-B5A3-F393-E0A9-E50E24DCCA9E]
2016/12/24 00:07:46:099  Processed request with page number 51 for TrackResistance with response <TACPageTrackResistance|gradePercent:0.00|rollingResistance:0.00>
2016/12/24 00:07:46:100  RZBLog(RZBLogLevelSimulation): Not responding to write without response
2016/12/24 00:07:46:100  <reader_timed_RPM> requested SpecificTrainerDataPage:<TACPageRequestPage|requestPage:25>
2016/12/24 00:07:46:100  RZBLog(RZBLogLevelDelegate): peripheral:didUpdateValueForCharacteristic:error: - 0723B5AF-B0DD-4111-BBC6-819CA9550DBF 6E40FEC2-B5A3-F393-E0A9-E50E24DCCA9E (null)
2016/12/24 00:07:46:100  RZBLog(RZBLogLevelDelegateValue): Value=<a4090000 33000000 00204e00>
2016/12/24 00:07:46:100  <reader_timed_Distance> requested GeneralFEDataPage:<TACPageRequestPage|requestPage:16>
2016/12/24 00:07:46:100  <reader_timed_Speed> requested GeneralFEDataPage:<TACPageRequestPage|requestPage:16>
2016/12/24 00:07:46:100  Notify with data <a4090000 33000000 00204e00> for characteristic 6E40FEC2-B5A3-F393-E0A9-E50E24DCCA9E parsed as <TACPageTrackResistance|gradePercent:0.00|rollingResistance:0.00>
2016/12/24 00:07:46:100  RZBLog(RZBLogLevelCommand): 0723B5AF-B0DD-4111-BBC6-819CA9550DBF writeData:<data> forCharacteristic:6E40FEC3-B5A3-F393-E0A9-E50E24DCCA9E type:1
2016/12/24 00:07:46:100  RZBLog(RZBLogLevelWriteCommandData): Data=<a4094f05 46ffffff ff801901 39>
2016/12/24 00:07:46:101  RZBLog(RZBLogLevelCommand): 0723B5AF-B0DD-4111-BBC6-819CA9550DBF writeData:<data> forCharacteristic:6E40FEC3-B5A3-F393-E0A9-E50E24DCCA9E type:1
2016/12/24 00:07:46:101  RZBLog(RZBLogLevelWriteCommandData): Data=<a4094f05 46ffffff ff801001 30>
2016/12/24 00:07:46:101  RZBLog(RZBLogLevelCommand): 0723B5AF-B0DD-4111-BBC6-819CA9550DBF writeData:<data> forCharacteristic:6E40FEC3-B5A3-F393-E0A9-E50E24DCCA9E type:1
2016/12/24 00:07:46:101  RZBLog(RZBLogLevelWriteCommandData): Data=<a4094f05 46ffffff ff801001 30>
2016/12/24 00:07:46:102  RZBLog(RZBLogLevelSimulatedDevice): peripheralManager:didReceiveWriteRequests: -  @[6E40FEC3-B5A3-F393-E0A9-E50E24DCCA9E]
2016/12/24 00:07:46:102  Processed request with page number 25 for SpecificTrainerDataPage with response <TACPageSpecificTrainerDataPage|cadenceRPM:0|powerW:200>
2016/12/24 00:07:46:102  RZBLog(RZBLogLevelSimulatedDevice): peripheralManager:didReceiveWriteRequests: -  @[6E40FEC3-B5A3-F393-E0A9-E50E24DCCA9E]
2016/12/24 00:07:46:102  Processed request with page number 16 for GeneralFEDataPage with response <TACPageGeneralFEDataPage|speed:0|distance:0>
2016/12/24 00:07:46:103  RZBLog(RZBLogLevelSimulatedDevice): peripheralManager:didReceiveWriteRequests: -  @[6E40FEC3-B5A3-F393-E0A9-E50E24DCCA9E]
2016/12/24 00:07:46:103  Processed request with page number 16 for GeneralFEDataPage with response <TACPageGeneralFEDataPage|speed:0|distance:0>
2016/12/24 00:07:46:104  RZBLog(RZBLogLevelSimulation): Not responding to write without response
2016/12/24 00:07:46:104  RZBLog(RZBLogLevelSimulation): Not responding to write without response
2016/12/24 00:07:46:104  RZBLog(RZBLogLevelSimulation): Not responding to write without response
2016/12/24 00:07:46:104  RZBLog(RZBLogLevelDelegate): peripheral:didUpdateValueForCharacteristic:error: - 0723B5AF-B0DD-4111-BBC6-819CA9550DBF 6E40FEC2-B5A3-F393-E0A9-E50E24DCCA9E (null)
2016/12/24 00:07:46:104  RZBLog(RZBLogLevelDelegateValue): Value=<a4090000 19000000 00c80000>
2016/12/24 00:07:46:105  Notify with data <a4090000 19000000 00c80000> for characteristic 6E40FEC2-B5A3-F393-E0A9-E50E24DCCA9E parsed as <TACPageSpecificTrainerDataPage|cadenceRPM:0|powerW:200>
2016/12/24 00:07:46:105  RZBLog(RZBLogLevelDelegate): peripheral:didUpdateValueForCharacteristic:error: - 0723B5AF-B0DD-4111-BBC6-819CA9550DBF 6E40FEC2-B5A3-F393-E0A9-E50E24DCCA9E (null)
2016/12/24 00:07:46:105  RZBLog(RZBLogLevelDelegateValue): Value=<a4090000 10000000 00000020>
2016/12/24 00:07:46:107  Notify with data <a4090000 10000000 00000020> for characteristic 6E40FEC2-B5A3-F393-E0A9-E50E24DCCA9E parsed as <TACPageGeneralFEDataPage|speed:0|distance:0>
2016/12/24 00:07:46:107  RZBLog(RZBLogLevelDelegate): peripheral:didUpdateValueForCharacteristic:error: - 0723B5AF-B0DD-4111-BBC6-819CA9550DBF 6E40FEC2-B5A3-F393-E0A9-E50E24DCCA9E (null)
2016/12/24 00:07:46:107  RZBLog(RZBLogLevelDelegateValue): Value=<a4090000 10000000 00000020>
2016/12/24 00:07:46:110  Notify with data <a4090000 10000000 00000020> for characteristic 6E40FEC2-B5A3-F393-E0A9-E50E24DCCA9E parsed as <TACPageGeneralFEDataPage|speed:0|distance:0>
2016/12/24 00:07:47:088  <reader_timed_Altitude> requested TrackResistance:<TACPageRequestPage|requestPage:51>
2016/12/24 00:07:47:089  RZBLog(RZBLogLevelCommand): 0723B5AF-B0DD-4111-BBC6-819CA9550DBF writeData:<data> forCharacteristic:6E40FEC3-B5A3-F393-E0A9-E50E24DCCA9E type:1
2016/12/24 00:07:47:089  RZBLog(RZBLogLevelWriteCommandData): Data=<a4094f05 46ffffff ff803301 13>
2016/12/24 00:07:47:090  RZBLog(RZBLogLevelSimulatedDevice): peripheralManager:didReceiveWriteRequests: -  @[6E40FEC3-B5A3-F393-E0A9-E50E24DCCA9E]
2016/12/24 00:07:47:091  Processed request with page number 51 for TrackResistance with response <TACPageTrackResistance|gradePercent:0.00|rollingResistance:0.00>
2016/12/24 00:07:47:092  RZBLog(RZBLogLevelSimulation): Not responding to write without response
2016/12/24 00:07:47:092  RZBLog(RZBLogLevelDelegate): peripheral:didUpdateValueForCharacteristic:error: - 0723B5AF-B0DD-4111-BBC6-819CA9550DBF 6E40FEC2-B5A3-F393-E0A9-E50E24DCCA9E (null)
2016/12/24 00:07:47:093  RZBLog(RZBLogLevelDelegateValue): Value=<a4090000 33000000 00204e00>
2016/12/24 00:07:47:093  Notify with data <a4090000 33000000 00204e00> for characteristic 6E40FEC2-B5A3-F393-E0A9-E50E24DCCA9E parsed as <TACPageTrackResistance|gradePercent:0.00|rollingResistance:0.00>
2016/12/24 00:07:47:099  <reader_timed_RPM> requested SpecificTrainerDataPage:<TACPageRequestPage|requestPage:25>
2016/12/24 00:07:47:099  RZBLog(RZBLogLevelCommand): 0723B5AF-B0DD-4111-BBC6-819CA9550DBF writeData:<data> forCharacteristic:6E40FEC3-B5A3-F393-E0A9-E50E24DCCA9E type:1
2016/12/24 00:07:47:100  RZBLog(RZBLogLevelWriteCommandData): Data=<a4094f05 46ffffff ff801901 39>
2016/12/24 00:07:47:100  RZBLog(RZBLogLevelSimulatedDevice): peripheralManager:didReceiveWriteRequests: -  @[6E40FEC3-B5A3-F393-E0A9-E50E24DCCA9E]
2016/12/24 00:07:47:102  Processed request with page number 25 for SpecificTrainerDataPage with response <TACPageSpecificTrainerDataPage|cadenceRPM:0|powerW:200>
2016/12/24 00:07:47:121  RZBLog(RZBLogLevelSimulation): Not responding to write without response
2016/12/24 00:07:47:121  RZBLog(RZBLogLevelDelegate): peripheral:didUpdateValueForCharacteristic:error: - 0723B5AF-B0DD-4111-BBC6-819CA9550DBF 6E40FEC2-B5A3-F393-E0A9-E50E24DCCA9E (null)
2016/12/24 00:07:47:121  RZBLog(RZBLogLevelDelegateValue): Value=<a4090000 19000000 00c80000>
2016/12/24 00:07:47:122  Notify with data <a4090000 19000000 00c80000> for characteristic 6E40FEC2-B5A3-F393-E0A9-E50E24DCCA9E parsed as <TACPageSpecificTrainerDataPage|cadenceRPM:0|powerW:200>
2016/12/24 00:07:47:125  <reader_timed_Distance> requested GeneralFEDataPage:<TACPageRequestPage|requestPage:16>
2016/12/24 00:07:47:133  RZBLog(RZBLogLevelCommand): 0723B5AF-B0DD-4111-BBC6-819CA9550DBF writeData:<data> forCharacteristic:6E40FEC3-B5A3-F393-E0A9-E50E24DCCA9E type:1
2016/12/24 00:07:47:133  RZBLog(RZBLogLevelWriteCommandData): Data=<a4094f05 46ffffff ff801001 30>
2016/12/24 00:07:47:134  RZBLog(RZBLogLevelSimulatedDevice): peripheralManager:didReceiveWriteRequests: -  @[6E40FEC3-B5A3-F393-E0A9-E50E24DCCA9E]
2016/12/24 00:07:47:135  Processed request with page number 16 for GeneralFEDataPage with response <TACPageGeneralFEDataPage|speed:0|distance:0>
2016/12/24 00:07:47:137  RZBLog(RZBLogLevelSimulation): Not responding to write without response
2016/12/24 00:07:47:137  RZBLog(RZBLogLevelDelegate): peripheral:didUpdateValueForCharacteristic:error: - 0723B5AF-B0DD-4111-BBC6-819CA9550DBF 6E40FEC2-B5A3-F393-E0A9-E50E24DCCA9E (null)
2016/12/24 00:07:47:137  RZBLog(RZBLogLevelDelegateValue): Value=<a4090000 10000000 00000020>
2016/12/24 00:07:47:139  Notify with data <a4090000 10000000 00000020> for characteristic 6E40FEC2-B5A3-F393-E0A9-E50E24DCCA9E parsed as <TACPageGeneralFEDataPage|speed:0|distance:0>
2016/12/24 00:07:47:140  <reader_timed_Speed> requested GeneralFEDataPage:<TACPageRequestPage|requestPage:16>
2016/12/24 00:07:47:141  RZBLog(RZBLogLevelCommand): 0723B5AF-B0DD-4111-BBC6-819CA9550DBF writeData:<data> forCharacteristic:6E40FEC3-B5A3-F393-E0A9-E50E24DCCA9E type:1
2016/12/24 00:07:47:141  RZBLog(RZBLogLevelWriteCommandData): Data=<a4094f05 46ffffff ff801001 30>
2016/12/24 00:07:47:141  RZBLog(RZBLogLevelSimulatedDevice): peripheralManager:didReceiveWriteRequests: -  @[6E40FEC3-B5A3-F393-E0A9-E50E24DCCA9E]
2016/12/24 00:07:47:142  Processed request with page number 16 for GeneralFEDataPage with response <TACPageGeneralFEDataPage|speed:0|distance:0>
2016/12/24 00:07:47:143  RZBLog(RZBLogLevelSimulation): Not responding to write without response
2016/12/24 00:07:47:143  RZBLog(RZBLogLevelDelegate): peripheral:didUpdateValueForCharacteristic:error: - 0723B5AF-B0DD-4111-BBC6-819CA9550DBF 6E40FEC2-B5A3-F393-E0A9-E50E24DCCA9E (null)
2016/12/24 00:07:47:143  RZBLog(RZBLogLevelDelegateValue): Value=<a4090000 10000000 00000020>
2016/12/24 00:07:47:144  Notify with data <a4090000 10000000 00000020> for characteristic 6E40FEC2-B5A3-F393-E0A9-E50E24DCCA9E parsed as <TACPageGeneralFEDataPage|speed:0|distance:0>
2016/12/24 00:07:48:039  <reader_timed_Altitude> requested TrackResistance:<TACPageRequestPage|requestPage:51>
2016/12/24 00:07:48:040  <reader_timed_Distance> requested GeneralFEDataPage:<TACPageRequestPage|requestPage:16>
2016/12/24 00:07:48:040  RZBLog(RZBLogLevelCommand): 0723B5AF-B0DD-4111-BBC6-819CA9550DBF writeData:<data> forCharacteristic:6E40FEC3-B5A3-F393-E0A9-E50E24DCCA9E type:1
2016/12/24 00:07:48:040  RZBLog(RZBLogLevelWriteCommandData): Data=<a4094f05 46ffffff ff803301 13>
2016/12/24 00:07:48:041  <reader_timed_Speed> requested GeneralFEDataPage:<TACPageRequestPage|requestPage:16>
2016/12/24 00:07:48:041  RZBLog(RZBLogLevelCommand): 0723B5AF-B0DD-4111-BBC6-819CA9550DBF writeData:<data> forCharacteristic:6E40FEC3-B5A3-F393-E0A9-E50E24DCCA9E type:1
2016/12/24 00:07:48:041  RZBLog(RZBLogLevelWriteCommandData): Data=<a4094f05 46ffffff ff801001 30>
2016/12/24 00:07:48:042  RZBLog(RZBLogLevelCommand): 0723B5AF-B0DD-4111-BBC6-819CA9550DBF writeData:<data> forCharacteristic:6E40FEC3-B5A3-F393-E0A9-E50E24DCCA9E type:1
2016/12/24 00:07:48:042  RZBLog(RZBLogLevelWriteCommandData): Data=<a4094f05 46ffffff ff801001 30>
2016/12/24 00:07:48:043  RZBLog(RZBLogLevelSimulatedDevice): peripheralManager:didReceiveWriteRequests: -  @[6E40FEC3-B5A3-F393-E0A9-E50E24DCCA9E]
2016/12/24 00:07:48:044  Processed request with page number 51 for TrackResistance with response <TACPageTrackResistance|gradePercent:0.00|rollingResistance:0.00>
2016/12/24 00:07:48:044  <reader_timed_RPM> requested SpecificTrainerDataPage:<TACPageRequestPage|requestPage:25>
2016/12/24 00:07:48:044  RZBLog(RZBLogLevelSimulatedDevice): peripheralManager:didReceiveWriteRequests: -  @[6E40FEC3-B5A3-F393-E0A9-E50E24DCCA9E]
2016/12/24 00:07:48:046  Processed request with page number 16 for GeneralFEDataPage with response <TACPageGeneralFEDataPage|speed:0|distance:0>
2016/12/24 00:07:48:047  RZBLog(RZBLogLevelSimulation): Not responding to write without response
2016/12/24 00:07:48:047  RZBLog(RZBLogLevelSimulatedDevice): peripheralManager:didReceiveWriteRequests: -  @[6E40FEC3-B5A3-F393-E0A9-E50E24DCCA9E]
2016/12/24 00:07:48:048  Processed request with page number 16 for GeneralFEDataPage with response <TACPageGeneralFEDataPage|speed:0|distance:0>
2016/12/24 00:07:48:049  RZBLog(RZBLogLevelCommand): 0723B5AF-B0DD-4111-BBC6-819CA9550DBF writeData:<data> forCharacteristic:6E40FEC3-B5A3-F393-E0A9-E50E24DCCA9E type:1
2016/12/24 00:07:48:049  RZBLog(RZBLogLevelWriteCommandData): Data=<a4094f05 46ffffff ff801901 39>
2016/12/24 00:07:48:050  RZBLog(RZBLogLevelSimulation): Not responding to write without response
2016/12/24 00:07:48:052  RZBLog(RZBLogLevelDelegate): peripheral:didUpdateValueForCharacteristic:error: - 0723B5AF-B0DD-4111-BBC6-819CA9550DBF 6E40FEC2-B5A3-F393-E0A9-E50E24DCCA9E (null)
2016/12/24 00:07:48:052  RZBLog(RZBLogLevelDelegateValue): Value=<a4090000 33000000 00204e00>
2016/12/24 00:07:48:053  Notify with data <a4090000 33000000 00204e00> for characteristic 6E40FEC2-B5A3-F393-E0A9-E50E24DCCA9E parsed as <TACPageTrackResistance|gradePercent:0.00|rollingResistance:0.00>
2016/12/24 00:07:48:057  RZBLog(RZBLogLevelSimulation): Not responding to write without response
2016/12/24 00:07:48:058  RZBLog(RZBLogLevelDelegate): peripheral:didUpdateValueForCharacteristic:error: - 0723B5AF-B0DD-4111-BBC6-819CA9550DBF 6E40FEC2-B5A3-F393-E0A9-E50E24DCCA9E (null)
2016/12/24 00:07:48:058  RZBLog(RZBLogLevelDelegateValue): Value=<a4090000 10000000 00000020>
2016/12/24 00:07:48:060  Notify with data <a4090000 10000000 00000020> for characteristic 6E40FEC2-B5A3-F393-E0A9-E50E24DCCA9E parsed as <TACPageGeneralFEDataPage|speed:0|distance:0>
2016/12/24 00:07:48:062  RZBLog(RZBLogLevelDelegate): peripheral:didUpdateValueForCharacteristic:error: - 0723B5AF-B0DD-4111-BBC6-819CA9550DBF 6E40FEC2-B5A3-F393-E0A9-E50E24DCCA9E (null)
2016/12/24 00:07:48:063  RZBLog(RZBLogLevelDelegateValue): Value=<a4090000 10000000 00000020>
2016/12/24 00:07:48:065  Notify with data <a4090000 10000000 00000020> for characteristic 6E40FEC2-B5A3-F393-E0A9-E50E24DCCA9E parsed as <TACPageGeneralFEDataPage|speed:0|distance:0>
2016/12/24 00:07:48:065  RZBLog(RZBLogLevelSimulatedDevice): peripheralManager:didReceiveWriteRequests: -  @[6E40FEC3-B5A3-F393-E0A9-E50E24DCCA9E]
2016/12/24 00:07:48:066  Processed request with page number 25 for SpecificTrainerDataPage with response <TACPageSpecificTrainerDataPage|cadenceRPM:0|powerW:200>
2016/12/24 00:07:48:068  RZBLog(RZBLogLevelSimulation): Not responding to write without response
2016/12/24 00:07:48:069  RZBLog(RZBLogLevelDelegate): peripheral:didUpdateValueForCharacteristic:error: - 0723B5AF-B0DD-4111-BBC6-819CA9550DBF 6E40FEC2-B5A3-F393-E0A9-E50E24DCCA9E (null)
2016/12/24 00:07:48:069  RZBLog(RZBLogLevelDelegateValue): Value=<a4090000 19000000 00c80000>
2016/12/24 00:07:48:070  Notify with data <a4090000 19000000 00c80000> for characteristic 6E40FEC2-B5A3-F393-E0A9-E50E24DCCA9E parsed as <TACPageSpecificTrainerDataPage|cadenceRPM:0|powerW:200>
2016/12/24 00:07:49:045  <reader_timed_Altitude> requested TrackResistance:<TACPageRequestPage|requestPage:51>
2016/12/24 00:07:49:046  RZBLog(RZBLogLevelCommand): 0723B5AF-B0DD-4111-BBC6-819CA9550DBF writeData:<data> forCharacteristic:6E40FEC3-B5A3-F393-E0A9-E50E24DCCA9E type:1
2016/12/24 00:07:49:056  RZBLog(RZBLogLevelWriteCommandData): Data=<a4094f05 46ffffff ff803301 13>
2016/12/24 00:07:49:057  RZBLog(RZBLogLevelSimulatedDevice): peripheralManager:didReceiveWriteRequests: -  @[6E40FEC3-B5A3-F393-E0A9-E50E24DCCA9E]
2016/12/24 00:07:49:057  Processed request with page number 51 for TrackResistance with response <TACPageTrackResistance|gradePercent:0.00|rollingResistance:0.00>
2016/12/24 00:07:49:058  RZBLog(RZBLogLevelSimulation): Not responding to write without response
2016/12/24 00:07:49:058  RZBLog(RZBLogLevelDelegate): peripheral:didUpdateValueForCharacteristic:error: - 0723B5AF-B0DD-4111-BBC6-819CA9550DBF 6E40FEC2-B5A3-F393-E0A9-E50E24DCCA9E (null)
2016/12/24 00:07:49:059  RZBLog(RZBLogLevelDelegateValue): Value=<a4090000 33000000 00204e00>
2016/12/24 00:07:49:060  Notify with data <a4090000 33000000 00204e00> for characteristic 6E40FEC2-B5A3-F393-E0A9-E50E24DCCA9E parsed as <TACPageTrackResistance|gradePercent:0.00|rollingResistance:0.00>
2016/12/24 00:07:49:065  <reader_timed_RPM> requested SpecificTrainerDataPage:<TACPageRequestPage|requestPage:25>
2016/12/24 00:07:49:066  RZBLog(RZBLogLevelCommand): 0723B5AF-B0DD-4111-BBC6-819CA9550DBF writeData:<data> forCharacteristic:6E40FEC3-B5A3-F393-E0A9-E50E24DCCA9E type:1
2016/12/24 00:07:49:066  RZBLog(RZBLogLevelWriteCommandData): Data=<a4094f05 46ffffff ff801901 39>
2016/12/24 00:07:49:067  RZBLog(RZBLogLevelSimulatedDevice): peripheralManager:didReceiveWriteRequests: -  @[6E40FEC3-B5A3-F393-E0A9-E50E24DCCA9E]
2016/12/24 00:07:49:067  Processed request with page number 25 for SpecificTrainerDataPage with response <TACPageSpecificTrainerDataPage|cadenceRPM:0|powerW:200>
2016/12/24 00:07:49:068  RZBLog(RZBLogLevelSimulation): Not responding to write without response
2016/12/24 00:07:49:075  RZBLog(RZBLogLevelDelegate): peripheral:didUpdateValueForCharacteristic:error: - 0723B5AF-B0DD-4111-BBC6-819CA9550DBF 6E40FEC2-B5A3-F393-E0A9-E50E24DCCA9E (null)
2016/12/24 00:07:49:076  RZBLog(RZBLogLevelDelegateValue): Value=<a4090000 19000000 00c80000>
2016/12/24 00:07:49:077  Notify with data <a4090000 19000000 00c80000> for characteristic 6E40FEC2-B5A3-F393-E0A9-E50E24DCCA9E parsed as <TACPageSpecificTrainerDataPage|cadenceRPM:0|powerW:200>
2016/12/24 00:07:49:079  <reader_timed_Distance> requested GeneralFEDataPage:<TACPageRequestPage|requestPage:16>
2016/12/24 00:07:49:080  RZBLog(RZBLogLevelCommand): 0723B5AF-B0DD-4111-BBC6-819CA9550DBF writeData:<data> forCharacteristic:6E40FEC3-B5A3-F393-E0A9-E50E24DCCA9E type:1
2016/12/24 00:07:49:080  RZBLog(RZBLogLevelWriteCommandData): Data=<a4094f05 46ffffff ff801001 30>
2016/12/24 00:07:49:081  RZBLog(RZBLogLevelSimulatedDevice): peripheralManager:didReceiveWriteRequests: -  @[6E40FEC3-B5A3-F393-E0A9-E50E24DCCA9E]
2016/12/24 00:07:49:083  Processed request with page number 16 for GeneralFEDataPage with response <TACPageGeneralFEDataPage|speed:0|distance:0>
2016/12/24 00:07:49:084  RZBLog(RZBLogLevelSimulation): Not responding to write without response
2016/12/24 00:07:49:084  RZBLog(RZBLogLevelDelegate): peripheral:didUpdateValueForCharacteristic:error: - 0723B5AF-B0DD-4111-BBC6-819CA9550DBF 6E40FEC2-B5A3-F393-E0A9-E50E24DCCA9E (null)
2016/12/24 00:07:49:085  RZBLog(RZBLogLevelDelegateValue): Value=<a4090000 10000000 00000020>
2016/12/24 00:07:49:086  Notify with data <a4090000 10000000 00000020> for characteristic 6E40FEC2-B5A3-F393-E0A9-E50E24DCCA9E parsed as <TACPageGeneralFEDataPage|speed:0|distance:0>
2016/12/24 00:07:49:086  <reader_timed_Speed> requested GeneralFEDataPage:<TACPageRequestPage|requestPage:16>
2016/12/24 00:07:49:087  RZBLog(RZBLogLevelCommand): 0723B5AF-B0DD-4111-BBC6-819CA9550DBF writeData:<data> forCharacteristic:6E40FEC3-B5A3-F393-E0A9-E50E24DCCA9E type:1
2016/12/24 00:07:49:087  RZBLog(RZBLogLevelWriteCommandData): Data=<a4094f05 46ffffff ff801001 30>
2016/12/24 00:07:49:088  RZBLog(RZBLogLevelSimulatedDevice): peripheralManager:didReceiveWriteRequests: -  @[6E40FEC3-B5A3-F393-E0A9-E50E24DCCA9E]
2016/12/24 00:07:49:089  Processed request with page number 16 for GeneralFEDataPage with response <TACPageGeneralFEDataPage|speed:0|distance:0>
2016/12/24 00:07:49:090  RZBLog(RZBLogLevelDelegate): peripheral:didUpdateValueForCharacteristic:error: - 0723B5AF-B0DD-4111-BBC6-819CA9550DBF 6E40FEC2-B5A3-F393-E0A9-E50E24DCCA9E (null)
2016/12/24 00:07:49:090  RZBLog(RZBLogLevelDelegateValue): Value=<a4090000 10000000 00000020>
2016/12/24 00:07:49:090  Notify with data <a4090000 10000000 00000020> for characteristic 6E40FEC2-B5A3-F393-E0A9-E50E24DCCA9E parsed as <TACPageGeneralFEDataPage|speed:0|distance:0>
2016/12/24 00:07:49:091  RZBLog(RZBLogLevelSimulation): Not responding to write without response
2016/12/24 00:07:50:081  <reader_timed_Altitude> requested TrackResistance:<TACPageRequestPage|requestPage:51>
2016/12/24 00:07:50:082  RZBLog(RZBLogLevelCommand): 0723B5AF-B0DD-4111-BBC6-819CA9550DBF writeData:<data> forCharacteristic:6E40FEC3-B5A3-F393-E0A9-E50E24DCCA9E type:1
2016/12/24 00:07:50:083  RZBLog(RZBLogLevelWriteCommandData): Data=<a4094f05 46ffffff ff803301 13>
2016/12/24 00:07:50:090  RZBLog(RZBLogLevelSimulatedDevice): peripheralManager:didReceiveWriteRequests: -  @[6E40FEC3-B5A3-F393-E0A9-E50E24DCCA9E]
2016/12/24 00:07:50:090  Processed request with page number 51 for TrackResistance with response <TACPageTrackResistance|gradePercent:0.00|rollingResistance:0.00>
2016/12/24 00:07:50:091  RZBLog(RZBLogLevelSimulation): Not responding to write without response
2016/12/24 00:07:50:092  RZBLog(RZBLogLevelDelegate): peripheral:didUpdateValueForCharacteristic:error: - 0723B5AF-B0DD-4111-BBC6-819CA9550DBF 6E40FEC2-B5A3-F393-E0A9-E50E24DCCA9E (null)
2016/12/24 00:07:50:092  RZBLog(RZBLogLevelDelegateValue): Value=<a4090000 33000000 00204e00>
2016/12/24 00:07:50:093  Notify with data <a4090000 33000000 00204e00> for characteristic 6E40FEC2-B5A3-F393-E0A9-E50E24DCCA9E parsed as <TACPageTrackResistance|gradePercent:0.00|rollingResistance:0.00>
2016/12/24 00:07:50:099  <reader_timed_RPM> requested SpecificTrainerDataPage:<TACPageRequestPage|requestPage:25>
2016/12/24 00:07:50:099  RZBLog(RZBLogLevelCommand): 0723B5AF-B0DD-4111-BBC6-819CA9550DBF writeData:<data> forCharacteristic:6E40FEC3-B5A3-F393-E0A9-E50E24DCCA9E type:1
2016/12/24 00:07:50:099  RZBLog(RZBLogLevelWriteCommandData): Data=<a4094f05 46ffffff ff801901 39>
2016/12/24 00:07:50:100  RZBLog(RZBLogLevelSimulatedDevice): peripheralManager:didReceiveWriteRequests: -  @[6E40FEC3-B5A3-F393-E0A9-E50E24DCCA9E]
2016/12/24 00:07:50:101  Processed request with page number 25 for SpecificTrainerDataPage with response <TACPageSpecificTrainerDataPage|cadenceRPM:0|powerW:200>
2016/12/24 00:07:50:102  RZBLog(RZBLogLevelSimulation): Not responding to write without response
2016/12/24 00:07:50:102  RZBLog(RZBLogLevelDelegate): peripheral:didUpdateValueForCharacteristic:error: - 0723B5AF-B0DD-4111-BBC6-819CA9550DBF 6E40FEC2-B5A3-F393-E0A9-E50E24DCCA9E (null)
2016/12/24 00:07:50:103  RZBLog(RZBLogLevelDelegateValue): Value=<a4090000 19000000 00c80000>
2016/12/24 00:07:50:111  Notify with data <a4090000 19000000 00c80000> for characteristic 6E40FEC2-B5A3-F393-E0A9-E50E24DCCA9E parsed as <TACPageSpecificTrainerDataPage|cadenceRPM:0|powerW:200>
2016/12/24 00:07:50:116  <reader_timed_Distance> requested GeneralFEDataPage:<TACPageRequestPage|requestPage:16>
2016/12/24 00:07:50:118  RZBLog(RZBLogLevelCommand): 0723B5AF-B0DD-4111-BBC6-819CA9550DBF writeData:<data> forCharacteristic:6E40FEC3-B5A3-F393-E0A9-E50E24DCCA9E type:1
2016/12/24 00:07:50:119  RZBLog(RZBLogLevelWriteCommandData): Data=<a4094f05 46ffffff ff801001 30>
2016/12/24 00:07:50:124  RZBLog(RZBLogLevelSimulatedDevice): peripheralManager:didReceiveWriteRequests: -  @[6E40FEC3-B5A3-F393-E0A9-E50E24DCCA9E]
2016/12/24 00:07:50:125  Processed request with page number 16 for GeneralFEDataPage with response <TACPageGeneralFEDataPage|speed:0|distance:0>
2016/12/24 00:07:50:126  RZBLog(RZBLogLevelSimulation): Not responding to write without response
2016/12/24 00:07:50:126  RZBLog(RZBLogLevelDelegate): peripheral:didUpdateValueForCharacteristic:error: - 0723B5AF-B0DD-4111-BBC6-819CA9550DBF 6E40FEC2-B5A3-F393-E0A9-E50E24DCCA9E (null)
2016/12/24 00:07:50:126  RZBLog(RZBLogLevelDelegateValue): Value=<a4090000 10000000 00000020>
2016/12/24 00:07:50:128  Notify with data <a4090000 10000000 00000020> for characteristic 6E40FEC2-B5A3-F393-E0A9-E50E24DCCA9E parsed as <TACPageGeneralFEDataPage|speed:0|distance:0>
2016/12/24 00:07:50:130  <reader_timed_Speed> requested GeneralFEDataPage:<TACPageRequestPage|requestPage:16>
2016/12/24 00:07:50:131  RZBLog(RZBLogLevelCommand): 0723B5AF-B0DD-4111-BBC6-819CA9550DBF writeData:<data> forCharacteristic:6E40FEC3-B5A3-F393-E0A9-E50E24DCCA9E type:1
2016/12/24 00:07:50:131  RZBLog(RZBLogLevelWriteCommandData): Data=<a4094f05 46ffffff ff801001 30>
2016/12/24 00:07:50:133  RZBLog(RZBLogLevelSimulatedDevice): peripheralManager:didReceiveWriteRequests: -  @[6E40FEC3-B5A3-F393-E0A9-E50E24DCCA9E]
2016/12/24 00:07:50:133  Processed request with page number 16 for GeneralFEDataPage with response <TACPageGeneralFEDataPage|speed:0|distance:0>
2016/12/24 00:07:50:134  RZBLog(RZBLogLevelSimulation): Not responding to write without response
2016/12/24 00:07:50:134  RZBLog(RZBLogLevelDelegate): peripheral:didUpdateValueForCharacteristic:error: - 0723B5AF-B0DD-4111-BBC6-819CA9550DBF 6E40FEC2-B5A3-F393-E0A9-E50E24DCCA9E (null)
2016/12/24 00:07:50:134  RZBLog(RZBLogLevelDelegateValue): Value=<a4090000 10000000 00000020>
2016/12/24 00:07:50:135  Notify with data <a4090000 10000000 00000020> for characteristic 6E40FEC2-B5A3-F393-E0A9-E50E24DCCA9E parsed as <TACPageGeneralFEDataPage|speed:0|distance:0>
2016/12/24 00:07:51:048  <reader_timed_Altitude> requested TrackResistance:<TACPageRequestPage|requestPage:51>
2016/12/24 00:07:51:049  RZBLog(RZBLogLevelCommand): 0723B5AF-B0DD-4111-BBC6-819CA9550DBF writeData:<data> forCharacteristic:6E40FEC3-B5A3-F393-E0A9-E50E24DCCA9E type:1
2016/12/24 00:07:51:050  RZBLog(RZBLogLevelWriteCommandData): Data=<a4094f05 46ffffff ff803301 13>
2016/12/24 00:07:51:051  RZBLog(RZBLogLevelSimulatedDevice): peripheralManager:didReceiveWriteRequests: -  @[6E40FEC3-B5A3-F393-E0A9-E50E24DCCA9E]
2016/12/24 00:07:51:051  Processed request with page number 51 for TrackResistance with response <TACPageTrackResistance|gradePercent:0.00|rollingResistance:0.00>
2016/12/24 00:07:51:052  RZBLog(RZBLogLevelSimulation): Not responding to write without response
2016/12/24 00:07:51:052  RZBLog(RZBLogLevelDelegate): peripheral:didUpdateValueForCharacteristic:error: - 0723B5AF-B0DD-4111-BBC6-819CA9550DBF 6E40FEC2-B5A3-F393-E0A9-E50E24DCCA9E (null)
2016/12/24 00:07:51:053  RZBLog(RZBLogLevelDelegateValue): Value=<a4090000 33000000 00204e00>
2016/12/24 00:07:51:053  Notify with data <a4090000 33000000 00204e00> for characteristic 6E40FEC2-B5A3-F393-E0A9-E50E24DCCA9E parsed as <TACPageTrackResistance|gradePercent:0.00|rollingResistance:0.00>
2016/12/24 00:07:51:069  <reader_timed_RPM> requested SpecificTrainerDataPage:<TACPageRequestPage|requestPage:25>
2016/12/24 00:07:51:069  <reader_timed_Distance> requested GeneralFEDataPage:<TACPageRequestPage|requestPage:16>
2016/12/24 00:07:51:069  RZBLog(RZBLogLevelCommand): 0723B5AF-B0DD-4111-BBC6-819CA9550DBF writeData:<data> forCharacteristic:6E40FEC3-B5A3-F393-E0A9-E50E24DCCA9E type:1
2016/12/24 00:07:51:070  <reader_timed_Speed> requested GeneralFEDataPage:<TACPageRequestPage|requestPage:16>
2016/12/24 00:07:51:070  RZBLog(RZBLogLevelWriteCommandData): Data=<a4094f05 46ffffff ff801901 39>
2016/12/24 00:07:51:070  RZBLog(RZBLogLevelCommand): 0723B5AF-B0DD-4111-BBC6-819CA9550DBF writeData:<data> forCharacteristic:6E40FEC3-B5A3-F393-E0A9-E50E24DCCA9E type:1
2016/12/24 00:07:51:070  RZBLog(RZBLogLevelWriteCommandData): Data=<a4094f05 46ffffff ff801001 30>
2016/12/24 00:07:51:071  RZBLog(RZBLogLevelCommand): 0723B5AF-B0DD-4111-BBC6-819CA9550DBF writeData:<data> forCharacteristic:6E40FEC3-B5A3-F393-E0A9-E50E24DCCA9E type:1
2016/12/24 00:07:51:071  RZBLog(RZBLogLevelWriteCommandData): Data=<a4094f05 46ffffff ff801001 30>
2016/12/24 00:07:51:072  RZBLog(RZBLogLevelSimulatedDevice): peripheralManager:didReceiveWriteRequests: -  @[6E40FEC3-B5A3-F393-E0A9-E50E24DCCA9E]
2016/12/24 00:07:51:073  Processed request with page number 25 for SpecificTrainerDataPage with response <TACPageSpecificTrainerDataPage|cadenceRPM:0|powerW:200>
2016/12/24 00:07:51:073  RZBLog(RZBLogLevelSimulatedDevice): peripheralManager:didReceiveWriteRequests: -  @[6E40FEC3-B5A3-F393-E0A9-E50E24DCCA9E]
2016/12/24 00:07:51:075  Processed request with page number 16 for GeneralFEDataPage with response <TACPageGeneralFEDataPage|speed:0|distance:0>
2016/12/24 00:07:51:076  RZBLog(RZBLogLevelSimulatedDevice): peripheralManager:didReceiveWriteRequests: -  @[6E40FEC3-B5A3-F393-E0A9-E50E24DCCA9E]
2016/12/24 00:07:51:077  Processed request with page number 16 for GeneralFEDataPage with response <TACPageGeneralFEDataPage|speed:0|distance:0>
2016/12/24 00:07:51:082  RZBLog(RZBLogLevelSimulation): Not responding to write without response
2016/12/24 00:07:51:082  RZBLog(RZBLogLevelSimulation): Not responding to write without response
2016/12/24 00:07:51:083  RZBLog(RZBLogLevelSimulation): Not responding to write without response
2016/12/24 00:07:51:083  RZBLog(RZBLogLevelDelegate): peripheral:didUpdateValueForCharacteristic:error: - 0723B5AF-B0DD-4111-BBC6-819CA9550DBF 6E40FEC2-B5A3-F393-E0A9-E50E24DCCA9E (null)
2016/12/24 00:07:51:083  RZBLog(RZBLogLevelDelegateValue): Value=<a4090000 19000000 00c80000>
2016/12/24 00:07:51:085  Notify with data <a4090000 19000000 00c80000> for characteristic 6E40FEC2-B5A3-F393-E0A9-E50E24DCCA9E parsed as <TACPageSpecificTrainerDataPage|cadenceRPM:0|powerW:200>
2016/12/24 00:07:51:085  RZBLog(RZBLogLevelDelegate): peripheral:didUpdateValueForCharacteristic:error: - 0723B5AF-B0DD-4111-BBC6-819CA9550DBF 6E40FEC2-B5A3-F393-E0A9-E50E24DCCA9E (null)
2016/12/24 00:07:51:086  RZBLog(RZBLogLevelDelegateValue): Value=<a4090000 10000000 00000020>
2016/12/24 00:07:51:088  Notify with data <a4090000 10000000 00000020> for characteristic 6E40FEC2-B5A3-F393-E0A9-E50E24DCCA9E parsed as <TACPageGeneralFEDataPage|speed:0|distance:0>
2016/12/24 00:07:51:088  RZBLog(RZBLogLevelDelegate): peripheral:didUpdateValueForCharacteristic:error: - 0723B5AF-B0DD-4111-BBC6-819CA9550DBF 6E40FEC2-B5A3-F393-E0A9-E50E24DCCA9E (null)
2016/12/24 00:07:51:089  RZBLog(RZBLogLevelDelegateValue): Value=<a4090000 10000000 00000020>
2016/12/24 00:07:51:090  Notify with data <a4090000 10000000 00000020> for characteristic 6E40FEC2-B5A3-F393-E0A9-E50E24DCCA9E parsed as <TACPageGeneralFEDataPage|speed:0|distance:0>
2016/12/24 00:07:52:082  <reader_timed_Altitude> requested TrackResistance:<TACPageRequestPage|requestPage:51>
2016/12/24 00:07:52:083  RZBLog(RZBLogLevelCommand): 0723B5AF-B0DD-4111-BBC6-819CA9550DBF writeData:<data> forCharacteristic:6E40FEC3-B5A3-F393-E0A9-E50E24DCCA9E type:1
2016/12/24 00:07:52:083  RZBLog(RZBLogLevelWriteCommandData): Data=<a4094f05 46ffffff ff803301 13>
2016/12/24 00:07:52:083  <reader_timed_RPM> requested SpecificTrainerDataPage:<TACPageRequestPage|requestPage:25>
2016/12/24 00:07:52:083  RZBLog(RZBLogLevelSimulatedDevice): peripheralManager:didReceiveWriteRequests: -  @[6E40FEC3-B5A3-F393-E0A9-E50E24DCCA9E]
2016/12/24 00:07:52:083  <reader_timed_Distance> requested GeneralFEDataPage:<TACPageRequestPage|requestPage:16>
2016/12/24 00:07:52:083  <reader_timed_Speed> requested GeneralFEDataPage:<TACPageRequestPage|requestPage:16>
2016/12/24 00:07:52:083  Processed request with page number 51 for TrackResistance with response <TACPageTrackResistance|gradePercent:0.00|rollingResistance:0.00>
2016/12/24 00:07:52:083  RZBLog(RZBLogLevelCommand): 0723B5AF-B0DD-4111-BBC6-819CA9550DBF writeData:<data> forCharacteristic:6E40FEC3-B5A3-F393-E0A9-E50E24DCCA9E type:1
2016/12/24 00:07:52:083  RZBLog(RZBLogLevelWriteCommandData): Data=<a4094f05 46ffffff ff801901 39>
2016/12/24 00:07:52:083  RZBLog(RZBLogLevelCommand): 0723B5AF-B0DD-4111-BBC6-819CA9550DBF writeData:<data> forCharacteristic:6E40FEC3-B5A3-F393-E0A9-E50E24DCCA9E type:1
2016/12/24 00:07:52:083  RZBLog(RZBLogLevelWriteCommandData): Data=<a4094f05 46ffffff ff801001 30>
2016/12/24 00:07:52:083  RZBLog(RZBLogLevelCommand): 0723B5AF-B0DD-4111-BBC6-819CA9550DBF writeData:<data> forCharacteristic:6E40FEC3-B5A3-F393-E0A9-E50E24DCCA9E type:1
2016/12/24 00:07:52:083  RZBLog(RZBLogLevelWriteCommandData): Data=<a4094f05 46ffffff ff801001 30>
2016/12/24 00:07:52:083  RZBLog(RZBLogLevelSimulation): Not responding to write without response
2016/12/24 00:07:52:083  RZBLog(RZBLogLevelDelegate): peripheral:didUpdateValueForCharacteristic:error: - 0723B5AF-B0DD-4111-BBC6-819CA9550DBF 6E40FEC2-B5A3-F393-E0A9-E50E24DCCA9E (null)
2016/12/24 00:07:52:083  RZBLog(RZBLogLevelDelegateValue): Value=<a4090000 33000000 00204e00>
2016/12/24 00:07:52:084  Notify with data <a4090000 33000000 00204e00> for characteristic 6E40FEC2-B5A3-F393-E0A9-E50E24DCCA9E parsed as <TACPageTrackResistance|gradePercent:0.00|rollingResistance:0.00>
2016/12/24 00:07:52:084  RZBLog(RZBLogLevelSimulatedDevice): peripheralManager:didReceiveWriteRequests: -  @[6E40FEC3-B5A3-F393-E0A9-E50E24DCCA9E]
2016/12/24 00:07:52:084  Processed request with page number 25 for SpecificTrainerDataPage with response <TACPageSpecificTrainerDataPage|cadenceRPM:0|powerW:200>
2016/12/24 00:07:52:084  RZBLog(RZBLogLevelSimulatedDevice): peripheralManager:didReceiveWriteRequests: -  @[6E40FEC3-B5A3-F393-E0A9-E50E24DCCA9E]
2016/12/24 00:07:52:084  Processed request with page number 16 for GeneralFEDataPage with response <TACPageGeneralFEDataPage|speed:0|distance:0>
2016/12/24 00:07:52:084  RZBLog(RZBLogLevelSimulatedDevice): peripheralManager:didReceiveWriteRequests: -  @[6E40FEC3-B5A3-F393-E0A9-E50E24DCCA9E]
2016/12/24 00:07:52:084  Processed request with page number 16 for GeneralFEDataPage with response <TACPageGeneralFEDataPage|speed:0|distance:0>
2016/12/24 00:07:52:084  RZBLog(RZBLogLevelSimulation): Not responding to write without response
2016/12/24 00:07:52:084  RZBLog(RZBLogLevelSimulation): Not responding to write without response
2016/12/24 00:07:52:084  RZBLog(RZBLogLevelSimulation): Not responding to write without response
2016/12/24 00:07:52:084  RZBLog(RZBLogLevelDelegate): peripheral:didUpdateValueForCharacteristic:error: - 0723B5AF-B0DD-4111-BBC6-819CA9550DBF 6E40FEC2-B5A3-F393-E0A9-E50E24DCCA9E (null)
2016/12/24 00:07:52:084  RZBLog(RZBLogLevelDelegateValue): Value=<a4090000 19000000 00c80000>
2016/12/24 00:07:52:085  Notify with data <a4090000 19000000 00c80000> for characteristic 6E40FEC2-B5A3-F393-E0A9-E50E24DCCA9E parsed as <TACPageSpecificTrainerDataPage|cadenceRPM:0|powerW:200>
2016/12/24 00:07:52:085  RZBLog(RZBLogLevelDelegate): peripheral:didUpdateValueForCharacteristic:error: - 0723B5AF-B0DD-4111-BBC6-819CA9550DBF 6E40FEC2-B5A3-F393-E0A9-E50E24DCCA9E (null)
2016/12/24 00:07:52:085  RZBLog(RZBLogLevelDelegateValue): Value=<a4090000 10000000 00000020>
2016/12/24 00:07:52:085  Notify with data <a4090000 10000000 00000020> for characteristic 6E40FEC2-B5A3-F393-E0A9-E50E24DCCA9E parsed as <TACPageGeneralFEDataPage|speed:0|distance:0>
2016/12/24 00:07:52:085  RZBLog(RZBLogLevelDelegate): peripheral:didUpdateValueForCharacteristic:error: - 0723B5AF-B0DD-4111-BBC6-819CA9550DBF 6E40FEC2-B5A3-F393-E0A9-E50E24DCCA9E (null)
2016/12/24 00:07:52:085  RZBLog(RZBLogLevelDelegateValue): Value=<a4090000 10000000 00000020>
2016/12/24 00:07:52:085  Notify with data <a4090000 10000000 00000020> for characteristic 6E40FEC2-B5A3-F393-E0A9-E50E24DCCA9E parsed as <TACPageGeneralFEDataPage|speed:0|distance:0>
2016/12/24 00:07:53:086  <reader_timed_Altitude> requested TrackResistance:<TACPageRequestPage|requestPage:51>
2016/12/24 00:07:53:087  RZBLog(RZBLogLevelCommand): 0723B5AF-B0DD-4111-BBC6-819CA9550DBF writeData:<data> forCharacteristic:6E40FEC3-B5A3-F393-E0A9-E50E24DCCA9E type:1
2016/12/24 00:07:53:087  RZBLog(RZBLogLevelWriteCommandData): Data=<a4094f05 46ffffff ff803301 13>
2016/12/24 00:07:53:089  RZBLog(RZBLogLevelSimulatedDevice): peripheralManager:didReceiveWriteRequests: -  @[6E40FEC3-B5A3-F393-E0A9-E50E24DCCA9E]
2016/12/24 00:07:53:090  Processed request with page number 51 for TrackResistance with response <TACPageTrackResistance|gradePercent:0.00|rollingResistance:0.00>
2016/12/24 00:07:53:099  RZBLog(RZBLogLevelSimulation): Not responding to write without response
2016/12/24 00:07:53:099  RZBLog(RZBLogLevelDelegate): peripheral:didUpdateValueForCharacteristic:error: - 0723B5AF-B0DD-4111-BBC6-819CA9550DBF 6E40FEC2-B5A3-F393-E0A9-E50E24DCCA9E (null)
2016/12/24 00:07:53:100  RZBLog(RZBLogLevelDelegateValue): Value=<a4090000 33000000 00204e00>
2016/12/24 00:07:53:100  Notify with data <a4090000 33000000 00204e00> for characteristic 6E40FEC2-B5A3-F393-E0A9-E50E24DCCA9E parsed as <TACPageTrackResistance|gradePercent:0.00|rollingResistance:0.00>
2016/12/24 00:07:53:121  <reader_timed_RPM> requested SpecificTrainerDataPage:<TACPageRequestPage|requestPage:25>
2016/12/24 00:07:53:124  RZBLog(RZBLogLevelCommand): 0723B5AF-B0DD-4111-BBC6-819CA9550DBF writeData:<data> forCharacteristic:6E40FEC3-B5A3-F393-E0A9-E50E24DCCA9E type:1
2016/12/24 00:07:53:127  RZBLog(RZBLogLevelWriteCommandData): Data=<a4094f05 46ffffff ff801901 39>
2016/12/24 00:07:53:128  RZBLog(RZBLogLevelSimulatedDevice): peripheralManager:didReceiveWriteRequests: -  @[6E40FEC3-B5A3-F393-E0A9-E50E24DCCA9E]
2016/12/24 00:07:53:128  Processed request with page number 25 for SpecificTrainerDataPage with response <TACPageSpecificTrainerDataPage|cadenceRPM:0|powerW:200>
2016/12/24 00:07:53:130  RZBLog(RZBLogLevelSimulation): Not responding to write without response
2016/12/24 00:07:53:130  RZBLog(RZBLogLevelDelegate): peripheral:didUpdateValueForCharacteristic:error: - 0723B5AF-B0DD-4111-BBC6-819CA9550DBF 6E40FEC2-B5A3-F393-E0A9-E50E24DCCA9E (null)
2016/12/24 00:07:53:130  RZBLog(RZBLogLevelDelegateValue): Value=<a4090000 19000000 00c80000>
2016/12/24 00:07:53:132  Notify with data <a4090000 19000000 00c80000> for characteristic 6E40FEC2-B5A3-F393-E0A9-E50E24DCCA9E parsed as <TACPageSpecificTrainerDataPage|cadenceRPM:0|powerW:200>
2016/12/24 00:07:53:138  <reader_timed_Distance> requested GeneralFEDataPage:<TACPageRequestPage|requestPage:16>
2016/12/24 00:07:53:140  RZBLog(RZBLogLevelCommand): 0723B5AF-B0DD-4111-BBC6-819CA9550DBF writeData:<data> forCharacteristic:6E40FEC3-B5A3-F393-E0A9-E50E24DCCA9E type:1
2016/12/24 00:07:53:140  RZBLog(RZBLogLevelWriteCommandData): Data=<a4094f05 46ffffff ff801001 30>
2016/12/24 00:07:53:140  RZBLog(RZBLogLevelSimulatedDevice): peripheralManager:didReceiveWriteRequests: -  @[6E40FEC3-B5A3-F393-E0A9-E50E24DCCA9E]
2016/12/24 00:07:53:141  Processed request with page number 16 for GeneralFEDataPage with response <TACPageGeneralFEDataPage|speed:0|distance:0>
2016/12/24 00:07:53:142  RZBLog(RZBLogLevelSimulation): Not responding to write without response
2016/12/24 00:07:53:142  RZBLog(RZBLogLevelDelegate): peripheral:didUpdateValueForCharacteristic:error: - 0723B5AF-B0DD-4111-BBC6-819CA9550DBF 6E40FEC2-B5A3-F393-E0A9-E50E24DCCA9E (null)
2016/12/24 00:07:53:142  RZBLog(RZBLogLevelDelegateValue): Value=<a4090000 10000000 00000020>
2016/12/24 00:07:53:143  Notify with data <a4090000 10000000 00000020> for characteristic 6E40FEC2-B5A3-F393-E0A9-E50E24DCCA9E parsed as <TACPageGeneralFEDataPage|speed:0|distance:0>
2016/12/24 00:07:53:144  <reader_timed_Speed> requested GeneralFEDataPage:<TACPageRequestPage|requestPage:16>
2016/12/24 00:07:53:144  RZBLog(RZBLogLevelCommand): 0723B5AF-B0DD-4111-BBC6-819CA9550DBF writeData:<data> forCharacteristic:6E40FEC3-B5A3-F393-E0A9-E50E24DCCA9E type:1
2016/12/24 00:07:53:144  RZBLog(RZBLogLevelWriteCommandData): Data=<a4094f05 46ffffff ff801001 30>
2016/12/24 00:07:53:144  RZBLog(RZBLogLevelSimulatedDevice): peripheralManager:didReceiveWriteRequests: -  @[6E40FEC3-B5A3-F393-E0A9-E50E24DCCA9E]
2016/12/24 00:07:53:145  Processed request with page number 16 for GeneralFEDataPage with response <TACPageGeneralFEDataPage|speed:0|distance:0>
2016/12/24 00:07:53:145  RZBLog(RZBLogLevelDelegate): peripheral:didUpdateValueForCharacteristic:error: - 0723B5AF-B0DD-4111-BBC6-819CA9550DBF 6E40FEC2-B5A3-F393-E0A9-E50E24DCCA9E (null)
2016/12/24 00:07:53:145  RZBLog(RZBLogLevelDelegateValue): Value=<a4090000 10000000 00000020>
2016/12/24 00:07:53:146  Notify with data <a4090000 10000000 00000020> for characteristic 6E40FEC2-B5A3-F393-E0A9-E50E24DCCA9E parsed as <TACPageGeneralFEDataPage|speed:0|distance:0>
2016/12/24 00:07:53:146  RZBLog(RZBLogLevelSimulation): Not responding to write without response
2016/12/24 00:07:54:093  <reader_timed_Altitude> requested TrackResistance:<TACPageRequestPage|requestPage:51>
2016/12/24 00:07:54:093  RZBLog(RZBLogLevelCommand): 0723B5AF-B0DD-4111-BBC6-819CA9550DBF writeData:<data> forCharacteristic:6E40FEC3-B5A3-F393-E0A9-E50E24DCCA9E type:1
2016/12/24 00:07:54:094  RZBLog(RZBLogLevelWriteCommandData): Data=<a4094f05 46ffffff ff803301 13>
2016/12/24 00:07:54:097  RZBLog(RZBLogLevelSimulatedDevice): peripheralManager:didReceiveWriteRequests: -  @[6E40FEC3-B5A3-F393-E0A9-E50E24DCCA9E]
2016/12/24 00:07:54:097  Processed request with page number 51 for TrackResistance with response <TACPageTrackResistance|gradePercent:0.00|rollingResistance:0.00>
2016/12/24 00:07:54:098  RZBLog(RZBLogLevelSimulation): Not responding to write without response
2016/12/24 00:07:54:099  RZBLog(RZBLogLevelDelegate): peripheral:didUpdateValueForCharacteristic:error: - 0723B5AF-B0DD-4111-BBC6-819CA9550DBF 6E40FEC2-B5A3-F393-E0A9-E50E24DCCA9E (null)
2016/12/24 00:07:54:099  RZBLog(RZBLogLevelDelegateValue): Value=<a4090000 33000000 00204e00>
2016/12/24 00:07:54:099  Notify with data <a4090000 33000000 00204e00> for characteristic 6E40FEC2-B5A3-F393-E0A9-E50E24DCCA9E parsed as <TACPageTrackResistance|gradePercent:0.00|rollingResistance:0.00>
2016/12/24 00:07:54:120  <reader_timed_RPM> requested SpecificTrainerDataPage:<TACPageRequestPage|requestPage:25>
2016/12/24 00:07:54:121  RZBLog(RZBLogLevelCommand): 0723B5AF-B0DD-4111-BBC6-819CA9550DBF writeData:<data> forCharacteristic:6E40FEC3-B5A3-F393-E0A9-E50E24DCCA9E type:1
2016/12/24 00:07:54:121  RZBLog(RZBLogLevelWriteCommandData): Data=<a4094f05 46ffffff ff801901 39>
2016/12/24 00:07:54:122  RZBLog(RZBLogLevelSimulatedDevice): peripheralManager:didReceiveWriteRequests: -  @[6E40FEC3-B5A3-F393-E0A9-E50E24DCCA9E]
2016/12/24 00:07:54:122  Processed request with page number 25 for SpecificTrainerDataPage with response <TACPageSpecificTrainerDataPage|cadenceRPM:0|powerW:200>
2016/12/24 00:07:54:123  RZBLog(RZBLogLevelSimulation): Not responding to write without response
2016/12/24 00:07:54:123  RZBLog(RZBLogLevelDelegate): peripheral:didUpdateValueForCharacteristic:error: - 0723B5AF-B0DD-4111-BBC6-819CA9550DBF 6E40FEC2-B5A3-F393-E0A9-E50E24DCCA9E (null)
2016/12/24 00:07:54:124  RZBLog(RZBLogLevelDelegateValue): Value=<a4090000 19000000 00c80000>
2016/12/24 00:07:54:126  Notify with data <a4090000 19000000 00c80000> for characteristic 6E40FEC2-B5A3-F393-E0A9-E50E24DCCA9E parsed as <TACPageSpecificTrainerDataPage|cadenceRPM:0|powerW:200>
2016/12/24 00:07:54:131  <reader_timed_Distance> requested GeneralFEDataPage:<TACPageRequestPage|requestPage:16>
2016/12/24 00:07:54:132  RZBLog(RZBLogLevelCommand): 0723B5AF-B0DD-4111-BBC6-819CA9550DBF writeData:<data> forCharacteristic:6E40FEC3-B5A3-F393-E0A9-E50E24DCCA9E type:1
2016/12/24 00:07:54:138  RZBLog(RZBLogLevelWriteCommandData): Data=<a4094f05 46ffffff ff801001 30>
2016/12/24 00:07:54:139  RZBLog(RZBLogLevelSimulatedDevice): peripheralManager:didReceiveWriteRequests: -  @[6E40FEC3-B5A3-F393-E0A9-E50E24DCCA9E]
2016/12/24 00:07:54:139  <reader_timed_Speed> requested GeneralFEDataPage:<TACPageRequestPage|requestPage:16>
2016/12/24 00:07:54:139  Processed request with page number 16 for GeneralFEDataPage with response <TACPageGeneralFEDataPage|speed:0|distance:0>
2016/12/24 00:07:54:140  RZBLog(RZBLogLevelCommand): 0723B5AF-B0DD-4111-BBC6-819CA9550DBF writeData:<data> forCharacteristic:6E40FEC3-B5A3-F393-E0A9-E50E24DCCA9E type:1
2016/12/24 00:07:54:140  RZBLog(RZBLogLevelWriteCommandData): Data=<a4094f05 46ffffff ff801001 30>
2016/12/24 00:07:54:140  RZBLog(RZBLogLevelSimulation): Not responding to write without response
2016/12/24 00:07:54:140  RZBLog(RZBLogLevelDelegate): peripheral:didUpdateValueForCharacteristic:error: - 0723B5AF-B0DD-4111-BBC6-819CA9550DBF 6E40FEC2-B5A3-F393-E0A9-E50E24DCCA9E (null)
2016/12/24 00:07:54:140  RZBLog(RZBLogLevelDelegateValue): Value=<a4090000 10000000 00000020>
2016/12/24 00:07:54:141  Notify with data <a4090000 10000000 00000020> for characteristic 6E40FEC2-B5A3-F393-E0A9-E50E24DCCA9E parsed as <TACPageGeneralFEDataPage|speed:0|distance:0>
2016/12/24 00:07:54:141  RZBLog(RZBLogLevelSimulatedDevice): peripheralManager:didReceiveWriteRequests: -  @[6E40FEC3-B5A3-F393-E0A9-E50E24DCCA9E]
2016/12/24 00:07:54:141  Processed request with page number 16 for GeneralFEDataPage with response <TACPageGeneralFEDataPage|speed:0|distance:0>
2016/12/24 00:07:54:142  RZBLog(RZBLogLevelSimulation): Not responding to write without response
2016/12/24 00:07:54:142  RZBLog(RZBLogLevelDelegate): peripheral:didUpdateValueForCharacteristic:error: - 0723B5AF-B0DD-4111-BBC6-819CA9550DBF 6E40FEC2-B5A3-F393-E0A9-E50E24DCCA9E (null)
2016/12/24 00:07:54:142  RZBLog(RZBLogLevelDelegateValue): Value=<a4090000 10000000 00000020>
2016/12/24 00:07:54:143  Notify with data <a4090000 10000000 00000020> for characteristic 6E40FEC2-B5A3-F393-E0A9-E50E24DCCA9E parsed as <TACPageGeneralFEDataPage|speed:0|distance:0>
2016/12/24 00:07:55:088  <reader_timed_Altitude> requested TrackResistance:<TACPageRequestPage|requestPage:51>
2016/12/24 00:07:55:090  RZBLog(RZBLogLevelCommand): 0723B5AF-B0DD-4111-BBC6-819CA9550DBF writeData:<data> forCharacteristic:6E40FEC3-B5A3-F393-E0A9-E50E24DCCA9E type:1
2016/12/24 00:07:55:090  RZBLog(RZBLogLevelWriteCommandData): Data=<a4094f05 46ffffff ff803301 13>
2016/12/24 00:07:55:091  RZBLog(RZBLogLevelSimulatedDevice): peripheralManager:didReceiveWriteRequests: -  @[6E40FEC3-B5A3-F393-E0A9-E50E24DCCA9E]
2016/12/24 00:07:55:091  Processed request with page number 51 for TrackResistance with response <TACPageTrackResistance|gradePercent:0.00|rollingResistance:0.00>
2016/12/24 00:07:55:092  RZBLog(RZBLogLevelSimulation): Not responding to write without response
2016/12/24 00:07:55:093  RZBLog(RZBLogLevelDelegate): peripheral:didUpdateValueForCharacteristic:error: - 0723B5AF-B0DD-4111-BBC6-819CA9550DBF 6E40FEC2-B5A3-F393-E0A9-E50E24DCCA9E (null)
2016/12/24 00:07:55:093  RZBLog(RZBLogLevelDelegateValue): Value=<a4090000 33000000 00204e00>
2016/12/24 00:07:55:094  Notify with data <a4090000 33000000 00204e00> for characteristic 6E40FEC2-B5A3-F393-E0A9-E50E24DCCA9E parsed as <TACPageTrackResistance|gradePercent:0.00|rollingResistance:0.00>
2016/12/24 00:07:55:100  <reader_timed_RPM> requested SpecificTrainerDataPage:<TACPageRequestPage|requestPage:25>
2016/12/24 00:07:55:101  RZBLog(RZBLogLevelCommand): 0723B5AF-B0DD-4111-BBC6-819CA9550DBF writeData:<data> forCharacteristic:6E40FEC3-B5A3-F393-E0A9-E50E24DCCA9E type:1
2016/12/24 00:07:55:101  RZBLog(RZBLogLevelWriteCommandData): Data=<a4094f05 46ffffff ff801901 39>
2016/12/24 00:07:55:102  RZBLog(RZBLogLevelSimulatedDevice): peripheralManager:didReceiveWriteRequests: -  @[6E40FEC3-B5A3-F393-E0A9-E50E24DCCA9E]
2016/12/24 00:07:55:120  Processed request with page number 25 for SpecificTrainerDataPage with response <TACPageSpecificTrainerDataPage|cadenceRPM:0|powerW:200>
2016/12/24 00:07:55:120  RZBLog(RZBLogLevelSimulation): Not responding to write without response
2016/12/24 00:07:55:121  RZBLog(RZBLogLevelDelegate): peripheral:didUpdateValueForCharacteristic:error: - 0723B5AF-B0DD-4111-BBC6-819CA9550DBF 6E40FEC2-B5A3-F393-E0A9-E50E24DCCA9E (null)
2016/12/24 00:07:55:121  RZBLog(RZBLogLevelDelegateValue): Value=<a4090000 19000000 00c80000>
2016/12/24 00:07:55:122  Notify with data <a4090000 19000000 00c80000> for characteristic 6E40FEC2-B5A3-F393-E0A9-E50E24DCCA9E parsed as <TACPageSpecificTrainerDataPage|cadenceRPM:0|powerW:200>
2016/12/24 00:07:55:125  <reader_timed_Distance> requested GeneralFEDataPage:<TACPageRequestPage|requestPage:16>
2016/12/24 00:07:55:133  RZBLog(RZBLogLevelCommand): 0723B5AF-B0DD-4111-BBC6-819CA9550DBF writeData:<data> forCharacteristic:6E40FEC3-B5A3-F393-E0A9-E50E24DCCA9E type:1
2016/12/24 00:07:55:134  RZBLog(RZBLogLevelWriteCommandData): Data=<a4094f05 46ffffff ff801001 30>
2016/12/24 00:07:55:134  RZBLog(RZBLogLevelSimulatedDevice): peripheralManager:didReceiveWriteRequests: -  @[6E40FEC3-B5A3-F393-E0A9-E50E24DCCA9E]
2016/12/24 00:07:55:135  Processed request with page number 16 for GeneralFEDataPage with response <TACPageGeneralFEDataPage|speed:0|distance:0>
2016/12/24 00:07:55:136  RZBLog(RZBLogLevelSimulation): Not responding to write without response
2016/12/24 00:07:55:136  RZBLog(RZBLogLevelDelegate): peripheral:didUpdateValueForCharacteristic:error: - 0723B5AF-B0DD-4111-BBC6-819CA9550DBF 6E40FEC2-B5A3-F393-E0A9-E50E24DCCA9E (null)
2016/12/24 00:07:55:136  RZBLog(RZBLogLevelDelegateValue): Value=<a4090000 10000000 00000020>
2016/12/24 00:07:55:140  Notify with data <a4090000 10000000 00000020> for characteristic 6E40FEC2-B5A3-F393-E0A9-E50E24DCCA9E parsed as <TACPageGeneralFEDataPage|speed:0|distance:0>
2016/12/24 00:07:55:141  <reader_timed_Speed> requested GeneralFEDataPage:<TACPageRequestPage|requestPage:16>
2016/12/24 00:07:55:141  RZBLog(RZBLogLevelCommand): 0723B5AF-B0DD-4111-BBC6-819CA9550DBF writeData:<data> forCharacteristic:6E40FEC3-B5A3-F393-E0A9-E50E24DCCA9E type:1
2016/12/24 00:07:55:141  RZBLog(RZBLogLevelWriteCommandData): Data=<a4094f05 46ffffff ff801001 30>
2016/12/24 00:07:55:142  RZBLog(RZBLogLevelSimulatedDevice): peripheralManager:didReceiveWriteRequests: -  @[6E40FEC3-B5A3-F393-E0A9-E50E24DCCA9E]
2016/12/24 00:07:55:142  Processed request with page number 16 for GeneralFEDataPage with response <TACPageGeneralFEDataPage|speed:0|distance:0>
2016/12/24 00:07:55:143  RZBLog(RZBLogLevelSimulation): Not responding to write without response
2016/12/24 00:07:55:143  RZBLog(RZBLogLevelDelegate): peripheral:didUpdateValueForCharacteristic:error: - 0723B5AF-B0DD-4111-BBC6-819CA9550DBF 6E40FEC2-B5A3-F393-E0A9-E50E24DCCA9E (null)
2016/12/24 00:07:55:143  RZBLog(RZBLogLevelDelegateValue): Value=<a4090000 10000000 00000020>
2016/12/24 00:07:55:145  Notify with data <a4090000 10000000 00000020> for characteristic 6E40FEC2-B5A3-F393-E0A9-E50E24DCCA9E parsed as <TACPageGeneralFEDataPage|speed:0|distance:0>
2016/12/24 00:07:56:063  <reader_timed_Altitude> requested TrackResistance:<TACPageRequestPage|requestPage:51>
2016/12/24 00:07:56:064  RZBLog(RZBLogLevelCommand): 0723B5AF-B0DD-4111-BBC6-819CA9550DBF writeData:<data> forCharacteristic:6E40FEC3-B5A3-F393-E0A9-E50E24DCCA9E type:1
2016/12/24 00:07:56:064  RZBLog(RZBLogLevelWriteCommandData): Data=<a4094f05 46ffffff ff803301 13>
2016/12/24 00:07:56:065  RZBLog(RZBLogLevelSimulatedDevice): peripheralManager:didReceiveWriteRequests: -  @[6E40FEC3-B5A3-F393-E0A9-E50E24DCCA9E]
2016/12/24 00:07:56:066  Processed request with page number 51 for TrackResistance with response <TACPageTrackResistance|gradePercent:0.00|rollingResistance:0.00>
2016/12/24 00:07:56:067  RZBLog(RZBLogLevelSimulation): Not responding to write without response
2016/12/24 00:07:56:067  RZBLog(RZBLogLevelDelegate): peripheral:didUpdateValueForCharacteristic:error: - 0723B5AF-B0DD-4111-BBC6-819CA9550DBF 6E40FEC2-B5A3-F393-E0A9-E50E24DCCA9E (null)
2016/12/24 00:07:56:067  RZBLog(RZBLogLevelDelegateValue): Value=<a4090000 33000000 00204e00>
2016/12/24 00:07:56:068  Notify with data <a4090000 33000000 00204e00> for characteristic 6E40FEC2-B5A3-F393-E0A9-E50E24DCCA9E parsed as <TACPageTrackResistance|gradePercent:0.00|rollingResistance:0.00>
2016/12/24 00:07:56:080  <reader_timed_RPM> requested SpecificTrainerDataPage:<TACPageRequestPage|requestPage:25>
2016/12/24 00:07:56:082  RZBLog(RZBLogLevelCommand): 0723B5AF-B0DD-4111-BBC6-819CA9550DBF writeData:<data> forCharacteristic:6E40FEC3-B5A3-F393-E0A9-E50E24DCCA9E type:1
2016/12/24 00:07:56:082  RZBLog(RZBLogLevelWriteCommandData): Data=<a4094f05 46ffffff ff801901 39>
2016/12/24 00:07:56:083  RZBLog(RZBLogLevelSimulatedDevice): peripheralManager:didReceiveWriteRequests: -  @[6E40FEC3-B5A3-F393-E0A9-E50E24DCCA9E]
2016/12/24 00:07:56:083  Processed request with page number 25 for SpecificTrainerDataPage with response <TACPageSpecificTrainerDataPage|cadenceRPM:0|powerW:200>
2016/12/24 00:07:56:084  RZBLog(RZBLogLevelSimulation): Not responding to write without response
2016/12/24 00:07:56:085  RZBLog(RZBLogLevelDelegate): peripheral:didUpdateValueForCharacteristic:error: - 0723B5AF-B0DD-4111-BBC6-819CA9550DBF 6E40FEC2-B5A3-F393-E0A9-E50E24DCCA9E (null)
2016/12/24 00:07:56:085  RZBLog(RZBLogLevelDelegateValue): Value=<a4090000 19000000 00c80000>
2016/12/24 00:07:56:086  Notify with data <a4090000 19000000 00c80000> for characteristic 6E40FEC2-B5A3-F393-E0A9-E50E24DCCA9E parsed as <TACPageSpecificTrainerDataPage|cadenceRPM:0|powerW:200>
2016/12/24 00:07:56:088  <reader_timed_Distance> requested GeneralFEDataPage:<TACPageRequestPage|requestPage:16>
2016/12/24 00:07:56:091  RZBLog(RZBLogLevelCommand): 0723B5AF-B0DD-4111-BBC6-819CA9550DBF writeData:<data> forCharacteristic:6E40FEC3-B5A3-F393-E0A9-E50E24DCCA9E type:1
2016/12/24 00:07:56:091  RZBLog(RZBLogLevelWriteCommandData): Data=<a4094f05 46ffffff ff801001 30>
2016/12/24 00:07:56:092  RZBLog(RZBLogLevelSimulatedDevice): peripheralManager:didReceiveWriteRequests: -  @[6E40FEC3-B5A3-F393-E0A9-E50E24DCCA9E]
2016/12/24 00:07:56:092  <reader_timed_Speed> requested GeneralFEDataPage:<TACPageRequestPage|requestPage:16>
2016/12/24 00:07:56:093  Processed request with page number 16 for GeneralFEDataPage with response <TACPageGeneralFEDataPage|speed:0|distance:0>
2016/12/24 00:07:56:094  RZBLog(RZBLogLevelSimulation): Not responding to write without response
2016/12/24 00:07:56:094  RZBLog(RZBLogLevelDelegate): peripheral:didUpdateValueForCharacteristic:error: - 0723B5AF-B0DD-4111-BBC6-819CA9550DBF 6E40FEC2-B5A3-F393-E0A9-E50E24DCCA9E (null)
2016/12/24 00:07:56:094  RZBLog(RZBLogLevelDelegateValue): Value=<a4090000 10000000 00000020>
2016/12/24 00:07:56:100  Notify with data <a4090000 10000000 00000020> for characteristic 6E40FEC2-B5A3-F393-E0A9-E50E24DCCA9E parsed as <TACPageGeneralFEDataPage|speed:0|distance:0>
2016/12/24 00:07:56:101  RZBLog(RZBLogLevelCommand): 0723B5AF-B0DD-4111-BBC6-819CA9550DBF writeData:<data> forCharacteristic:6E40FEC3-B5A3-F393-E0A9-E50E24DCCA9E type:1
2016/12/24 00:07:56:101  RZBLog(RZBLogLevelWriteCommandData): Data=<a4094f05 46ffffff ff801001 30>
2016/12/24 00:07:56:101  RZBLog(RZBLogLevelSimulatedDevice): peripheralManager:didReceiveWriteRequests: -  @[6E40FEC3-B5A3-F393-E0A9-E50E24DCCA9E]
2016/12/24 00:07:56:102  Processed request with page number 16 for GeneralFEDataPage with response <TACPageGeneralFEDataPage|speed:0|distance:0>
2016/12/24 00:07:56:104  RZBLog(RZBLogLevelSimulation): Not responding to write without response
2016/12/24 00:07:56:104  RZBLog(RZBLogLevelDelegate): peripheral:didUpdateValueForCharacteristic:error: - 0723B5AF-B0DD-4111-BBC6-819CA9550DBF 6E40FEC2-B5A3-F393-E0A9-E50E24DCCA9E (null)
2016/12/24 00:07:56:105  RZBLog(RZBLogLevelDelegateValue): Value=<a4090000 10000000 00000020>
2016/12/24 00:07:56:107  Notify with data <a4090000 10000000 00000020> for characteristic 6E40FEC2-B5A3-F393-E0A9-E50E24DCCA9E parsed as <TACPageGeneralFEDataPage|speed:0|distance:0>
2016/12/24 00:07:57:023  <reader_timed_Altitude> requested TrackResistance:<TACPageRequestPage|requestPage:51>
2016/12/24 00:07:57:023  <reader_timed_RPM> requested SpecificTrainerDataPage:<TACPageRequestPage|requestPage:25>
2016/12/24 00:07:57:023  RZBLog(RZBLogLevelCommand): 0723B5AF-B0DD-4111-BBC6-819CA9550DBF writeData:<data> forCharacteristic:6E40FEC3-B5A3-F393-E0A9-E50E24DCCA9E type:1
2016/12/24 00:07:57:023  RZBLog(RZBLogLevelWriteCommandData): Data=<a4094f05 46ffffff ff803301 13>
2016/12/24 00:07:57:023  <reader_timed_Distance> requested GeneralFEDataPage:<TACPageRequestPage|requestPage:16>
2016/12/24 00:07:57:023  RZBLog(RZBLogLevelCommand): 0723B5AF-B0DD-4111-BBC6-819CA9550DBF writeData:<data> forCharacteristic:6E40FEC3-B5A3-F393-E0A9-E50E24DCCA9E type:1
2016/12/24 00:07:57:023  RZBLog(RZBLogLevelWriteCommandData): Data=<a4094f05 46ffffff ff801901 39>
2016/12/24 00:07:57:024  <reader_timed_Speed> requested GeneralFEDataPage:<TACPageRequestPage|requestPage:16>
2016/12/24 00:07:57:024  RZBLog(RZBLogLevelCommand): 0723B5AF-B0DD-4111-BBC6-819CA9550DBF writeData:<data> forCharacteristic:6E40FEC3-B5A3-F393-E0A9-E50E24DCCA9E type:1
2016/12/24 00:07:57:024  RZBLog(RZBLogLevelWriteCommandData): Data=<a4094f05 46ffffff ff801001 30>
2016/12/24 00:07:57:024  RZBLog(RZBLogLevelSimulatedDevice): peripheralManager:didReceiveWriteRequests: -  @[6E40FEC3-B5A3-F393-E0A9-E50E24DCCA9E]
2016/12/24 00:07:57:024  Processed request with page number 51 for TrackResistance with response <TACPageTrackResistance|gradePercent:0.00|rollingResistance:0.00>
2016/12/24 00:07:57:024  RZBLog(RZBLogLevelCommand): 0723B5AF-B0DD-4111-BBC6-819CA9550DBF writeData:<data> forCharacteristic:6E40FEC3-B5A3-F393-E0A9-E50E24DCCA9E type:1
2016/12/24 00:07:57:025  RZBLog(RZBLogLevelWriteCommandData): Data=<a4094f05 46ffffff ff801001 30>
2016/12/24 00:07:57:025  RZBLog(RZBLogLevelSimulatedDevice): peripheralManager:didReceiveWriteRequests: -  @[6E40FEC3-B5A3-F393-E0A9-E50E24DCCA9E]
2016/12/24 00:07:57:025  Processed request with page number 25 for SpecificTrainerDataPage with response <TACPageSpecificTrainerDataPage|cadenceRPM:0|powerW:200>
2016/12/24 00:07:57:025  RZBLog(RZBLogLevelSimulation): Not responding to write without response
2016/12/24 00:07:57:025  RZBLog(RZBLogLevelSimulatedDevice): peripheralManager:didReceiveWriteRequests: -  @[6E40FEC3-B5A3-F393-E0A9-E50E24DCCA9E]
2016/12/24 00:07:57:026  Processed request with page number 16 for GeneralFEDataPage with response <TACPageGeneralFEDataPage|speed:0|distance:0>
2016/12/24 00:07:57:027  RZBLog(RZBLogLevelSimulation): Not responding to write without response
2016/12/24 00:07:57:027  RZBLog(RZBLogLevelDelegate): peripheral:didUpdateValueForCharacteristic:error: - 0723B5AF-B0DD-4111-BBC6-819CA9550DBF 6E40FEC2-B5A3-F393-E0A9-E50E24DCCA9E (null)
2016/12/24 00:07:57:027  RZBLog(RZBLogLevelDelegateValue): Value=<a4090000 33000000 00204e00>
2016/12/24 00:07:57:027  Notify with data <a4090000 33000000 00204e00> for characteristic 6E40FEC2-B5A3-F393-E0A9-E50E24DCCA9E parsed as <TACPageTrackResistance|gradePercent:0.00|rollingResistance:0.00>
2016/12/24 00:07:57:027  RZBLog(RZBLogLevelSimulatedDevice): peripheralManager:didReceiveWriteRequests: -  @[6E40FEC3-B5A3-F393-E0A9-E50E24DCCA9E]
2016/12/24 00:07:57:027  Processed request with page number 16 for GeneralFEDataPage with response <TACPageGeneralFEDataPage|speed:0|distance:0>
2016/12/24 00:07:57:028  RZBLog(RZBLogLevelSimulation): Not responding to write without response
2016/12/24 00:07:57:028  RZBLog(RZBLogLevelDelegate): peripheral:didUpdateValueForCharacteristic:error: - 0723B5AF-B0DD-4111-BBC6-819CA9550DBF 6E40FEC2-B5A3-F393-E0A9-E50E24DCCA9E (null)
2016/12/24 00:07:57:028  RZBLog(RZBLogLevelDelegateValue): Value=<a4090000 19000000 00c80000>
2016/12/24 00:07:57:028  Notify with data <a4090000 19000000 00c80000> for characteristic 6E40FEC2-B5A3-F393-E0A9-E50E24DCCA9E parsed as <TACPageSpecificTrainerDataPage|cadenceRPM:0|powerW:200>
2016/12/24 00:07:57:029  RZBLog(RZBLogLevelSimulation): Not responding to write without response
2016/12/24 00:07:57:029  RZBLog(RZBLogLevelDelegate): peripheral:didUpdateValueForCharacteristic:error: - 0723B5AF-B0DD-4111-BBC6-819CA9550DBF 6E40FEC2-B5A3-F393-E0A9-E50E24DCCA9E (null)
2016/12/24 00:07:57:029  RZBLog(RZBLogLevelDelegateValue): Value=<a4090000 10000000 00000020>
2016/12/24 00:07:57:029  Notify with data <a4090000 10000000 00000020> for characteristic 6E40FEC2-B5A3-F393-E0A9-E50E24DCCA9E parsed as <TACPageGeneralFEDataPage|speed:0|distance:0>
2016/12/24 00:07:57:029  RZBLog(RZBLogLevelDelegate): peripheral:didUpdateValueForCharacteristic:error: - 0723B5AF-B0DD-4111-BBC6-819CA9550DBF 6E40FEC2-B5A3-F393-E0A9-E50E24DCCA9E (null)
2016/12/24 00:07:57:029  RZBLog(RZBLogLevelDelegateValue): Value=<a4090000 10000000 00000020>
2016/12/24 00:07:57:030  Notify with data <a4090000 10000000 00000020> for characteristic 6E40FEC2-B5A3-F393-E0A9-E50E24DCCA9E parsed as <TACPageGeneralFEDataPage|speed:0|distance:0>
2016/12/24 00:07:58:092  <reader_timed_Altitude> requested TrackResistance:<TACPageRequestPage|requestPage:51>
2016/12/24 00:07:58:093  RZBLog(RZBLogLevelCommand): 0723B5AF-B0DD-4111-BBC6-819CA9550DBF writeData:<data> forCharacteristic:6E40FEC3-B5A3-F393-E0A9-E50E24DCCA9E type:1
2016/12/24 00:07:58:094  RZBLog(RZBLogLevelWriteCommandData): Data=<a4094f05 46ffffff ff803301 13>
2016/12/24 00:07:58:095  RZBLog(RZBLogLevelSimulatedDevice): peripheralManager:didReceiveWriteRequests: -  @[6E40FEC3-B5A3-F393-E0A9-E50E24DCCA9E]
2016/12/24 00:07:58:096  Processed request with page number 51 for TrackResistance with response <TACPageTrackResistance|gradePercent:0.00|rollingResistance:0.00>
2016/12/24 00:07:58:098  RZBLog(RZBLogLevelSimulation): Not responding to write without response
2016/12/24 00:07:58:098  RZBLog(RZBLogLevelDelegate): peripheral:didUpdateValueForCharacteristic:error: - 0723B5AF-B0DD-4111-BBC6-819CA9550DBF 6E40FEC2-B5A3-F393-E0A9-E50E24DCCA9E (null)
2016/12/24 00:07:58:098  RZBLog(RZBLogLevelDelegateValue): Value=<a4090000 33000000 00204e00>
2016/12/24 00:07:58:099  Notify with data <a4090000 33000000 00204e00> for characteristic 6E40FEC2-B5A3-F393-E0A9-E50E24DCCA9E parsed as <TACPageTrackResistance|gradePercent:0.00|rollingResistance:0.00>
2016/12/24 00:07:58:130  <reader_timed_RPM> requested SpecificTrainerDataPage:<TACPageRequestPage|requestPage:25>
2016/12/24 00:07:58:131  RZBLog(RZBLogLevelCommand): 0723B5AF-B0DD-4111-BBC6-819CA9550DBF writeData:<data> forCharacteristic:6E40FEC3-B5A3-F393-E0A9-E50E24DCCA9E type:1
2016/12/24 00:07:58:131  RZBLog(RZBLogLevelWriteCommandData): Data=<a4094f05 46ffffff ff801901 39>
2016/12/24 00:07:58:132  RZBLog(RZBLogLevelSimulatedDevice): peripheralManager:didReceiveWriteRequests: -  @[6E40FEC3-B5A3-F393-E0A9-E50E24DCCA9E]
2016/12/24 00:07:58:132  Processed request with page number 25 for SpecificTrainerDataPage with response <TACPageSpecificTrainerDataPage|cadenceRPM:0|powerW:200>
2016/12/24 00:07:58:133  RZBLog(RZBLogLevelSimulation): Not responding to write without response
2016/12/24 00:07:58:133  RZBLog(RZBLogLevelDelegate): peripheral:didUpdateValueForCharacteristic:error: - 0723B5AF-B0DD-4111-BBC6-819CA9550DBF 6E40FEC2-B5A3-F393-E0A9-E50E24DCCA9E (null)
2016/12/24 00:07:58:133  RZBLog(RZBLogLevelDelegateValue): Value=<a4090000 19000000 00c80000>
2016/12/24 00:07:58:135  Notify with data <a4090000 19000000 00c80000> for characteristic 6E40FEC2-B5A3-F393-E0A9-E50E24DCCA9E parsed as <TACPageSpecificTrainerDataPage|cadenceRPM:0|powerW:200>
2016/12/24 00:07:58:141  <reader_timed_Distance> requested GeneralFEDataPage:<TACPageRequestPage|requestPage:16>
2016/12/24 00:07:58:142  RZBLog(RZBLogLevelCommand): 0723B5AF-B0DD-4111-BBC6-819CA9550DBF writeData:<data> forCharacteristic:6E40FEC3-B5A3-F393-E0A9-E50E24DCCA9E type:1
2016/12/24 00:07:58:142  RZBLog(RZBLogLevelWriteCommandData): Data=<a4094f05 46ffffff ff801001 30>
2016/12/24 00:07:58:143  RZBLog(RZBLogLevelSimulatedDevice): peripheralManager:didReceiveWriteRequests: -  @[6E40FEC3-B5A3-F393-E0A9-E50E24DCCA9E]
2016/12/24 00:07:58:144  Processed request with page number 16 for GeneralFEDataPage with response <TACPageGeneralFEDataPage|speed:0|distance:0>
2016/12/24 00:07:58:146  <reader_timed_Speed> requested GeneralFEDataPage:<TACPageRequestPage|requestPage:16>
2016/12/24 00:07:58:146  RZBLog(RZBLogLevelDelegate): peripheral:didUpdateValueForCharacteristic:error: - 0723B5AF-B0DD-4111-BBC6-819CA9550DBF 6E40FEC2-B5A3-F393-E0A9-E50E24DCCA9E (null)
2016/12/24 00:07:58:147  RZBLog(RZBLogLevelDelegateValue): Value=<a4090000 10000000 00000020>
2016/12/24 00:07:58:149  Notify with data <a4090000 10000000 00000020> for characteristic 6E40FEC2-B5A3-F393-E0A9-E50E24DCCA9E parsed as <TACPageGeneralFEDataPage|speed:0|distance:0>
2016/12/24 00:07:58:150  RZBLog(RZBLogLevelSimulation): Not responding to write without response
2016/12/24 00:07:58:150  RZBLog(RZBLogLevelCommand): 0723B5AF-B0DD-4111-BBC6-819CA9550DBF writeData:<data> forCharacteristic:6E40FEC3-B5A3-F393-E0A9-E50E24DCCA9E type:1
2016/12/24 00:07:58:151  RZBLog(RZBLogLevelWriteCommandData): Data=<a4094f05 46ffffff ff801001 30>
2016/12/24 00:07:58:151  RZBLog(RZBLogLevelSimulatedDevice): peripheralManager:didReceiveWriteRequests: -  @[6E40FEC3-B5A3-F393-E0A9-E50E24DCCA9E]
2016/12/24 00:07:58:151  Processed request with page number 16 for GeneralFEDataPage with response <TACPageGeneralFEDataPage|speed:0|distance:0>
2016/12/24 00:07:58:152  RZBLog(RZBLogLevelSimulation): Not responding to write without response
2016/12/24 00:07:58:152  RZBLog(RZBLogLevelDelegate): peripheral:didUpdateValueForCharacteristic:error: - 0723B5AF-B0DD-4111-BBC6-819CA9550DBF 6E40FEC2-B5A3-F393-E0A9-E50E24DCCA9E (null)
2016/12/24 00:07:58:152  RZBLog(RZBLogLevelDelegateValue): Value=<a4090000 10000000 00000020>
2016/12/24 00:07:58:153  Notify with data <a4090000 10000000 00000020> for characteristic 6E40FEC2-B5A3-F393-E0A9-E50E24DCCA9E parsed as <TACPageGeneralFEDataPage|speed:0|distance:0>
2016/12/24 00:07:59:064  <reader_timed_Altitude> requested TrackResistance:<TACPageRequestPage|requestPage:51>
2016/12/24 00:07:59:065  RZBLog(RZBLogLevelCommand): 0723B5AF-B0DD-4111-BBC6-819CA9550DBF writeData:<data> forCharacteristic:6E40FEC3-B5A3-F393-E0A9-E50E24DCCA9E type:1
2016/12/24 00:07:59:066  RZBLog(RZBLogLevelWriteCommandData): Data=<a4094f05 46ffffff ff803301 13>
2016/12/24 00:07:59:067  RZBLog(RZBLogLevelSimulatedDevice): peripheralManager:didReceiveWriteRequests: -  @[6E40FEC3-B5A3-F393-E0A9-E50E24DCCA9E]
2016/12/24 00:07:59:067  Processed request with page number 51 for TrackResistance with response <TACPageTrackResistance|gradePercent:0.00|rollingResistance:0.00>
2016/12/24 00:07:59:070  RZBLog(RZBLogLevelSimulation): Not responding to write without response
2016/12/24 00:07:59:070  RZBLog(RZBLogLevelDelegate): peripheral:didUpdateValueForCharacteristic:error: - 0723B5AF-B0DD-4111-BBC6-819CA9550DBF 6E40FEC2-B5A3-F393-E0A9-E50E24DCCA9E (null)
2016/12/24 00:07:59:071  RZBLog(RZBLogLevelDelegateValue): Value=<a4090000 33000000 00204e00>
2016/12/24 00:07:59:071  Notify with data <a4090000 33000000 00204e00> for characteristic 6E40FEC2-B5A3-F393-E0A9-E50E24DCCA9E parsed as <TACPageTrackResistance|gradePercent:0.00|rollingResistance:0.00>
2016/12/24 00:07:59:084  <reader_timed_RPM> requested SpecificTrainerDataPage:<TACPageRequestPage|requestPage:25>
2016/12/24 00:07:59:084  RZBLog(RZBLogLevelCommand): 0723B5AF-B0DD-4111-BBC6-819CA9550DBF writeData:<data> forCharacteristic:6E40FEC3-B5A3-F393-E0A9-E50E24DCCA9E type:1
2016/12/24 00:07:59:085  RZBLog(RZBLogLevelWriteCommandData): Data=<a4094f05 46ffffff ff801901 39>
2016/12/24 00:07:59:085  RZBLog(RZBLogLevelSimulatedDevice): peripheralManager:didReceiveWriteRequests: -  @[6E40FEC3-B5A3-F393-E0A9-E50E24DCCA9E]
2016/12/24 00:07:59:086  Processed request with page number 25 for SpecificTrainerDataPage with response <TACPageSpecificTrainerDataPage|cadenceRPM:0|powerW:200>
2016/12/24 00:07:59:087  RZBLog(RZBLogLevelSimulation): Not responding to write without response
2016/12/24 00:07:59:087  RZBLog(RZBLogLevelDelegate): peripheral:didUpdateValueForCharacteristic:error: - 0723B5AF-B0DD-4111-BBC6-819CA9550DBF 6E40FEC2-B5A3-F393-E0A9-E50E24DCCA9E (null)
2016/12/24 00:07:59:087  RZBLog(RZBLogLevelDelegateValue): Value=<a4090000 19000000 00c80000>
2016/12/24 00:07:59:089  Notify with data <a4090000 19000000 00c80000> for characteristic 6E40FEC2-B5A3-F393-E0A9-E50E24DCCA9E parsed as <TACPageSpecificTrainerDataPage|cadenceRPM:0|powerW:200>
2016/12/24 00:07:59:091  <reader_timed_Distance> requested GeneralFEDataPage:<TACPageRequestPage|requestPage:16>
2016/12/24 00:07:59:091  RZBLog(RZBLogLevelCommand): 0723B5AF-B0DD-4111-BBC6-819CA9550DBF writeData:<data> forCharacteristic:6E40FEC3-B5A3-F393-E0A9-E50E24DCCA9E type:1
2016/12/24 00:07:59:091  RZBLog(RZBLogLevelWriteCommandData): Data=<a4094f05 46ffffff ff801001 30>
2016/12/24 00:07:59:091  <reader_timed_Speed> requested GeneralFEDataPage:<TACPageRequestPage|requestPage:16>
2016/12/24 00:07:59:093  RZBLog(RZBLogLevelSimulatedDevice): peripheralManager:didReceiveWriteRequests: -  @[6E40FEC3-B5A3-F393-E0A9-E50E24DCCA9E]
2016/12/24 00:07:59:093  Processed request with page number 16 for GeneralFEDataPage with response <TACPageGeneralFEDataPage|speed:0|distance:0>
2016/12/24 00:07:59:094  RZBLog(RZBLogLevelCommand): 0723B5AF-B0DD-4111-BBC6-819CA9550DBF writeData:<data> forCharacteristic:6E40FEC3-B5A3-F393-E0A9-E50E24DCCA9E type:1
2016/12/24 00:07:59:095  RZBLog(RZBLogLevelWriteCommandData): Data=<a4094f05 46ffffff ff801001 30>
2016/12/24 00:07:59:095  RZBLog(RZBLogLevelSimulation): Not responding to write without response
2016/12/24 00:07:59:096  RZBLog(RZBLogLevelDelegate): peripheral:didUpdateValueForCharacteristic:error: - 0723B5AF-B0DD-4111-BBC6-819CA9550DBF 6E40FEC2-B5A3-F393-E0A9-E50E24DCCA9E (null)
2016/12/24 00:07:59:096  RZBLog(RZBLogLevelDelegateValue): Value=<a4090000 10000000 00000020>
2016/12/24 00:07:59:097  Notify with data <a4090000 10000000 00000020> for characteristic 6E40FEC2-B5A3-F393-E0A9-E50E24DCCA9E parsed as <TACPageGeneralFEDataPage|speed:0|distance:0>
2016/12/24 00:07:59:098  RZBLog(RZBLogLevelSimulatedDevice): peripheralManager:didReceiveWriteRequests: -  @[6E40FEC3-B5A3-F393-E0A9-E50E24DCCA9E]
2016/12/24 00:07:59:106  Processed request with page number 16 for GeneralFEDataPage with response <TACPageGeneralFEDataPage|speed:0|distance:0>
2016/12/24 00:07:59:109  RZBLog(RZBLogLevelSimulation): Not responding to write without response
2016/12/24 00:07:59:111  RZBLog(RZBLogLevelDelegate): peripheral:didUpdateValueForCharacteristic:error: - 0723B5AF-B0DD-4111-BBC6-819CA9550DBF 6E40FEC2-B5A3-F393-E0A9-E50E24DCCA9E (null)
2016/12/24 00:07:59:111  RZBLog(RZBLogLevelDelegateValue): Value=<a4090000 10000000 00000020>
2016/12/24 00:07:59:112  Notify with data <a4090000 10000000 00000020> for characteristic 6E40FEC2-B5A3-F393-E0A9-E50E24DCCA9E parsed as <TACPageGeneralFEDataPage|speed:0|distance:0>
2016/12/24 00:08:05:499  Calling cancel activity handler.

