2017/01/09 15:34:06:731  RZBLog(RZBLogLevelDelegate): peripheral:didUpdateNotificationStateForCharacteristic:error: - 4D60CAA0-AAD7-41E3-95A8-C3A21885DFEE 6E40FEC2-B5A3-F393-E0A9-E50E24DCCA9E (null)
2017/01/09 15:34:06:732  RZBLog(RZBLogLevelDelegateValue): Notify=YES
2017/01/09 15:34:06:752  Adding initial activity to realm.
2017/01/09 15:34:06:756  RZBLog(RZBLogLevelDelegate): peripheral:didUpdateValueForCharacteristic:error: - 4D60CAA0-AAD7-41E3-95A8-C3A21885DFEE 6E40FEC2-B5A3-F393-E0A9-E50E24DCCA9E (null)
2017/01/09 15:34:06:756  RZBLog(RZBLogLevelDelegateValue): Value=<a4094e05 10190338 980eff34 89>
2017/01/09 15:34:06:792  elevation calculation <mps:0|distanceChangeMps:0|distanceChange:0|slopePercentage:0|elechange:0>
2017/01/09 15:34:06:799  RZBLog(RZBLogLevelCommand): 4D60CAA0-AAD7-41E3-95A8-C3A21885DFEE writeData:<data> forCharacteristic:6E40FEC3-B5A3-F393-E0A9-E50E24DCCA9E type:1
2017/01/09 15:34:06:799  RZBLog(RZBLogLevelWriteCommandData): Data=<a4090000 33000000 00204e00>
2017/01/09 15:34:06:808  RZBLog(RZBLogLevelCommand): 4D60CAA0-AAD7-41E3-95A8-C3A21885DFEE writeData:<data> forCharacteristic:6E40FEC3-B5A3-F393-E0A9-E50E24DCCA9E type:1
2017/01/09 15:34:06:808  RZBLog(RZBLogLevelWriteCommandData): Data=<a4094f05 31ffffff ffff5802 73>
2017/01/09 15:34:06:820  Recieved activity primary key.
2017/01/09 15:34:06:820  Setting up new dataset, subscribing to 77D3F7B2-F894-4B28-B7EA-A1C9A6240F1C.
2017/01/09 15:34:06:821  Erasing dataset
2017/01/09 15:34:06:871  Got data change notification for 77D3F7B2-F894-4B28-B7EA-A1C9A6240F1C
2017/01/09 15:34:07:001  RZBLog(RZBLogLevelDelegate): peripheral:didUpdateValueForCharacteristic:error: - 4D60CAA0-AAD7-41E3-95A8-C3A21885DFEE 6E40FEC2-B5A3-F393-E0A9-E50E24DCCA9E (null)
2017/01/09 15:34:07:001  RZBLog(RZBLogLevelDelegateValue): Value=<a4094e05 10190539 a60eff34 b0>
2017/01/09 15:34:07:241  RZBLog(RZBLogLevelDelegate): peripheral:didUpdateValueForCharacteristic:error: - 4D60CAA0-AAD7-41E3-95A8-C3A21885DFEE 6E40FEC2-B5A3-F393-E0A9-E50E24DCCA9E (null)
2017/01/09 15:34:07:241  RZBLog(RZBLogLevelDelegateValue): Value=<a4094e05 19543768 7d9a4030 63>
2017/01/09 15:34:07:511  RZBLog(RZBLogLevelDelegate): peripheral:didUpdateValueForCharacteristic:error: - 4D60CAA0-AAD7-41E3-95A8-C3A21885DFEE 6E40FEC2-B5A3-F393-E0A9-E50E24DCCA9E (null)
2017/01/09 15:34:07:511  RZBLog(RZBLogLevelDelegateValue): Value=<a4094e05 19543768 7d9a4030 63>
2017/01/09 15:34:07:751  RZBLog(RZBLogLevelDelegate): peripheral:didUpdateValueForCharacteristic:error: - 4D60CAA0-AAD7-41E3-95A8-C3A21885DFEE 6E40FEC2-B5A3-F393-E0A9-E50E24DCCA9E (null)
2017/01/09 15:34:07:751  RZBLog(RZBLogLevelDelegateValue): Value=<a4094e05 1019073b d50eff34 c3>
2017/01/09 15:34:07:994  RZBLog(RZBLogLevelDelegate): peripheral:didUpdateValueForCharacteristic:error: - 4D60CAA0-AAD7-41E3-95A8-C3A21885DFEE 6E40FEC2-B5A3-F393-E0A9-E50E24DCCA9E (null)
2017/01/09 15:34:07:994  RZBLog(RZBLogLevelDelegateValue): Value=<a4094e05 1019093d fe0eff34 e0>
2017/01/09 15:34:08:231  RZBLog(RZBLogLevelDelegate): peripheral:didUpdateValueForCharacteristic:error: - 4D60CAA0-AAD7-41E3-95A8-C3A21885DFEE 6E40FEC2-B5A3-F393-E0A9-E50E24DCCA9E (null)
2017/01/09 15:34:08:231  RZBLog(RZBLogLevelDelegateValue): Value=<a4094e05 1019093d fe0eff34 e0>
2017/01/09 15:34:08:501  RZBLog(RZBLogLevelDelegate): peripheral:didUpdateValueForCharacteristic:error: - 4D60CAA0-AAD7-41E3-95A8-C3A21885DFEE 6E40FEC2-B5A3-F393-E0A9-E50E24DCCA9E (null)
2017/01/09 15:34:08:501  RZBLog(RZBLogLevelDelegateValue): Value=<a4094e05 10190b3f 360fff34 29>
2017/01/09 15:34:08:771  RZBLog(RZBLogLevelDelegate): peripheral:didUpdateValueForCharacteristic:error: - 4D60CAA0-AAD7-41E3-95A8-C3A21885DFEE 6E40FEC2-B5A3-F393-E0A9-E50E24DCCA9E (null)
2017/01/09 15:34:08:771  RZBLog(RZBLogLevelDelegateValue): Value=<a4094e05 19573730 7f984030 38>
2017/01/09 15:34:09:011  RZBLog(RZBLogLevelDelegate): peripheral:didUpdateValueForCharacteristic:error: - 4D60CAA0-AAD7-41E3-95A8-C3A21885DFEE 6E40FEC2-B5A3-F393-E0A9-E50E24DCCA9E (null)
2017/01/09 15:34:09:011  RZBLog(RZBLogLevelDelegateValue): Value=<a4094e05 19573730 7f984030 38>
2017/01/09 15:34:09:253  RZBLog(RZBLogLevelDelegate): peripheral:didUpdateValueForCharacteristic:error: - 4D60CAA0-AAD7-41E3-95A8-C3A21885DFEE 6E40FEC2-B5A3-F393-E0A9-E50E24DCCA9E (null)
2017/01/09 15:34:09:254  RZBLog(RZBLogLevelDelegateValue): Value=<a4094e05 195839cc 7f9c4030 c1>
2017/01/09 15:34:09:326  performed request <NSMutableURLRequest: 0x17000c030> { URL: http://api.instacrate.me/logs }
2017/01/09 15:34:09:328  with response <NSHTTPURLResponse: 0x170220d40> { URL: http://api.instacrate.me/logs } { status code: 502, headers {
    Connection = "keep-alive";
    "Content-Length" = 182;
    "Content-Type" = "text/html";
    Date = "Mon, 09 Jan 2017 14:34:08 GMT";
    Server = "nginx/1.10.0 (Ubuntu)";
} }
2017/01/09 15:34:09:330  and error Error Domain=NSCocoaErrorDomain Code=3840 "JSON text did not start with array or object and option to allow fragments not set." UserInfo={NSDebugDescription=JSON text did not start with array or object and option to allow fragments not set., NSUnderlyingError=0x17044b430 {Error Domain=com.alamofire.error.serialization.response Code=-1011 "Request failed: bad gateway (502)" UserInfo={com.alamofire.serialization.response.error.response=<NSHTTPURLResponse: 0x170220d40> { URL: http://api.instacrate.me/logs } { status code: 502, headers {
    Connection = "keep-alive";
    "Content-Length" = 182;
    "Content-Type" = "text/html";
    Date = "Mon, 09 Jan 2017 14:34:08 GMT";
    Server = "nginx/1.10.0 (Ubuntu)";
} }, NSErrorFailingURLKey=http://api.instacrate.me/logs, com.alamofire.serialization.response.error.data=<3c68746d 6c3e0d0a 3c686561 643e3c74 69746c65 3e353032 20426164 20476174 65776179 3c2f7469 746c653e 3c2f6865 61643e0d 0a3c626f 64792062 67636f6c 6f723d22 77686974 65223e0d 0a3c6365 6e746572 3e3c6831 3e353032 20426164 20476174 65776179 3c2f6831 3e3c2f63 656e7465 723e0d0a 3c68723e 3c63656e 7465723e 6e67696e 782f312e 31302e30 20285562 756e7475 293c2f63 656e7465 723e0d0a 3c2f626f 64793e0d 0a3c2f68 746d6c3e 0d0a>, NSLocalizedDescription=Request failed: bad gateway (502)}}}
2017/01/09 15:34:09:491  RZBLog(RZBLogLevelDelegate): peripheral:didUpdateValueForCharacteristic:error: - 4D60CAA0-AAD7-41E3-95A8-C3A21885DFEE 6E40FEC2-B5A3-F393-E0A9-E50E24DCCA9E (null)
2017/01/09 15:34:09:491  RZBLog(RZBLogLevelDelegateValue): Value=<a4094e05 10190f43 ed0fff34 8a>
2017/01/09 15:34:09:521  performed request <NSMutableURLRequest: 0x17000c7d0> { URL: http://api.instacrate.me/logs }
2017/01/09 15:34:09:522  with response <NSHTTPURLResponse: 0x1702205e0> { URL: http://api.instacrate.me/logs } { status code: 502, headers {
    Connection = "keep-alive";
    "Content-Length" = 182;
    "Content-Type" = "text/html";
    Date = "Mon, 09 Jan 2017 14:34:09 GMT";
    Server = "nginx/1.10.0 (Ubuntu)";
} }
2017/01/09 15:34:09:523  and error Error Domain=NSCocoaErrorDomain Code=3840 "JSON text did not start with array or object and option to allow fragments not set." UserInfo={NSDebugDescription=JSON text did not start with array or object and option to allow fragments not set., NSUnderlyingError=0x174256740 {Error Domain=com.alamofire.error.serialization.response Code=-1011 "Request failed: bad gateway (502)" UserInfo={com.alamofire.serialization.response.error.response=<NSHTTPURLResponse: 0x1702205e0> { URL: http://api.instacrate.me/logs } { status code: 502, headers {
    Connection = "keep-alive";
    "Content-Length" = 182;
    "Content-Type" = "text/html";
    Date = "Mon, 09 Jan 2017 14:34:09 GMT";
    Server = "nginx/1.10.0 (Ubuntu)";
} }, NSErrorFailingURLKey=http://api.instacrate.me/logs, com.alamofire.serialization.response.error.data=<3c68746d 6c3e0d0a 3c686561 643e3c74 69746c65 3e353032 20426164 20476174 65776179 3c2f7469 746c653e 3c2f6865 61643e0d 0a3c626f 64792062 67636f6c 6f723d22 77686974 65223e0d 0a3c6365 6e746572 3e3c6831 3e353032 20426164 20476174 65776179 3c2f6831 3e3c2f63 656e7465 723e0d0a 3c68723e 3c63656e 7465723e 6e67696e 782f312e 31302e30 20285562 756e7475 293c2f63 656e7465 723e0d0a 3c2f626f 64793e0d 0a3c2f68 746d6c3e 0d0a>, NSLocalizedDescription=Request failed: bad gateway (502)}}}
2017/01/09 15:34:09:762  RZBLog(RZBLogLevelDelegate): peripheral:didUpdateValueForCharacteristic:error: - 4D60CAA0-AAD7-41E3-95A8-C3A21885DFEE 6E40FEC2-B5A3-F393-E0A9-E50E24DCCA9E (null)
2017/01/09 15:34:09:762  RZBLog(RZBLogLevelDelegateValue): Value=<a4094e05 19593868 809c4030 9a>
2017/01/09 15:34:10:042  RZBLog(RZBLogLevelDelegate): peripheral:didUpdateValueForCharacteristic:error: - 4D60CAA0-AAD7-41E3-95A8-C3A21885DFEE 6E40FEC2-B5A3-F393-E0A9-E50E24DCCA9E (null)
2017/01/09 15:34:10:042  RZBLog(RZBLogLevelDelegateValue): Value=<a4094e05 10191145 0910ff34 69>
2017/01/09 15:34:10:152  performed request <NSMutableURLRequest: 0x174009e30> { URL: http://api.instacrate.me/logs }
2017/01/09 15:34:10:152  with response <NSHTTPURLResponse: 0x170220f60> { URL: http://api.instacrate.me/logs } { status code: 502, headers {
    Connection = "keep-alive";
    "Content-Length" = 182;
    "Content-Type" = "text/html";
    Date = "Mon, 09 Jan 2017 14:34:09 GMT";
    Server = "nginx/1.10.0 (Ubuntu)";
} }
2017/01/09 15:34:10:153  and error Error Domain=NSCocoaErrorDomain Code=3840 "JSON text did not start with array or object and option to allow fragments not set." UserInfo={NSDebugDescription=JSON text did not start with array or object and option to allow fragments not set., NSUnderlyingError=0x17044b790 {Error Domain=com.alamofire.error.serialization.response Code=-1011 "Request failed: bad gateway (502)" UserInfo={com.alamofire.serialization.response.error.response=<NSHTTPURLResponse: 0x170220f60> { URL: http://api.instacrate.me/logs } { status code: 502, headers {
    Connection = "keep-alive";
    "Content-Length" = 182;
    "Content-Type" = "text/html";
    Date = "Mon, 09 Jan 2017 14:34:09 GMT";
    Server = "nginx/1.10.0 (Ubuntu)";
} }, NSErrorFailingURLKey=http://api.instacrate.me/logs, com.alamofire.serialization.response.error.data=<3c68746d 6c3e0d0a 3c686561 643e3c74 69746c65 3e353032 20426164 20476174 65776179 3c2f7469 746c653e 3c2f6865 61643e0d 0a3c626f 64792062 67636f6c 6f723d22 77686974 65223e0d 0a3c6365 6e746572 3e3c6831 3e353032 20426164 20476174 65776179 3c2f6831 3e3c2f63 656e7465 723e0d0a 3c68723e 3c63656e 7465723e 6e67696e 782f312e 31302e30 20285562 756e7475 293c2f63 656e7465 723e0d0a 3c2f626f 64793e0d 0a3c2f68 746d6c3e 0d0a>, NSLocalizedDescription=Request failed: bad gateway (502)}}}
2017/01/09 15:34:10:157  performed request <NSMutableURLRequest: 0x1740099a0> { URL: http://api.instacrate.me/logs }
2017/01/09 15:34:10:158  with response <NSHTTPURLResponse: 0x174227a00> { URL: http://api.instacrate.me/logs } { status code: 502, headers {
    Connection = "keep-alive";
    "Content-Length" = 182;
    "Content-Type" = "text/html";
    Date = "Mon, 09 Jan 2017 14:34:09 GMT";
    Server = "nginx/1.10.0 (Ubuntu)";
} }
2017/01/09 15:34:10:158  and error Error Domain=NSCocoaErrorDomain Code=3840 "JSON text did not start with array or object and option to allow fragments not set." UserInfo={NSDebugDescription=JSON text did not start with array or object and option to allow fragments not set., NSUnderlyingError=0x174253c80 {Error Domain=com.alamofire.error.serialization.response Code=-1011 "Request failed: bad gateway (502)" UserInfo={com.alamofire.serialization.response.error.response=<NSHTTPURLResponse: 0x174227a00> { URL: http://api.instacrate.me/logs } { status code: 502, headers {
    Connection = "keep-alive";
    "Content-Length" = 182;
    "Content-Type" = "text/html";
    Date = "Mon, 09 Jan 2017 14:34:09 GMT";
    Server = "nginx/1.10.0 (Ubuntu)";
} }, NSErrorFailingURLKey=http://api.instacrate.me/logs, com.alamofire.serialization.response.error.data=<3c68746d 6c3e0d0a 3c686561 643e3c74 69746c65 3e353032 20426164 20476174 65776179 3c2f7469 746c653e 3c2f6865 61643e0d 0a3c626f 64792062 67636f6c 6f723d22 77686974 65223e0d 0a3c6365 6e746572 3e3c6831 3e353032 20426164 20476174 65776179 3c2f6831 3e3c2f63 656e7465 723e0d0a 3c68723e 3c63656e 7465723e 6e67696e 782f312e 31302e30 20285562 756e7475 293c2f63 656e7465 723e0d0a 3c2f626f 64793e0d 0a3c2f68 746d6c3e 0d0a>, NSLocalizedDescription=Request failed: bad gateway (502)}}}
2017/01/09 15:34:10:241  RZBLog(RZBLogLevelDelegate): peripheral:didUpdateValueForCharacteristic:error: - 4D60CAA0-AAD7-41E3-95A8-C3A21885DFEE 6E40FEC2-B5A3-F393-E0A9-E50E24DCCA9E (null)
2017/01/09 15:34:10:241  RZBLog(RZBLogLevelDelegateValue): Value=<a4094e05 195a3a03 819b4030 f6>
2017/01/09 15:34:10:512  RZBLog(RZBLogLevelDelegate): peripheral:didUpdateValueForCharacteristic:error: - 4D60CAA0-AAD7-41E3-95A8-C3A21885DFEE 6E40FEC2-B5A3-F393-E0A9-E50E24DCCA9E (null)
2017/01/09 15:34:10:512  RZBLog(RZBLogLevelDelegateValue): Value=<a4094e05 10191347 a710ff34 c7>
2017/01/09 15:34:10:637  performed request <NSMutableURLRequest: 0x17000cb70> { URL: http://api.instacrate.me/logs }
2017/01/09 15:34:10:638  with response <NSHTTPURLResponse: 0x1702200e0> { URL: http://api.instacrate.me/logs } { status code: 502, headers {
    Connection = "keep-alive";
    "Content-Length" = 182;
    "Content-Type" = "text/html";
    Date = "Mon, 09 Jan 2017 14:34:10 GMT";
    Server = "nginx/1.10.0 (Ubuntu)";
} }
2017/01/09 15:34:10:638  and error Error Domain=NSCocoaErrorDomain Code=3840 "JSON text did not start with array or object and option to allow fragments not set." UserInfo={NSDebugDescription=JSON text did not start with array or object and option to allow fragments not set., NSUnderlyingError=0x1742457c0 {Error Domain=com.alamofire.error.serialization.response Code=-1011 "Request failed: bad gateway (502)" UserInfo={com.alamofire.serialization.response.error.response=<NSHTTPURLResponse: 0x1702200e0> { URL: http://api.instacrate.me/logs } { status code: 502, headers {
    Connection = "keep-alive";
    "Content-Length" = 182;
    "Content-Type" = "text/html";
    Date = "Mon, 09 Jan 2017 14:34:10 GMT";
    Server = "nginx/1.10.0 (Ubuntu)";
} }, NSErrorFailingURLKey=http://api.instacrate.me/logs, com.alamofire.serialization.response.error.data=<3c68746d 6c3e0d0a 3c686561 643e3c74 69746c65 3e353032 20426164 20476174 65776179 3c2f7469 746c653e 3c2f6865 61643e0d 0a3c626f 64792062 67636f6c 6f723d22 77686974 65223e0d 0a3c6365 6e746572 3e3c6831 3e353032 20426164 20476174 65776179 3c2f6831 3e3c2f63 656e7465 723e0d0a 3c68723e 3c63656e 7465723e 6e67696e 782f312e 31302e30 20285562 756e7475 293c2f63 656e7465 723e0d0a 3c2f626f 64793e0d 0a3c2f68 746d6c3e 0d0a>, NSLocalizedDescription=Request failed: bad gateway (502)}}}
2017/01/09 15:34:10:751  RZBLog(RZBLogLevelDelegate): peripheral:didUpdateValueForCharacteristic:error: - 4D60CAA0-AAD7-41E3-95A8-C3A21885DFEE 6E40FEC2-B5A3-F393-E0A9-E50E24DCCA9E (null)
2017/01/09 15:34:10:751  RZBLog(RZBLogLevelDelegateValue): Value=<a4094e05 195b3ca4 81a14030 6c>
2017/01/09 15:34:10:991  RZBLog(RZBLogLevelDelegate): peripheral:didUpdateValueForCharacteristic:error: - 4D60CAA0-AAD7-41E3-95A8-C3A21885DFEE 6E40FEC2-B5A3-F393-E0A9-E50E24DCCA9E (null)
2017/01/09 15:34:10:991  RZBLog(RZBLogLevelDelegateValue): Value=<a4094e05 10191549 b810ff34 d0>
2017/01/09 15:34:11:290  RZBLog(RZBLogLevelDelegate): peripheral:didUpdateValueForCharacteristic:error: - 4D60CAA0-AAD7-41E3-95A8-C3A21885DFEE 6E40FEC2-B5A3-F393-E0A9-E50E24DCCA9E (null)
2017/01/09 15:34:11:290  RZBLog(RZBLogLevelDelegateValue): Value=<a4094e05 195c3b41 829d4030 b6>
2017/01/09 15:34:11:501  RZBLog(RZBLogLevelDelegate): peripheral:didUpdateValueForCharacteristic:error: - 4D60CAA0-AAD7-41E3-95A8-C3A21885DFEE 6E40FEC2-B5A3-F393-E0A9-E50E24DCCA9E (null)
2017/01/09 15:34:11:501  RZBLog(RZBLogLevelDelegateValue): Value=<a4094e05 195c3b41 829d4030 b6>
2017/01/09 15:34:11:742  RZBLog(RZBLogLevelDelegate): peripheral:didUpdateValueForCharacteristic:error: - 4D60CAA0-AAD7-41E3-95A8-C3A21885DFEE 6E40FEC2-B5A3-F393-E0A9-E50E24DCCA9E (null)
2017/01/09 15:34:11:742  RZBLog(RZBLogLevelDelegateValue): Value=<a4094e05 195d3de0 829f4030 12>
2017/01/09 15:34:12:030  RZBLog(RZBLogLevelDelegate): peripheral:didUpdateValueForCharacteristic:error: - 4D60CAA0-AAD7-41E3-95A8-C3A21885DFEE 6E40FEC2-B5A3-F393-E0A9-E50E24DCCA9E (null)
2017/01/09 15:34:12:030  RZBLog(RZBLogLevelDelegateValue): Value=<a4094e05 1019194e 6211ff34 00>
2017/01/09 15:34:12:251  RZBLog(RZBLogLevelDelegate): peripheral:didUpdateValueForCharacteristic:error: - 4D60CAA0-AAD7-41E3-95A8-C3A21885DFEE 6E40FEC2-B5A3-F393-E0A9-E50E24DCCA9E (null)
2017/01/09 15:34:12:251  RZBLog(RZBLogLevelDelegateValue): Value=<a4094e05 195e3e80 83a04030 4c>
2017/01/09 15:34:12:352  performed request <NSMutableURLRequest: 0x174009d60> { URL: http://api.instacrate.me/logs }
2017/01/09 15:34:12:352  with response <NSHTTPURLResponse: 0x174227f40> { URL: http://api.instacrate.me/logs } { status code: 502, headers {
    Connection = "keep-alive";
    "Content-Length" = 182;
    "Content-Type" = "text/html";
    Date = "Mon, 09 Jan 2017 14:34:09 GMT";
    Server = "nginx/1.10.0 (Ubuntu)";
} }
2017/01/09 15:34:12:353  and error Error Domain=NSCocoaErrorDomain Code=3840 "JSON text did not start with array or object and option to allow fragments not set." UserInfo={NSDebugDescription=JSON text did not start with array or object and option to allow fragments not set., NSUnderlyingError=0x17044a8f0 {Error Domain=com.alamofire.error.serialization.response Code=-1011 "Request failed: bad gateway (502)" UserInfo={com.alamofire.serialization.response.error.response=<NSHTTPURLResponse: 0x174227f40> { URL: http://api.instacrate.me/logs } { status code: 502, headers {
    Connection = "keep-alive";
    "Content-Length" = 182;
    "Content-Type" = "text/html";
    Date = "Mon, 09 Jan 2017 14:34:09 GMT";
    Server = "nginx/1.10.0 (Ubuntu)";
} }, NSErrorFailingURLKey=http://api.instacrate.me/logs, com.alamofire.serialization.response.error.data=<3c68746d 6c3e0d0a 3c686561 643e3c74 69746c65 3e353032 20426164 20476174 65776179 3c2f7469 746c653e 3c2f6865 61643e0d 0a3c626f 64792062 67636f6c 6f723d22 77686974 65223e0d 0a3c6365 6e746572 3e3c6831 3e353032 20426164 20476174 65776179 3c2f6831 3e3c2f63 656e7465 723e0d0a 3c68723e 3c63656e 7465723e 6e67696e 782f312e 31302e30 20285562 756e7475 293c2f63 656e7465 723e0d0a 3c2f626f 64793e0d 0a3c2f68 746d6c3e 0d0a>, NSLocalizedDescription=Request failed: bad gateway (502)}}}
2017/01/09 15:34:12:354  performed request <NSMutableURLRequest: 0x170008b20> { URL: http://api.instacrate.me/logs }
2017/01/09 15:34:12:354  with response <NSHTTPURLResponse: 0x174228a60> { URL: http://api.instacrate.me/logs } { status code: 502, headers {
    Connection = "keep-alive";
    "Content-Length" = 182;
    "Content-Type" = "text/html";
    Date = "Mon, 09 Jan 2017 14:34:09 GMT";
    Server = "nginx/1.10.0 (Ubuntu)";
} }
2017/01/09 15:34:12:355  and error Error Domain=NSCocoaErrorDomain Code=3840 "JSON text did not start with array or object and option to allow fragments not set." UserInfo={NSDebugDescription=JSON text did not start with array or object and option to allow fragments not set., NSUnderlyingError=0x17044a830 {Error Domain=com.alamofire.error.serialization.response Code=-1011 "Request failed: bad gateway (502)" UserInfo={com.alamofire.serialization.response.error.response=<NSHTTPURLResponse: 0x174228a60> { URL: http://api.instacrate.me/logs } { status code: 502, headers {
    Connection = "keep-alive";
    "Content-Length" = 182;
    "Content-Type" = "text/html";
    Date = "Mon, 09 Jan 2017 14:34:09 GMT";
    Server = "nginx/1.10.0 (Ubuntu)";
} }, NSErrorFailingURLKey=http://api.instacrate.me/logs, com.alamofire.serialization.response.error.data=<3c68746d 6c3e0d0a 3c686561 643e3c74 69746c65 3e353032 20426164 20476174 65776179 3c2f7469 746c653e 3c2f6865 61643e0d 0a3c626f 64792062 67636f6c 6f723d22 77686974 65223e0d 0a3c6365 6e746572 3e3c6831 3e353032 20426164 20476174 65776179 3c2f6831 3e3c2f63 656e7465 723e0d0a 3c68723e 3c63656e 7465723e 6e67696e 782f312e 31302e30 20285562 756e7475 293c2f63 656e7465 723e0d0a 3c2f626f 64793e0d 0a3c2f68 746d6c3e 0d0a>, NSLocalizedDescription=Request failed: bad gateway (502)}}}
2017/01/09 15:34:12:491  RZBLog(RZBLogLevelDelegate): peripheral:didUpdateValueForCharacteristic:error: - 4D60CAA0-AAD7-41E3-95A8-C3A21885DFEE 6E40FEC2-B5A3-F393-E0A9-E50E24DCCA9E (null)
2017/01/09 15:34:12:491  RZBLog(RZBLogLevelDelegateValue): Value=<a4094e05 10191b50 4611ff34 38>
2017/01/09 15:34:12:762  RZBLog(RZBLogLevelDelegate): peripheral:didUpdateValueForCharacteristic:error: - 4D60CAA0-AAD7-41E3-95A8-C3A21885DFEE 6E40FEC2-B5A3-F393-E0A9-E50E24DCCA9E (null)
2017/01/09 15:34:12:762  RZBLog(RZBLogLevelDelegateValue): Value=<a4094e05 10191b50 4611ff34 38>
2017/01/09 15:34:13:006  RZBLog(RZBLogLevelDelegate): peripheral:didUpdateValueForCharacteristic:error: - 4D60CAA0-AAD7-41E3-95A8-C3A21885DFEE 6E40FEC2-B5A3-F393-E0A9-E50E24DCCA9E (null)
2017/01/09 15:34:13:006  RZBLog(RZBLogLevelDelegateValue): Value=<a4094e05 10191d52 0b11ff34 71>
2017/01/09 15:34:13:242  RZBLog(RZBLogLevelDelegate): peripheral:didUpdateValueForCharacteristic:error: - 4D60CAA0-AAD7-41E3-95A8-C3A21885DFEE 6E40FEC2-B5A3-F393-E0A9-E50E24DCCA9E (null)
2017/01/09 15:34:13:242  RZBLog(RZBLogLevelDelegateValue): Value=<a4094e05 19603eb1 84974030 73>
2017/01/09 15:34:13:512  RZBLog(RZBLogLevelDelegate): peripheral:didUpdateValueForCharacteristic:error: - 4D60CAA0-AAD7-41E3-95A8-C3A21885DFEE 6E40FEC2-B5A3-F393-E0A9-E50E24DCCA9E (null)
2017/01/09 15:34:13:512  RZBLog(RZBLogLevelDelegateValue): Value=<a4094e05 10191f54 1111ff34 6f>
2017/01/09 15:34:13:751  RZBLog(RZBLogLevelDelegate): peripheral:didUpdateValueForCharacteristic:error: - 4D60CAA0-AAD7-41E3-95A8-C3A21885DFEE 6E40FEC2-B5A3-F393-E0A9-E50E24DCCA9E (null)
2017/01/09 15:34:13:751  RZBLog(RZBLogLevelDelegateValue): Value=<a4094e05 1961404b 859a4030 fa>
2017/01/09 15:34:13:991  RZBLog(RZBLogLevelDelegate): peripheral:didUpdateValueForCharacteristic:error: - 4D60CAA0-AAD7-41E3-95A8-C3A21885DFEE 6E40FEC2-B5A3-F393-E0A9-E50E24DCCA9E (null)
2017/01/09 15:34:13:991  RZBLog(RZBLogLevelDelegateValue): Value=<a4094e05 1961404b 859a4030 fa>
2017/01/09 15:34:14:261  RZBLog(RZBLogLevelDelegate): peripheral:didUpdateValueForCharacteristic:error: - 4D60CAA0-AAD7-41E3-95A8-C3A21885DFEE 6E40FEC2-B5A3-F393-E0A9-E50E24DCCA9E (null)
2017/01/09 15:34:14:261  RZBLog(RZBLogLevelDelegateValue): Value=<a4094e05 f0000000 00000000 16>
2017/01/09 15:34:14:502  RZBLog(RZBLogLevelDelegate): peripheral:didUpdateValueForCharacteristic:error: - 4D60CAA0-AAD7-41E3-95A8-C3A21885DFEE 6E40FEC2-B5A3-F393-E0A9-E50E24DCCA9E (null)
2017/01/09 15:34:14:502  RZBLog(RZBLogLevelDelegateValue): Value=<a4094e05 fa000201 0000ff00 e0>
2017/01/09 15:34:14:742  RZBLog(RZBLogLevelDelegate): peripheral:didUpdateValueForCharacteristic:error: - 4D60CAA0-AAD7-41E3-95A8-C3A21885DFEE 6E40FEC2-B5A3-F393-E0A9-E50E24DCCA9E (null)
2017/01/09 15:34:14:742  RZBLog(RZBLogLevelDelegateValue): Value=<a4094e05 19623fe6 859b4030 2a>
2017/01/09 15:34:15:012  RZBLog(RZBLogLevelDelegate): peripheral:didUpdateValueForCharacteristic:error: - 4D60CAA0-AAD7-41E3-95A8-C3A21885DFEE 6E40FEC2-B5A3-F393-E0A9-E50E24DCCA9E (null)
2017/01/09 15:34:15:012  RZBLog(RZBLogLevelDelegateValue): Value=<a4094e05 1019255b 8311ff34 c8>
2017/01/09 15:34:15:251  RZBLog(RZBLogLevelDelegate): peripheral:didUpdateValueForCharacteristic:error: - 4D60CAA0-AAD7-41E3-95A8-C3A21885DFEE 6E40FEC2-B5A3-F393-E0A9-E50E24DCCA9E (null)
2017/01/09 15:34:15:251  RZBLog(RZBLogLevelDelegateValue): Value=<a4094e05 19633f81 869b4030 4f>
2017/01/09 15:34:15:496  RZBLog(RZBLogLevelDelegate): peripheral:didUpdateValueForCharacteristic:error: - 4D60CAA0-AAD7-41E3-95A8-C3A21885DFEE 6E40FEC2-B5A3-F393-E0A9-E50E24DCCA9E (null)
2017/01/09 15:34:15:496  RZBLog(RZBLogLevelDelegateValue): Value=<a4094e05 1019275d 8611ff34 c9>
2017/01/09 15:34:15:761  RZBLog(RZBLogLevelDelegate): peripheral:didUpdateValueForCharacteristic:error: - 4D60CAA0-AAD7-41E3-95A8-C3A21885DFEE 6E40FEC2-B5A3-F393-E0A9-E50E24DCCA9E (null)
2017/01/09 15:34:15:761  RZBLog(RZBLogLevelDelegateValue): Value=<a4094e05 19644120 879f4030 92>
2017/01/09 15:34:16:002  RZBLog(RZBLogLevelDelegate): peripheral:didUpdateValueForCharacteristic:error: - 4D60CAA0-AAD7-41E3-95A8-C3A21885DFEE 6E40FEC2-B5A3-F393-E0A9-E50E24DCCA9E (null)
2017/01/09 15:34:16:002  RZBLog(RZBLogLevelDelegateValue): Value=<a4094e05 10192960 c811ff34 b4>
2017/01/09 15:34:16:261  RZBLog(RZBLogLevelDelegate): peripheral:didUpdateValueForCharacteristic:error: - 4D60CAA0-AAD7-41E3-95A8-C3A21885DFEE 6E40FEC2-B5A3-F393-E0A9-E50E24DCCA9E (null)
2017/01/09 15:34:16:261  RZBLog(RZBLogLevelDelegateValue): Value=<a4094e05 196541bf 879f4030 0c>
2017/01/09 15:34:16:512  RZBLog(RZBLogLevelDelegate): peripheral:didUpdateValueForCharacteristic:error: - 4D60CAA0-AAD7-41E3-95A8-C3A21885DFEE 6E40FEC2-B5A3-F393-E0A9-E50E24DCCA9E (null)
2017/01/09 15:34:16:512  RZBLog(RZBLogLevelDelegateValue): Value=<a4094e05 196541bf 879f4030 0c>
2017/01/09 15:34:16:820  RZBLog(RZBLogLevelDelegate): peripheral:didUpdateValueForCharacteristic:error: - 4D60CAA0-AAD7-41E3-95A8-C3A21885DFEE 6E40FEC2-B5A3-F393-E0A9-E50E24DCCA9E (null)
2017/01/09 15:34:16:820  RZBLog(RZBLogLevelDelegateValue): Value=<a4094e05 1966405c 889d4030 e0>
2017/01/09 15:34:16:991  RZBLog(RZBLogLevelDelegate): peripheral:didUpdateValueForCharacteristic:error: - 4D60CAA0-AAD7-41E3-95A8-C3A21885DFEE 6E40FEC2-B5A3-F393-E0A9-E50E24DCCA9E (null)
2017/01/09 15:34:16:991  RZBLog(RZBLogLevelDelegateValue): Value=<a4094e05 10192d64 f211ff34 8e>
2017/01/09 15:34:17:261  RZBLog(RZBLogLevelDelegate): peripheral:didUpdateValueForCharacteristic:error: - 4D60CAA0-AAD7-41E3-95A8-C3A21885DFEE 6E40FEC2-B5A3-F393-E0A9-E50E24DCCA9E (null)
2017/01/09 15:34:17:261  RZBLog(RZBLogLevelDelegateValue): Value=<a4094e05 196741f7 889b4030 4d>
2017/01/09 15:34:17:539  RZBLog(RZBLogLevelDelegate): peripheral:didUpdateValueForCharacteristic:error: - 4D60CAA0-AAD7-41E3-95A8-C3A21885DFEE 6E40FEC2-B5A3-F393-E0A9-E50E24DCCA9E (null)
2017/01/09 15:34:17:539  RZBLog(RZBLogLevelDelegateValue): Value=<a4094e05 10192f67 ec11ff34 91>
2017/01/09 15:34:17:782  RZBLog(RZBLogLevelDelegate): peripheral:didUpdateValueForCharacteristic:error: - 4D60CAA0-AAD7-41E3-95A8-C3A21885DFEE 6E40FEC2-B5A3-F393-E0A9-E50E24DCCA9E (null)
2017/01/09 15:34:17:783  RZBLog(RZBLogLevelDelegateValue): Value=<a4094e05 10192f67 ec11ff34 91>
2017/01/09 15:34:18:050  RZBLog(RZBLogLevelDelegate): peripheral:didUpdateValueForCharacteristic:error: - 4D60CAA0-AAD7-41E3-95A8-C3A21885DFEE 6E40FEC2-B5A3-F393-E0A9-E50E24DCCA9E (null)
2017/01/09 15:34:18:051  RZBLog(RZBLogLevelDelegateValue): Value=<a4094e05 10193169 c011ff34 ad>
2017/01/09 15:34:18:281  RZBLog(RZBLogLevelDelegate): peripheral:didUpdateValueForCharacteristic:error: - 4D60CAA0-AAD7-41E3-95A8-C3A21885DFEE 6E40FEC2-B5A3-F393-E0A9-E50E24DCCA9E (null)
2017/01/09 15:34:18:281  RZBLog(RZBLogLevelDelegateValue): Value=<a4094e05 19694225 8a974030 9c>
2017/01/09 15:34:18:503  RZBLog(RZBLogLevelDelegate): peripheral:didUpdateValueForCharacteristic:error: - 4D60CAA0-AAD7-41E3-95A8-C3A21885DFEE 6E40FEC2-B5A3-F393-E0A9-E50E24DCCA9E (null)
2017/01/09 15:34:18:503  RZBLog(RZBLogLevelDelegateValue): Value=<a4094e05 1019336b c611ff34 ab>
2017/01/09 15:34:18:761  RZBLog(RZBLogLevelDelegate): peripheral:didUpdateValueForCharacteristic:error: - 4D60CAA0-AAD7-41E3-95A8-C3A21885DFEE 6E40FEC2-B5A3-F393-E0A9-E50E24DCCA9E (null)
2017/01/09 15:34:18:761  RZBLog(RZBLogLevelDelegateValue): Value=<a4094e05 196a40b9 8a944030 02>
2017/01/09 15:34:19:007  RZBLog(RZBLogLevelDelegate): peripheral:didUpdateValueForCharacteristic:error: - 4D60CAA0-AAD7-41E3-95A8-C3A21885DFEE 6E40FEC2-B5A3-F393-E0A9-E50E24DCCA9E (null)
2017/01/09 15:34:19:007  RZBLog(RZBLogLevelDelegateValue): Value=<a4094e05 196a40b9 8a944030 02>
2017/01/09 15:34:19:243  RZBLog(RZBLogLevelDelegate): peripheral:didUpdateValueForCharacteristic:error: - 4D60CAA0-AAD7-41E3-95A8-C3A21885DFEE 6E40FEC2-B5A3-F393-E0A9-E50E24DCCA9E (null)
2017/01/09 15:34:19:243  RZBLog(RZBLogLevelDelegateValue): Value=<a4094e05 196b404d 8b944030 f6>
2017/01/09 15:34:19:512  RZBLog(RZBLogLevelDelegate): peripheral:didUpdateValueForCharacteristic:error: - 4D60CAA0-AAD7-41E3-95A8-C3A21885DFEE 6E40FEC2-B5A3-F393-E0A9-E50E24DCCA9E (null)
2017/01/09 15:34:19:512  RZBLog(RZBLogLevelDelegateValue): Value=<a4094e05 10193770 9f11ff34 ed>
2017/01/09 15:34:19:762  RZBLog(RZBLogLevelDelegate): peripheral:didUpdateValueForCharacteristic:error: - 4D60CAA0-AAD7-41E3-95A8-C3A21885DFEE 6E40FEC2-B5A3-F393-E0A9-E50E24DCCA9E (null)
2017/01/09 15:34:19:762  RZBLog(RZBLogLevelDelegateValue): Value=<a4094e05 196c42e0 8b934030 59>
2017/01/09 15:34:19:991  RZBLog(RZBLogLevelDelegate): peripheral:didUpdateValueForCharacteristic:error: - 4D60CAA0-AAD7-41E3-95A8-C3A21885DFEE 6E40FEC2-B5A3-F393-E0A9-E50E24DCCA9E (null)
2017/01/09 15:34:19:991  RZBLog(RZBLogLevelDelegateValue): Value=<a4094e05 10193972 8e11ff34 f0>
2017/01/09 15:34:20:261  RZBLog(RZBLogLevelDelegate): peripheral:didUpdateValueForCharacteristic:error: - 4D60CAA0-AAD7-41E3-95A8-C3A21885DFEE 6E40FEC2-B5A3-F393-E0A9-E50E24DCCA9E (null)
2017/01/09 15:34:20:261  RZBLog(RZBLogLevelDelegateValue): Value=<a4094e05 10193972 8e11ff34 f0>
2017/01/09 15:34:20:506  RZBLog(RZBLogLevelDelegate): peripheral:didUpdateValueForCharacteristic:error: - 4D60CAA0-AAD7-41E3-95A8-C3A21885DFEE 6E40FEC2-B5A3-F393-E0A9-E50E24DCCA9E (null)
2017/01/09 15:34:20:506  RZBLog(RZBLogLevelDelegateValue): Value=<a4094e05 10193b74 9611ff34 ec>
2017/01/09 15:34:20:741  RZBLog(RZBLogLevelDelegate): peripheral:didUpdateValueForCharacteristic:error: - 4D60CAA0-AAD7-41E3-95A8-C3A21885DFEE 6E40FEC2-B5A3-F393-E0A9-E50E24DCCA9E (null)
2017/01/09 15:34:20:741  RZBLog(RZBLogLevelDelegateValue): Value=<a4094e05 196e410d 8d984030 b8>
2017/01/09 15:34:21:013  RZBLog(RZBLogLevelDelegate): peripheral:didUpdateValueForCharacteristic:error: - 4D60CAA0-AAD7-41E3-95A8-C3A21885DFEE 6E40FEC2-B5A3-F393-E0A9-E50E24DCCA9E (null)
2017/01/09 15:34:21:014  RZBLog(RZBLogLevelDelegateValue): Value=<a4094e05 10193d76 cb11ff34 b5>
2017/01/09 15:34:21:251  RZBLog(RZBLogLevelDelegate): peripheral:didUpdateValueForCharacteristic:error: - 4D60CAA0-AAD7-41E3-95A8-C3A21885DFEE 6E40FEC2-B5A3-F393-E0A9-E50E24DCCA9E (null)
2017/01/09 15:34:21:251  RZBLog(RZBLogLevelDelegateValue): Value=<a4094e05 196f41aa 8d9d4030 1b>
2017/01/09 15:34:21:492  RZBLog(RZBLogLevelDelegate): peripheral:didUpdateValueForCharacteristic:error: - 4D60CAA0-AAD7-41E3-95A8-C3A21885DFEE 6E40FEC2-B5A3-F393-E0A9-E50E24DCCA9E (null)
2017/01/09 15:34:21:492  RZBLog(RZBLogLevelDelegateValue): Value=<a4094e05 196f41aa 8d9d4030 1b>
2017/01/09 15:34:21:761  RZBLog(RZBLogLevelDelegate): peripheral:didUpdateValueForCharacteristic:error: - 4D60CAA0-AAD7-41E3-95A8-C3A21885DFEE 6E40FEC2-B5A3-F393-E0A9-E50E24DCCA9E (null)
2017/01/09 15:34:21:762  RZBLog(RZBLogLevelDelegateValue): Value=<a4094e05 19704248 8e9e4030 e5>
2017/01/09 15:34:22:003  RZBLog(RZBLogLevelDelegate): peripheral:didUpdateValueForCharacteristic:error: - 4D60CAA0-AAD7-41E3-95A8-C3A21885DFEE 6E40FEC2-B5A3-F393-E0A9-E50E24DCCA9E (null)
2017/01/09 15:34:22:003  RZBLog(RZBLogLevelDelegateValue): Value=<a4094e05 1019417b 4812ff34 44>
2017/01/09 15:34:22:305  RZBLog(RZBLogLevelDelegate): peripheral:didUpdateValueForCharacteristic:error: - 4D60CAA0-AAD7-41E3-95A8-C3A21885DFEE 6E40FEC2-B5A3-F393-E0A9-E50E24DCCA9E (null)
2017/01/09 15:34:22:305  RZBLog(RZBLogLevelDelegateValue): Value=<a4094e05 50ffff01 5900f00a 14>
2017/01/09 15:34:22:940  RZBLog(RZBLogLevelDelegate): centralManager:willRestoreState: - <CBCentralManager: 0x17007e380>
2017/01/09 15:34:22:940  found previous peripherial
2017/01/09 15:34:22:941  RZBLog(RZBLogLevelDelegateValue): Restore State={
    kCBRestoredPeripherals =     (
        "<CBPeripheral: 0x1700f0400, identifier = 4D60CAA0-AAD7-41E3-95A8-C3A21885DFEE, name = Tacx Neo 06588, state = connected>"
    );
    kCBRestoredScanServices =     (
        "6E40FEC1-B5A3-F393-E0A9-E50E24DCCA9E",
        "669AA305-0C08-969E-E211-86AD5062675F"
    );
}
2017/01/09 15:34:22:944  RZBLog(RZBLogLevelDelegate): centralManagerDidUpdateState: - <CBCentralManager: 0x17007e380>
2017/01/09 15:34:22:944  RZBLog(RZBLogLevelDelegateValue): State=5
2017/01/09 15:34:22:946  RZBLog(RZBLogLevelDelegate): peripheral:didUpdateValueForCharacteristic:error: - 4D60CAA0-AAD7-41E3-95A8-C3A21885DFEE 6E40FEC2-B5A3-F393-E0A9-E50E24DCCA9E (null)
2017/01/09 15:34:22:946  RZBLog(RZBLogLevelDelegateValue): Value=<a4094e05 50ffff01 5900f00a 14>
2017/01/09 15:34:22:946  RZBLog(RZBLogLevelCommand): 4D60CAA0-AAD7-41E3-95A8-C3A21885DFEE setNotifyValue:YES forCharacteristic:6E40FEC2-B5A3-F393-E0A9-E50E24DCCA9E
2017/01/09 15:34:22:946  RZBLog(RZBLogLevelCommand): scanForPeripheralsWithServices:@[6E40FEC1-B5A3-F393-E0A9-E50E24DCCA9E, 669AA305-0C08-969E-E211-86AD5062675F] options:(null)

