2017/01/11 16:06:43:178  RZBLog(RZBLogLevelDelegate): peripheral:didUpdateNotificationStateForCharacteristic:error: - 4D60CAA0-AAD7-41E3-95A8-C3A21885DFEE 6E40FEC2-B5A3-F393-E0A9-E50E24DCCA9E (null)
2017/01/11 16:06:43:178  RZBLog(RZBLogLevelDelegateValue): Notify=YES
2017/01/11 16:06:43:242  Adding initial activity to realm.
2017/01/11 16:06:43:313  elevation calculation <mps:0|distanceChangeMps:0|distanceChange:0|slopePercentage:0|elechange:0>
2017/01/11 16:06:43:319  RZBLog(RZBLogLevelCommand): 4D60CAA0-AAD7-41E3-95A8-C3A21885DFEE writeData:<data> forCharacteristic:6E40FEC3-B5A3-F393-E0A9-E50E24DCCA9E type:1
2017/01/11 16:06:43:319  RZBLog(RZBLogLevelWriteCommandData): Data=<a4090000 33000000 00204e00>
2017/01/11 16:06:43:329  RZBLog(RZBLogLevelDelegate): peripheral:didUpdateValueForCharacteristic:error: - 4D60CAA0-AAD7-41E3-95A8-C3A21885DFEE 6E40FEC2-B5A3-F393-E0A9-E50E24DCCA9E (null)
2017/01/11 16:06:43:329  RZBLog(RZBLogLevelDelegateValue): Value=<a4094e05 10195834 0000ff24 58>
2017/01/11 16:06:43:334  RZBLog(RZBLogLevelCommand): 4D60CAA0-AAD7-41E3-95A8-C3A21885DFEE writeData:<data> forCharacteristic:6E40FEC3-B5A3-F393-E0A9-E50E24DCCA9E type:1
2017/01/11 16:06:43:335  RZBLog(RZBLogLevelWriteCommandData): Data=<a4094f05 31ffffff ffff5802 73>
2017/01/11 16:06:43:346  elevation calculation <mps:0|distanceChangeMps:0|distanceChange:0|slopePercentage:0|elechange:0>
2017/01/11 16:06:43:356  Recieved activity primary key.
2017/01/11 16:06:43:358  Setting up new dataset, subscribing to B81D181E-C7CB-40BA-9E7F-4A65C5A85061.
2017/01/11 16:06:43:360  Erasing dataset
2017/01/11 16:06:43:426  Got data change notification for B81D181E-C7CB-40BA-9E7F-4A65C5A85061
2017/01/11 16:06:43:598  RZBLog(RZBLogLevelDelegate): peripheral:didUpdateValueForCharacteristic:error: - 4D60CAA0-AAD7-41E3-95A8-C3A21885DFEE 6E40FEC2-B5A3-F393-E0A9-E50E24DCCA9E (null)
2017/01/11 16:06:43:598  RZBLog(RZBLogLevelDelegateValue): Value=<a4094e05 19cc00db 37004020 bf>
2017/01/11 16:06:43:838  RZBLog(RZBLogLevelDelegate): peripheral:didUpdateValueForCharacteristic:error: - 4D60CAA0-AAD7-41E3-95A8-C3A21885DFEE 6E40FEC2-B5A3-F393-E0A9-E50E24DCCA9E (null)
2017/01/11 16:06:43:838  RZBLog(RZBLogLevelDelegateValue): Value=<a4094e05 10195834 0000ff24 58>
2017/01/11 16:06:44:078  RZBLog(RZBLogLevelDelegate): peripheral:didUpdateValueForCharacteristic:error: - 4D60CAA0-AAD7-41E3-95A8-C3A21885DFEE 6E40FEC2-B5A3-F393-E0A9-E50E24DCCA9E (null)
2017/01/11 16:06:44:078  RZBLog(RZBLogLevelDelegateValue): Value=<a4094e05 19cd00db 37004020 be>
2017/01/11 16:06:44:348  RZBLog(RZBLogLevelDelegate): peripheral:didUpdateValueForCharacteristic:error: - 4D60CAA0-AAD7-41E3-95A8-C3A21885DFEE 6E40FEC2-B5A3-F393-E0A9-E50E24DCCA9E (null)
2017/01/11 16:06:44:348  RZBLog(RZBLogLevelDelegateValue): Value=<a4094e05 10195834 0000ff24 58>
2017/01/11 16:06:44:588  RZBLog(RZBLogLevelDelegate): peripheral:didUpdateValueForCharacteristic:error: - 4D60CAA0-AAD7-41E3-95A8-C3A21885DFEE 6E40FEC2-B5A3-F393-E0A9-E50E24DCCA9E (null)
2017/01/11 16:06:44:588  RZBLog(RZBLogLevelDelegateValue): Value=<a4094e05 19ce00db 37004020 bd>
2017/01/11 16:06:44:828  RZBLog(RZBLogLevelDelegate): peripheral:didUpdateValueForCharacteristic:error: - 4D60CAA0-AAD7-41E3-95A8-C3A21885DFEE 6E40FEC2-B5A3-F393-E0A9-E50E24DCCA9E (null)
2017/01/11 16:06:44:829  RZBLog(RZBLogLevelDelegateValue): Value=<a4094e05 10195834 0000ff24 58>
2017/01/11 16:06:45:151  RZBLog(RZBLogLevelDelegate): peripheral:didUpdateValueForCharacteristic:error: - 4D60CAA0-AAD7-41E3-95A8-C3A21885DFEE 6E40FEC2-B5A3-F393-E0A9-E50E24DCCA9E (null)
2017/01/11 16:06:45:152  RZBLog(RZBLogLevelDelegateValue): Value=<a4094e05 19cf00db 37004020 bc>
2017/01/11 16:06:45:338  RZBLog(RZBLogLevelDelegate): peripheral:didUpdateValueForCharacteristic:error: - 4D60CAA0-AAD7-41E3-95A8-C3A21885DFEE 6E40FEC2-B5A3-F393-E0A9-E50E24DCCA9E (null)
2017/01/11 16:06:45:338  RZBLog(RZBLogLevelDelegateValue): Value=<a4094e05 10195834 0000ff24 58>
2017/01/11 16:06:45:578  RZBLog(RZBLogLevelDelegate): peripheral:didUpdateValueForCharacteristic:error: - 4D60CAA0-AAD7-41E3-95A8-C3A21885DFEE 6E40FEC2-B5A3-F393-E0A9-E50E24DCCA9E (null)
2017/01/11 16:06:45:579  RZBLog(RZBLogLevelDelegateValue): Value=<a4094e05 19d000db 37004020 a3>
2017/01/11 16:06:45:855  RZBLog(RZBLogLevelDelegate): peripheral:didUpdateValueForCharacteristic:error: - 4D60CAA0-AAD7-41E3-95A8-C3A21885DFEE 6E40FEC2-B5A3-F393-E0A9-E50E24DCCA9E (null)
2017/01/11 16:06:45:856  RZBLog(RZBLogLevelDelegateValue): Value=<a4094e05 10195834 0000ff24 58>
2017/01/11 16:06:46:087  RZBLog(RZBLogLevelDelegate): peripheral:didUpdateValueForCharacteristic:error: - 4D60CAA0-AAD7-41E3-95A8-C3A21885DFEE 6E40FEC2-B5A3-F393-E0A9-E50E24DCCA9E (null)
2017/01/11 16:06:46:087  RZBLog(RZBLogLevelDelegateValue): Value=<a4094e05 19d100db 37004020 a2>
2017/01/11 16:06:46:332  RZBLog(RZBLogLevelDelegate): peripheral:didUpdateValueForCharacteristic:error: - 4D60CAA0-AAD7-41E3-95A8-C3A21885DFEE 6E40FEC2-B5A3-F393-E0A9-E50E24DCCA9E (null)
2017/01/11 16:06:46:333  RZBLog(RZBLogLevelDelegateValue): Value=<a4094e05 10195834 0000ff24 58>
2017/01/11 16:06:46:598  RZBLog(RZBLogLevelDelegate): peripheral:didUpdateValueForCharacteristic:error: - 4D60CAA0-AAD7-41E3-95A8-C3A21885DFEE 6E40FEC2-B5A3-F393-E0A9-E50E24DCCA9E (null)
2017/01/11 16:06:46:598  RZBLog(RZBLogLevelDelegateValue): Value=<a4094e05 19d200db 37004020 a1>
2017/01/11 16:06:46:838  RZBLog(RZBLogLevelDelegate): peripheral:didUpdateValueForCharacteristic:error: - 4D60CAA0-AAD7-41E3-95A8-C3A21885DFEE 6E40FEC2-B5A3-F393-E0A9-E50E24DCCA9E (null)
2017/01/11 16:06:46:838  RZBLog(RZBLogLevelDelegateValue): Value=<a4094e05 10195834 0000ff24 58>
2017/01/11 16:06:47:083  RZBLog(RZBLogLevelDelegate): peripheral:didUpdateValueForCharacteristic:error: - 4D60CAA0-AAD7-41E3-95A8-C3A21885DFEE 6E40FEC2-B5A3-F393-E0A9-E50E24DCCA9E (null)
2017/01/11 16:06:47:083  RZBLog(RZBLogLevelDelegateValue): Value=<a4094e05 19d300db 37004020 a0>
2017/01/11 16:06:47:348  RZBLog(RZBLogLevelDelegate): peripheral:didUpdateValueForCharacteristic:error: - 4D60CAA0-AAD7-41E3-95A8-C3A21885DFEE 6E40FEC2-B5A3-F393-E0A9-E50E24DCCA9E (null)
2017/01/11 16:06:47:348  RZBLog(RZBLogLevelDelegateValue): Value=<a4094e05 10195834 0000ff24 58>
2017/01/11 16:06:47:588  RZBLog(RZBLogLevelDelegate): peripheral:didUpdateValueForCharacteristic:error: - 4D60CAA0-AAD7-41E3-95A8-C3A21885DFEE 6E40FEC2-B5A3-F393-E0A9-E50E24DCCA9E (null)
2017/01/11 16:06:47:588  RZBLog(RZBLogLevelDelegateValue): Value=<a4094e05 19d400db 37004020 a7>
2017/01/11 16:06:47:832  RZBLog(RZBLogLevelDelegate): peripheral:didUpdateValueForCharacteristic:error: - 4D60CAA0-AAD7-41E3-95A8-C3A21885DFEE 6E40FEC2-B5A3-F393-E0A9-E50E24DCCA9E (null)
2017/01/11 16:06:47:837  RZBLog(RZBLogLevelDelegateValue): Value=<a4094e05 10195834 0000ff24 58>
2017/01/11 16:06:48:099  RZBLog(RZBLogLevelDelegate): peripheral:didUpdateValueForCharacteristic:error: - 4D60CAA0-AAD7-41E3-95A8-C3A21885DFEE 6E40FEC2-B5A3-F393-E0A9-E50E24DCCA9E (null)
2017/01/11 16:06:48:099  RZBLog(RZBLogLevelDelegateValue): Value=<a4094e05 19d500db 37004020 a6>
2017/01/11 16:06:48:338  RZBLog(RZBLogLevelDelegate): peripheral:didUpdateValueForCharacteristic:error: - 4D60CAA0-AAD7-41E3-95A8-C3A21885DFEE 6E40FEC2-B5A3-F393-E0A9-E50E24DCCA9E (null)
2017/01/11 16:06:48:338  RZBLog(RZBLogLevelDelegateValue): Value=<a4094e05 10195834 0000ff24 58>
2017/01/11 16:06:48:579  RZBLog(RZBLogLevelDelegate): peripheral:didUpdateValueForCharacteristic:error: - 4D60CAA0-AAD7-41E3-95A8-C3A21885DFEE 6E40FEC2-B5A3-F393-E0A9-E50E24DCCA9E (null)
2017/01/11 16:06:48:579  RZBLog(RZBLogLevelDelegateValue): Value=<a4094e05 19d600db 37004020 a5>
2017/01/11 16:06:48:848  RZBLog(RZBLogLevelDelegate): peripheral:didUpdateValueForCharacteristic:error: - 4D60CAA0-AAD7-41E3-95A8-C3A21885DFEE 6E40FEC2-B5A3-F393-E0A9-E50E24DCCA9E (null)
2017/01/11 16:06:48:848  RZBLog(RZBLogLevelDelegateValue): Value=<a4094e05 10195834 0000ff24 58>
2017/01/11 16:06:49:092  RZBLog(RZBLogLevelDelegate): peripheral:didUpdateValueForCharacteristic:error: - 4D60CAA0-AAD7-41E3-95A8-C3A21885DFEE 6E40FEC2-B5A3-F393-E0A9-E50E24DCCA9E (null)
2017/01/11 16:06:49:093  RZBLog(RZBLogLevelDelegateValue): Value=<a4094e05 19d700db 37004020 a4>
2017/01/11 16:06:49:328  RZBLog(RZBLogLevelDelegate): peripheral:didUpdateValueForCharacteristic:error: - 4D60CAA0-AAD7-41E3-95A8-C3A21885DFEE 6E40FEC2-B5A3-F393-E0A9-E50E24DCCA9E (null)
2017/01/11 16:06:49:329  RZBLog(RZBLogLevelDelegateValue): Value=<a4094e05 10195834 0000ff24 58>
2017/01/11 16:06:49:599  RZBLog(RZBLogLevelDelegate): peripheral:didUpdateValueForCharacteristic:error: - 4D60CAA0-AAD7-41E3-95A8-C3A21885DFEE 6E40FEC2-B5A3-F393-E0A9-E50E24DCCA9E (null)
2017/01/11 16:06:49:599  RZBLog(RZBLogLevelDelegateValue): Value=<a4094e05 19d800db 37004020 ab>
2017/01/11 16:06:49:838  RZBLog(RZBLogLevelDelegate): peripheral:didUpdateValueForCharacteristic:error: - 4D60CAA0-AAD7-41E3-95A8-C3A21885DFEE 6E40FEC2-B5A3-F393-E0A9-E50E24DCCA9E (null)
2017/01/11 16:06:49:838  RZBLog(RZBLogLevelDelegateValue): Value=<a4094e05 10195834 0000ff24 58>
2017/01/11 16:06:50:078  RZBLog(RZBLogLevelDelegate): peripheral:didUpdateValueForCharacteristic:error: - 4D60CAA0-AAD7-41E3-95A8-C3A21885DFEE 6E40FEC2-B5A3-F393-E0A9-E50E24DCCA9E (null)
2017/01/11 16:06:50:078  RZBLog(RZBLogLevelDelegateValue): Value=<a4094e05 f0000000 00000000 16>
2017/01/11 16:06:50:348  RZBLog(RZBLogLevelDelegate): peripheral:didUpdateValueForCharacteristic:error: - 4D60CAA0-AAD7-41E3-95A8-C3A21885DFEE 6E40FEC2-B5A3-F393-E0A9-E50E24DCCA9E (null)
2017/01/11 16:06:50:348  RZBLog(RZBLogLevelDelegateValue): Value=<a4094e05 fb000302 00040200 1a>
2017/01/11 16:06:50:588  RZBLog(RZBLogLevelDelegate): peripheral:didUpdateValueForCharacteristic:error: - 4D60CAA0-AAD7-41E3-95A8-C3A21885DFEE 6E40FEC2-B5A3-F393-E0A9-E50E24DCCA9E (null)
2017/01/11 16:06:50:588  RZBLog(RZBLogLevelDelegateValue): Value=<a4094e05 19d900db 37004020 aa>
2017/01/11 16:06:50:828  RZBLog(RZBLogLevelDelegate): peripheral:didUpdateValueForCharacteristic:error: - 4D60CAA0-AAD7-41E3-95A8-C3A21885DFEE 6E40FEC2-B5A3-F393-E0A9-E50E24DCCA9E (null)
2017/01/11 16:06:50:828  RZBLog(RZBLogLevelDelegateValue): Value=<a4094e05 10195834 0000ff24 58>
2017/01/11 16:06:51:117  RZBLog(RZBLogLevelDelegate): peripheral:didUpdateValueForCharacteristic:error: - 4D60CAA0-AAD7-41E3-95A8-C3A21885DFEE 6E40FEC2-B5A3-F393-E0A9-E50E24DCCA9E (null)
2017/01/11 16:06:51:117  RZBLog(RZBLogLevelDelegateValue): Value=<a4094e05 19da00db 37004020 a9>
2017/01/11 16:06:51:340  RZBLog(RZBLogLevelDelegate): peripheral:didUpdateValueForCharacteristic:error: - 4D60CAA0-AAD7-41E3-95A8-C3A21885DFEE 6E40FEC2-B5A3-F393-E0A9-E50E24DCCA9E (null)
2017/01/11 16:06:51:344  RZBLog(RZBLogLevelDelegateValue): Value=<a4094e05 10195834 0000ff24 58>
2017/01/11 16:06:51:577  RZBLog(RZBLogLevelDelegate): peripheral:didUpdateValueForCharacteristic:error: - 4D60CAA0-AAD7-41E3-95A8-C3A21885DFEE 6E40FEC2-B5A3-F393-E0A9-E50E24DCCA9E (null)
2017/01/11 16:06:51:577  RZBLog(RZBLogLevelDelegateValue): Value=<a4094e05 19db00db 37004020 a8>
2017/01/11 16:06:51:848  RZBLog(RZBLogLevelDelegate): peripheral:didUpdateValueForCharacteristic:error: - 4D60CAA0-AAD7-41E3-95A8-C3A21885DFEE 6E40FEC2-B5A3-F393-E0A9-E50E24DCCA9E (null)
2017/01/11 16:06:51:848  RZBLog(RZBLogLevelDelegateValue): Value=<a4094e05 10195834 0000ff24 58>
2017/01/11 16:06:52:156  RZBLog(RZBLogLevelDelegate): peripheral:didUpdateValueForCharacteristic:error: - 4D60CAA0-AAD7-41E3-95A8-C3A21885DFEE 6E40FEC2-B5A3-F393-E0A9-E50E24DCCA9E (null)
2017/01/11 16:06:52:156  RZBLog(RZBLogLevelDelegateValue): Value=<a4094e05 19dc00db 37004020 af>
2017/01/11 16:06:52:328  RZBLog(RZBLogLevelDelegate): peripheral:didUpdateValueForCharacteristic:error: - 4D60CAA0-AAD7-41E3-95A8-C3A21885DFEE 6E40FEC2-B5A3-F393-E0A9-E50E24DCCA9E (null)
2017/01/11 16:06:52:328  RZBLog(RZBLogLevelDelegateValue): Value=<a4094e05 10195834 0000ff24 58>
2017/01/11 16:06:52:598  RZBLog(RZBLogLevelDelegate): peripheral:didUpdateValueForCharacteristic:error: - 4D60CAA0-AAD7-41E3-95A8-C3A21885DFEE 6E40FEC2-B5A3-F393-E0A9-E50E24DCCA9E (null)
2017/01/11 16:06:52:598  RZBLog(RZBLogLevelDelegateValue): Value=<a4094e05 19dd00db 37004020 ae>
2017/01/11 16:06:52:838  RZBLog(RZBLogLevelDelegate): peripheral:didUpdateValueForCharacteristic:error: - 4D60CAA0-AAD7-41E3-95A8-C3A21885DFEE 6E40FEC2-B5A3-F393-E0A9-E50E24DCCA9E (null)
2017/01/11 16:06:52:838  RZBLog(RZBLogLevelDelegateValue): Value=<a4094e05 10195834 0000ff24 58>
2017/01/11 16:06:53:079  RZBLog(RZBLogLevelDelegate): peripheral:didUpdateValueForCharacteristic:error: - 4D60CAA0-AAD7-41E3-95A8-C3A21885DFEE 6E40FEC2-B5A3-F393-E0A9-E50E24DCCA9E (null)
2017/01/11 16:06:53:080  RZBLog(RZBLogLevelDelegateValue): Value=<a4094e05 19de00db 37004020 ad>
2017/01/11 16:06:53:358  RZBLog(RZBLogLevelDelegate): peripheral:didUpdateValueForCharacteristic:error: - 4D60CAA0-AAD7-41E3-95A8-C3A21885DFEE 6E40FEC2-B5A3-F393-E0A9-E50E24DCCA9E (null)
2017/01/11 16:06:53:358  RZBLog(RZBLogLevelDelegateValue): Value=<a4094e05 10195834 0000ff24 58>
2017/01/11 16:06:53:587  RZBLog(RZBLogLevelDelegate): peripheral:didUpdateValueForCharacteristic:error: - 4D60CAA0-AAD7-41E3-95A8-C3A21885DFEE 6E40FEC2-B5A3-F393-E0A9-E50E24DCCA9E (null)
2017/01/11 16:06:53:587  RZBLog(RZBLogLevelDelegateValue): Value=<a4094e05 19df00db 37004020 ac>
2017/01/11 16:06:53:829  RZBLog(RZBLogLevelDelegate): peripheral:didUpdateValueForCharacteristic:error: - 4D60CAA0-AAD7-41E3-95A8-C3A21885DFEE 6E40FEC2-B5A3-F393-E0A9-E50E24DCCA9E (null)
2017/01/11 16:06:53:829  RZBLog(RZBLogLevelDelegateValue): Value=<a4094e05 10195834 0000ff24 58>
2017/01/11 16:06:54:160  RZBLog(RZBLogLevelDelegate): peripheral:didUpdateValueForCharacteristic:error: - 4D60CAA0-AAD7-41E3-95A8-C3A21885DFEE 6E40FEC2-B5A3-F393-E0A9-E50E24DCCA9E (null)
2017/01/11 16:06:54:160  RZBLog(RZBLogLevelDelegateValue): Value=<a4094e05 19e000db 37004020 93>
2017/01/11 16:06:54:338  RZBLog(RZBLogLevelDelegate): peripheral:didUpdateValueForCharacteristic:error: - 4D60CAA0-AAD7-41E3-95A8-C3A21885DFEE 6E40FEC2-B5A3-F393-E0A9-E50E24DCCA9E (null)
2017/01/11 16:06:54:338  RZBLog(RZBLogLevelDelegateValue): Value=<a4094e05 10195834 0000ff24 58>
2017/01/11 16:06:54:578  RZBLog(RZBLogLevelDelegate): peripheral:didUpdateValueForCharacteristic:error: - 4D60CAA0-AAD7-41E3-95A8-C3A21885DFEE 6E40FEC2-B5A3-F393-E0A9-E50E24DCCA9E (null)
2017/01/11 16:06:54:578  RZBLog(RZBLogLevelDelegateValue): Value=<a4094e05 19e100db 37004020 92>
2017/01/11 16:06:54:849  RZBLog(RZBLogLevelDelegate): peripheral:didUpdateValueForCharacteristic:error: - 4D60CAA0-AAD7-41E3-95A8-C3A21885DFEE 6E40FEC2-B5A3-F393-E0A9-E50E24DCCA9E (null)
2017/01/11 16:06:54:849  RZBLog(RZBLogLevelDelegateValue): Value=<a4094e05 10195834 0000ff24 58>
2017/01/11 16:06:55:088  RZBLog(RZBLogLevelDelegate): peripheral:didUpdateValueForCharacteristic:error: - 4D60CAA0-AAD7-41E3-95A8-C3A21885DFEE 6E40FEC2-B5A3-F393-E0A9-E50E24DCCA9E (null)
2017/01/11 16:06:55:088  RZBLog(RZBLogLevelDelegateValue): Value=<a4094e05 19e200db 37004020 91>
2017/01/11 16:06:55:328  RZBLog(RZBLogLevelDelegate): peripheral:didUpdateValueForCharacteristic:error: - 4D60CAA0-AAD7-41E3-95A8-C3A21885DFEE 6E40FEC2-B5A3-F393-E0A9-E50E24DCCA9E (null)
2017/01/11 16:06:55:329  RZBLog(RZBLogLevelDelegateValue): Value=<a4094e05 10195834 0000ff24 58>
2017/01/11 16:06:55:598  RZBLog(RZBLogLevelDelegate): peripheral:didUpdateValueForCharacteristic:error: - 4D60CAA0-AAD7-41E3-95A8-C3A21885DFEE 6E40FEC2-B5A3-F393-E0A9-E50E24DCCA9E (null)
2017/01/11 16:06:55:598  RZBLog(RZBLogLevelDelegateValue): Value=<a4094e05 19e300db 37004020 90>
2017/01/11 16:06:55:838  RZBLog(RZBLogLevelDelegate): peripheral:didUpdateValueForCharacteristic:error: - 4D60CAA0-AAD7-41E3-95A8-C3A21885DFEE 6E40FEC2-B5A3-F393-E0A9-E50E24DCCA9E (null)
2017/01/11 16:06:55:838  RZBLog(RZBLogLevelDelegateValue): Value=<a4094e05 10195834 0000ff24 58>
2017/01/11 16:06:56:078  RZBLog(RZBLogLevelDelegate): peripheral:didUpdateValueForCharacteristic:error: - 4D60CAA0-AAD7-41E3-95A8-C3A21885DFEE 6E40FEC2-B5A3-F393-E0A9-E50E24DCCA9E (null)
2017/01/11 16:06:56:078  RZBLog(RZBLogLevelDelegateValue): Value=<a4094e05 19e400db 37004020 97>
2017/01/11 16:06:56:349  RZBLog(RZBLogLevelDelegate): peripheral:didUpdateValueForCharacteristic:error: - 4D60CAA0-AAD7-41E3-95A8-C3A21885DFEE 6E40FEC2-B5A3-F393-E0A9-E50E24DCCA9E (null)
2017/01/11 16:06:56:349  RZBLog(RZBLogLevelDelegateValue): Value=<a4094e05 10195834 0000ff24 58>
2017/01/11 16:06:56:588  RZBLog(RZBLogLevelDelegate): peripheral:didUpdateValueForCharacteristic:error: - 4D60CAA0-AAD7-41E3-95A8-C3A21885DFEE 6E40FEC2-B5A3-F393-E0A9-E50E24DCCA9E (null)
2017/01/11 16:06:56:588  RZBLog(RZBLogLevelDelegateValue): Value=<a4094e05 19e500db 37004020 96>
2017/01/11 16:06:56:834  RZBLog(RZBLogLevelDelegate): peripheral:didUpdateValueForCharacteristic:error: - 4D60CAA0-AAD7-41E3-95A8-C3A21885DFEE 6E40FEC2-B5A3-F393-E0A9-E50E24DCCA9E (null)
2017/01/11 16:06:56:834  RZBLog(RZBLogLevelDelegateValue): Value=<a4094e05 10195834 0000ff24 58>
2017/01/11 16:06:57:338  RZBLog(RZBLogLevelDelegate): peripheral:didUpdateValueForCharacteristic:error: - 4D60CAA0-AAD7-41E3-95A8-C3A21885DFEE 6E40FEC2-B5A3-F393-E0A9-E50E24DCCA9E (null)
2017/01/11 16:06:57:338  RZBLog(RZBLogLevelDelegateValue): Value=<a4094e05 10195834 0000ff24 58>
2017/01/11 16:06:57:578  RZBLog(RZBLogLevelDelegate): peripheral:didUpdateValueForCharacteristic:error: - 4D60CAA0-AAD7-41E3-95A8-C3A21885DFEE 6E40FEC2-B5A3-F393-E0A9-E50E24DCCA9E (null)
2017/01/11 16:06:57:578  RZBLog(RZBLogLevelDelegateValue): Value=<a4094e05 19e700db 37004020 94>
2017/01/11 16:06:57:818  RZBLog(RZBLogLevelDelegate): peripheral:didUpdateValueForCharacteristic:error: - 4D60CAA0-AAD7-41E3-95A8-C3A21885DFEE 6E40FEC2-B5A3-F393-E0A9-E50E24DCCA9E (null)
2017/01/11 16:06:57:818  RZBLog(RZBLogLevelDelegateValue): Value=<a4094e05 10195834 0000ff24 58>
2017/01/11 16:06:58:088  RZBLog(RZBLogLevelDelegate): peripheral:didUpdateValueForCharacteristic:error: - 4D60CAA0-AAD7-41E3-95A8-C3A21885DFEE 6E40FEC2-B5A3-F393-E0A9-E50E24DCCA9E (null)
2017/01/11 16:06:58:088  RZBLog(RZBLogLevelDelegateValue): Value=<a4094e05 19e800db 37004020 9b>
2017/01/11 16:06:58:328  RZBLog(RZBLogLevelDelegate): peripheral:didUpdateValueForCharacteristic:error: - 4D60CAA0-AAD7-41E3-95A8-C3A21885DFEE 6E40FEC2-B5A3-F393-E0A9-E50E24DCCA9E (null)
2017/01/11 16:06:58:328  RZBLog(RZBLogLevelDelegateValue): Value=<a4094e05 10195834 0000ff24 58>
2017/01/11 16:06:58:572  RZBLog(RZBLogLevelDelegate): peripheral:didUpdateValueForCharacteristic:error: - 4D60CAA0-AAD7-41E3-95A8-C3A21885DFEE 6E40FEC2-B5A3-F393-E0A9-E50E24DCCA9E (null)
2017/01/11 16:06:58:572  RZBLog(RZBLogLevelDelegateValue): Value=<a4094e05 51ff0003 bc190000 ee>
2017/01/11 16:06:59:586  RZBLog(RZBLogLevelDelegate): centralManager:willRestoreState: - <CBCentralManager: 0x17026c200>
2017/01/11 16:06:59:587  RZBLog(RZBLogLevelDelegateValue): Restore State={
    kCBRestoredPeripherals =     (
        "<CBPeripheral: 0x1742e3a80, identifier = 4D60CAA0-AAD7-41E3-95A8-C3A21885DFEE, name = Tacx Neo 06588, state = connected>"
    );
    kCBRestoredScanServices =     (
        "6E40FEC1-B5A3-F393-E0A9-E50E24DCCA9E",
        "669AA305-0C08-969E-E211-86AD5062675F"
    );
}
2017/01/11 16:06:59:588  RZBLog(RZBLogLevelDelegate): centralManagerDidUpdateState: - <CBCentralManager: 0x17026c200>
2017/01/11 16:06:59:588  RZBLog(RZBLogLevelDelegateValue): State=5
2017/01/11 16:06:59:588  RZBLog(RZBLogLevelDelegate): peripheral:didUpdateValueForCharacteristic:error: - 4D60CAA0-AAD7-41E3-95A8-C3A21885DFEE 6E40FEC2-B5A3-F393-E0A9-E50E24DCCA9E (null)
2017/01/11 16:06:59:588  RZBLog(RZBLogLevelDelegateValue): Value=<a4094e05 10195834 0000ff24 58>
2017/01/11 16:06:59:589  RZBLog(RZBLogLevelDelegate): peripheral:didUpdateValueForCharacteristic:error: - 4D60CAA0-AAD7-41E3-95A8-C3A21885DFEE 6E40FEC2-B5A3-F393-E0A9-E50E24DCCA9E (null)
2017/01/11 16:06:59:589  RZBLog(RZBLogLevelDelegateValue): Value=<a4094e05 19ea00db 37004020 99>
2017/01/11 16:06:59:589  RZBLog(RZBLogLevelCommand): 4D60CAA0-AAD7-41E3-95A8-C3A21885DFEE setNotifyValue:YES forCharacteristic:6E40FEC2-B5A3-F393-E0A9-E50E24DCCA9E
2017/01/11 16:06:59:593  found previous peripherial
2017/01/11 16:06:59:598  RZBLog(RZBLogLevelCommand): scanForPeripheralsWithServices:@[6E40FEC1-B5A3-F393-E0A9-E50E24DCCA9E, 669AA305-0C08-969E-E211-86AD5062675F] options:(null)

