2017/01/11 15:52:58:801  RZBLog(RZBLogLevelDelegate): peripheral:didUpdateValueForCharacteristic:error: - 4D60CAA0-AAD7-41E3-95A8-C3A21885DFEE 6E40FEC2-B5A3-F393-E0A9-E50E24DCCA9E (null)
2017/01/11 15:52:58:801  RZBLog(RZBLogLevelDelegateValue): Value=<a4094e05 10195834 0000ff24 58>
2017/01/11 15:52:58:805  Adding initial activity to realm.
2017/01/11 15:52:58:874  elevation calculation <mps:0|distanceChangeMps:0|distanceChange:0|slopePercentage:0|elechange:0>
2017/01/11 15:52:58:883  RZBLog(RZBLogLevelCommand): 4D60CAA0-AAD7-41E3-95A8-C3A21885DFEE writeData:<data> forCharacteristic:6E40FEC3-B5A3-F393-E0A9-E50E24DCCA9E type:1
2017/01/11 15:52:58:883  RZBLog(RZBLogLevelWriteCommandData): Data=<a4090000 33000000 00204e00>
2017/01/11 15:52:58:895  RZBLog(RZBLogLevelCommand): 4D60CAA0-AAD7-41E3-95A8-C3A21885DFEE writeData:<data> forCharacteristic:6E40FEC3-B5A3-F393-E0A9-E50E24DCCA9E type:1
2017/01/11 15:52:58:895  RZBLog(RZBLogLevelWriteCommandData): Data=<a4094f05 31ffffff ffff5802 73>
2017/01/11 15:52:58:902  elevation calculation <mps:0|distanceChangeMps:0|distanceChange:0|slopePercentage:0|elechange:0>
2017/01/11 15:52:58:910  Recieved activity primary key.
2017/01/11 15:52:58:911  Setting up new dataset, subscribing to 40C78201-63F3-4C0E-AB12-2710466708F2.
2017/01/11 15:52:58:913  Erasing dataset
2017/01/11 15:52:58:972  Got data change notification for 40C78201-63F3-4C0E-AB12-2710466708F2
2017/01/11 15:52:59:040  RZBLog(RZBLogLevelDelegate): peripheral:didUpdateValueForCharacteristic:error: - 4D60CAA0-AAD7-41E3-95A8-C3A21885DFEE 6E40FEC2-B5A3-F393-E0A9-E50E24DCCA9E (null)
2017/01/11 15:52:59:040  RZBLog(RZBLogLevelDelegateValue): Value=<a4094e05 19bf00db 37004020 cc>
2017/01/11 15:52:59:310  RZBLog(RZBLogLevelDelegate): peripheral:didUpdateValueForCharacteristic:error: - 4D60CAA0-AAD7-41E3-95A8-C3A21885DFEE 6E40FEC2-B5A3-F393-E0A9-E50E24DCCA9E (null)
2017/01/11 15:52:59:311  RZBLog(RZBLogLevelDelegateValue): Value=<a4094e05 10195834 0000ff24 58>
2017/01/11 15:52:59:550  RZBLog(RZBLogLevelDelegate): peripheral:didUpdateValueForCharacteristic:error: - 4D60CAA0-AAD7-41E3-95A8-C3A21885DFEE 6E40FEC2-B5A3-F393-E0A9-E50E24DCCA9E (null)
2017/01/11 15:52:59:551  RZBLog(RZBLogLevelDelegateValue): Value=<a4094e05 19c000db 37004020 b3>
2017/01/11 15:52:59:791  RZBLog(RZBLogLevelDelegate): peripheral:didUpdateValueForCharacteristic:error: - 4D60CAA0-AAD7-41E3-95A8-C3A21885DFEE 6E40FEC2-B5A3-F393-E0A9-E50E24DCCA9E (null)
2017/01/11 15:52:59:791  RZBLog(RZBLogLevelDelegateValue): Value=<a4094e05 10195834 0000ff24 58>
2017/01/11 15:53:00:061  RZBLog(RZBLogLevelDelegate): peripheral:didUpdateValueForCharacteristic:error: - 4D60CAA0-AAD7-41E3-95A8-C3A21885DFEE 6E40FEC2-B5A3-F393-E0A9-E50E24DCCA9E (null)
2017/01/11 15:53:00:061  RZBLog(RZBLogLevelDelegateValue): Value=<a4094e05 19c100db 37004020 b2>
2017/01/11 15:53:00:301  RZBLog(RZBLogLevelDelegate): peripheral:didUpdateValueForCharacteristic:error: - 4D60CAA0-AAD7-41E3-95A8-C3A21885DFEE 6E40FEC2-B5A3-F393-E0A9-E50E24DCCA9E (null)
2017/01/11 15:53:00:301  RZBLog(RZBLogLevelDelegateValue): Value=<a4094e05 10195834 0000ff24 58>
2017/01/11 15:53:00:576  RZBLog(RZBLogLevelDelegate): peripheral:didUpdateValueForCharacteristic:error: - 4D60CAA0-AAD7-41E3-95A8-C3A21885DFEE 6E40FEC2-B5A3-F393-E0A9-E50E24DCCA9E (null)
2017/01/11 15:53:00:576  RZBLog(RZBLogLevelDelegateValue): Value=<a4094e05 19c200db 37004020 b1>
2017/01/11 15:53:00:810  RZBLog(RZBLogLevelDelegate): peripheral:didUpdateValueForCharacteristic:error: - 4D60CAA0-AAD7-41E3-95A8-C3A21885DFEE 6E40FEC2-B5A3-F393-E0A9-E50E24DCCA9E (null)
2017/01/11 15:53:00:810  RZBLog(RZBLogLevelDelegateValue): Value=<a4094e05 10195834 0000ff24 58>
2017/01/11 15:53:01:052  RZBLog(RZBLogLevelDelegate): peripheral:didUpdateValueForCharacteristic:error: - 4D60CAA0-AAD7-41E3-95A8-C3A21885DFEE 6E40FEC2-B5A3-F393-E0A9-E50E24DCCA9E (null)
2017/01/11 15:53:01:052  RZBLog(RZBLogLevelDelegateValue): Value=<a4094e05 19c300db 37004020 b0>
2017/01/11 15:53:01:321  RZBLog(RZBLogLevelDelegate): peripheral:didUpdateValueForCharacteristic:error: - 4D60CAA0-AAD7-41E3-95A8-C3A21885DFEE 6E40FEC2-B5A3-F393-E0A9-E50E24DCCA9E (null)
2017/01/11 15:53:01:322  RZBLog(RZBLogLevelDelegateValue): Value=<a4094e05 10195834 0000ff24 58>
2017/01/11 15:53:01:560  RZBLog(RZBLogLevelDelegate): peripheral:didUpdateValueForCharacteristic:error: - 4D60CAA0-AAD7-41E3-95A8-C3A21885DFEE 6E40FEC2-B5A3-F393-E0A9-E50E24DCCA9E (null)
2017/01/11 15:53:01:560  RZBLog(RZBLogLevelDelegateValue): Value=<a4094e05 19c400db 37004020 b7>
2017/01/11 15:53:01:800  RZBLog(RZBLogLevelDelegate): peripheral:didUpdateValueForCharacteristic:error: - 4D60CAA0-AAD7-41E3-95A8-C3A21885DFEE 6E40FEC2-B5A3-F393-E0A9-E50E24DCCA9E (null)
2017/01/11 15:53:01:801  RZBLog(RZBLogLevelDelegateValue): Value=<a4094e05 10195834 0000ff24 58>
2017/01/11 15:53:02:072  RZBLog(RZBLogLevelDelegate): peripheral:didUpdateValueForCharacteristic:error: - 4D60CAA0-AAD7-41E3-95A8-C3A21885DFEE 6E40FEC2-B5A3-F393-E0A9-E50E24DCCA9E (null)
2017/01/11 15:53:02:075  RZBLog(RZBLogLevelDelegateValue): Value=<a4094e05 19c500db 37004020 b6>
2017/01/11 15:53:02:310  RZBLog(RZBLogLevelDelegate): peripheral:didUpdateValueForCharacteristic:error: - 4D60CAA0-AAD7-41E3-95A8-C3A21885DFEE 6E40FEC2-B5A3-F393-E0A9-E50E24DCCA9E (null)
2017/01/11 15:53:02:310  RZBLog(RZBLogLevelDelegateValue): Value=<a4094e05 10195834 0000ff24 58>
2017/01/11 15:53:02:551  RZBLog(RZBLogLevelDelegate): peripheral:didUpdateValueForCharacteristic:error: - 4D60CAA0-AAD7-41E3-95A8-C3A21885DFEE 6E40FEC2-B5A3-F393-E0A9-E50E24DCCA9E (null)
2017/01/11 15:53:02:551  RZBLog(RZBLogLevelDelegateValue): Value=<a4094e05 19c600db 37004020 b5>
2017/01/11 15:53:02:821  RZBLog(RZBLogLevelDelegate): peripheral:didUpdateValueForCharacteristic:error: - 4D60CAA0-AAD7-41E3-95A8-C3A21885DFEE 6E40FEC2-B5A3-F393-E0A9-E50E24DCCA9E (null)
2017/01/11 15:53:02:821  RZBLog(RZBLogLevelDelegateValue): Value=<a4094e05 10195834 0000ff24 58>
2017/01/11 15:53:03:067  RZBLog(RZBLogLevelDelegate): peripheral:didUpdateValueForCharacteristic:error: - 4D60CAA0-AAD7-41E3-95A8-C3A21885DFEE 6E40FEC2-B5A3-F393-E0A9-E50E24DCCA9E (null)
2017/01/11 15:53:03:067  RZBLog(RZBLogLevelDelegateValue): Value=<a4094e05 19c700db 37004020 b4>
2017/01/11 15:53:03:300  RZBLog(RZBLogLevelDelegate): peripheral:didUpdateValueForCharacteristic:error: - 4D60CAA0-AAD7-41E3-95A8-C3A21885DFEE 6E40FEC2-B5A3-F393-E0A9-E50E24DCCA9E (null)
2017/01/11 15:53:03:300  RZBLog(RZBLogLevelDelegateValue): Value=<a4094e05 10195834 0000ff24 58>
2017/01/11 15:53:03:571  RZBLog(RZBLogLevelDelegate): peripheral:didUpdateValueForCharacteristic:error: - 4D60CAA0-AAD7-41E3-95A8-C3A21885DFEE 6E40FEC2-B5A3-F393-E0A9-E50E24DCCA9E (null)
2017/01/11 15:53:03:571  RZBLog(RZBLogLevelDelegateValue): Value=<a4094e05 19c800db 37004020 bb>
2017/01/11 15:53:03:810  RZBLog(RZBLogLevelDelegate): peripheral:didUpdateValueForCharacteristic:error: - 4D60CAA0-AAD7-41E3-95A8-C3A21885DFEE 6E40FEC2-B5A3-F393-E0A9-E50E24DCCA9E (null)
2017/01/11 15:53:03:811  RZBLog(RZBLogLevelDelegateValue): Value=<a4094e05 10195834 0000ff24 58>
2017/01/11 15:53:04:057  RZBLog(RZBLogLevelDelegate): peripheral:didUpdateValueForCharacteristic:error: - 4D60CAA0-AAD7-41E3-95A8-C3A21885DFEE 6E40FEC2-B5A3-F393-E0A9-E50E24DCCA9E (null)
2017/01/11 15:53:04:057  RZBLog(RZBLogLevelDelegateValue): Value=<a4094e05 19c900db 37004020 ba>
2017/01/11 15:53:04:320  RZBLog(RZBLogLevelDelegate): peripheral:didUpdateValueForCharacteristic:error: - 4D60CAA0-AAD7-41E3-95A8-C3A21885DFEE 6E40FEC2-B5A3-F393-E0A9-E50E24DCCA9E (null)
2017/01/11 15:53:04:320  RZBLog(RZBLogLevelDelegateValue): Value=<a4094e05 10195834 0000ff24 58>
2017/01/11 15:53:04:561  RZBLog(RZBLogLevelDelegate): peripheral:didUpdateValueForCharacteristic:error: - 4D60CAA0-AAD7-41E3-95A8-C3A21885DFEE 6E40FEC2-B5A3-F393-E0A9-E50E24DCCA9E (null)
2017/01/11 15:53:04:561  RZBLog(RZBLogLevelDelegateValue): Value=<a4094e05 19ca00db 37004020 b9>
2017/01/11 15:53:04:800  RZBLog(RZBLogLevelDelegate): peripheral:didUpdateValueForCharacteristic:error: - 4D60CAA0-AAD7-41E3-95A8-C3A21885DFEE 6E40FEC2-B5A3-F393-E0A9-E50E24DCCA9E (null)
2017/01/11 15:53:04:801  RZBLog(RZBLogLevelDelegateValue): Value=<a4094e05 10195834 0000ff24 58>
2017/01/11 15:53:05:071  RZBLog(RZBLogLevelDelegate): peripheral:didUpdateValueForCharacteristic:error: - 4D60CAA0-AAD7-41E3-95A8-C3A21885DFEE 6E40FEC2-B5A3-F393-E0A9-E50E24DCCA9E (null)
2017/01/11 15:53:05:071  RZBLog(RZBLogLevelDelegateValue): Value=<a4094e05 f0000000 00000000 16>
2017/01/11 15:53:05:311  RZBLog(RZBLogLevelDelegate): peripheral:didUpdateValueForCharacteristic:error: - 4D60CAA0-AAD7-41E3-95A8-C3A21885DFEE 6E40FEC2-B5A3-F393-E0A9-E50E24DCCA9E (null)
2017/01/11 15:53:05:311  RZBLog(RZBLogLevelDelegateValue): Value=<a4094e05 fb000302 00040200 1a>
2017/01/11 15:53:05:551  RZBLog(RZBLogLevelDelegate): peripheral:didUpdateValueForCharacteristic:error: - 4D60CAA0-AAD7-41E3-95A8-C3A21885DFEE 6E40FEC2-B5A3-F393-E0A9-E50E24DCCA9E (null)
2017/01/11 15:53:05:551  RZBLog(RZBLogLevelDelegateValue): Value=<a4094e05 19cb00db 37004020 b8>
2017/01/11 15:53:05:825  RZBLog(RZBLogLevelDelegate): peripheral:didUpdateValueForCharacteristic:error: - 4D60CAA0-AAD7-41E3-95A8-C3A21885DFEE 6E40FEC2-B5A3-F393-E0A9-E50E24DCCA9E (null)
2017/01/11 15:53:05:825  RZBLog(RZBLogLevelDelegateValue): Value=<a4094e05 10195834 0000ff24 58>
2017/01/11 15:53:06:065  RZBLog(RZBLogLevelDelegate): peripheral:didUpdateValueForCharacteristic:error: - 4D60CAA0-AAD7-41E3-95A8-C3A21885DFEE 6E40FEC2-B5A3-F393-E0A9-E50E24DCCA9E (null)
2017/01/11 15:53:06:065  RZBLog(RZBLogLevelDelegateValue): Value=<a4094e05 19cc00db 37004020 bf>
2017/01/11 15:53:06:300  RZBLog(RZBLogLevelDelegate): peripheral:didUpdateValueForCharacteristic:error: - 4D60CAA0-AAD7-41E3-95A8-C3A21885DFEE 6E40FEC2-B5A3-F393-E0A9-E50E24DCCA9E (null)
2017/01/11 15:53:06:300  RZBLog(RZBLogLevelDelegateValue): Value=<a4094e05 10195834 0000ff24 58>
2017/01/11 15:53:06:571  RZBLog(RZBLogLevelDelegate): peripheral:didUpdateValueForCharacteristic:error: - 4D60CAA0-AAD7-41E3-95A8-C3A21885DFEE 6E40FEC2-B5A3-F393-E0A9-E50E24DCCA9E (null)
2017/01/11 15:53:06:571  RZBLog(RZBLogLevelDelegateValue): Value=<a4094e05 19cd00db 37004020 be>
2017/01/11 15:53:06:811  RZBLog(RZBLogLevelDelegate): peripheral:didUpdateValueForCharacteristic:error: - 4D60CAA0-AAD7-41E3-95A8-C3A21885DFEE 6E40FEC2-B5A3-F393-E0A9-E50E24DCCA9E (null)
2017/01/11 15:53:06:811  RZBLog(RZBLogLevelDelegateValue): Value=<a4094e05 10195834 0000ff24 58>
2017/01/11 15:53:07:050  RZBLog(RZBLogLevelDelegate): peripheral:didUpdateValueForCharacteristic:error: - 4D60CAA0-AAD7-41E3-95A8-C3A21885DFEE 6E40FEC2-B5A3-F393-E0A9-E50E24DCCA9E (null)
2017/01/11 15:53:07:051  RZBLog(RZBLogLevelDelegateValue): Value=<a4094e05 19ce00db 37004020 bd>
2017/01/11 15:53:07:357  RZBLog(RZBLogLevelDelegate): peripheral:didUpdateValueForCharacteristic:error: - 4D60CAA0-AAD7-41E3-95A8-C3A21885DFEE 6E40FEC2-B5A3-F393-E0A9-E50E24DCCA9E (null)
2017/01/11 15:53:07:358  RZBLog(RZBLogLevelDelegateValue): Value=<a4094e05 10195834 0000ff24 58>
2017/01/11 15:53:07:560  RZBLog(RZBLogLevelDelegate): peripheral:didUpdateValueForCharacteristic:error: - 4D60CAA0-AAD7-41E3-95A8-C3A21885DFEE 6E40FEC2-B5A3-F393-E0A9-E50E24DCCA9E (null)
2017/01/11 15:53:07:560  RZBLog(RZBLogLevelDelegateValue): Value=<a4094e05 19cf00db 37004020 bc>
2017/01/11 15:53:07:800  RZBLog(RZBLogLevelDelegate): peripheral:didUpdateValueForCharacteristic:error: - 4D60CAA0-AAD7-41E3-95A8-C3A21885DFEE 6E40FEC2-B5A3-F393-E0A9-E50E24DCCA9E (null)
2017/01/11 15:53:07:800  RZBLog(RZBLogLevelDelegateValue): Value=<a4094e05 10195834 0000ff24 58>
2017/01/11 15:53:08:071  RZBLog(RZBLogLevelDelegate): peripheral:didUpdateValueForCharacteristic:error: - 4D60CAA0-AAD7-41E3-95A8-C3A21885DFEE 6E40FEC2-B5A3-F393-E0A9-E50E24DCCA9E (null)
2017/01/11 15:53:08:071  RZBLog(RZBLogLevelDelegateValue): Value=<a4094e05 19d000db 37004020 a3>
2017/01/11 15:53:08:311  RZBLog(RZBLogLevelDelegate): peripheral:didUpdateValueForCharacteristic:error: - 4D60CAA0-AAD7-41E3-95A8-C3A21885DFEE 6E40FEC2-B5A3-F393-E0A9-E50E24DCCA9E (null)
2017/01/11 15:53:08:311  RZBLog(RZBLogLevelDelegateValue): Value=<a4094e05 10195834 0000ff24 58>
2017/01/11 15:53:08:555  RZBLog(RZBLogLevelDelegate): peripheral:didUpdateValueForCharacteristic:error: - 4D60CAA0-AAD7-41E3-95A8-C3A21885DFEE 6E40FEC2-B5A3-F393-E0A9-E50E24DCCA9E (null)
2017/01/11 15:53:08:555  RZBLog(RZBLogLevelDelegateValue): Value=<a4094e05 19d100db 37004020 a2>
2017/01/11 15:53:08:820  RZBLog(RZBLogLevelDelegate): peripheral:didUpdateValueForCharacteristic:error: - 4D60CAA0-AAD7-41E3-95A8-C3A21885DFEE 6E40FEC2-B5A3-F393-E0A9-E50E24DCCA9E (null)
2017/01/11 15:53:08:820  RZBLog(RZBLogLevelDelegateValue): Value=<a4094e05 10195834 0000ff24 58>
2017/01/11 15:53:09:061  RZBLog(RZBLogLevelDelegate): peripheral:didUpdateValueForCharacteristic:error: - 4D60CAA0-AAD7-41E3-95A8-C3A21885DFEE 6E40FEC2-B5A3-F393-E0A9-E50E24DCCA9E (null)
2017/01/11 15:53:09:061  RZBLog(RZBLogLevelDelegateValue): Value=<a4094e05 19d200db 37004020 a1>
2017/01/11 15:53:09:301  RZBLog(RZBLogLevelDelegate): peripheral:didUpdateValueForCharacteristic:error: - 4D60CAA0-AAD7-41E3-95A8-C3A21885DFEE 6E40FEC2-B5A3-F393-E0A9-E50E24DCCA9E (null)
2017/01/11 15:53:09:301  RZBLog(RZBLogLevelDelegateValue): Value=<a4094e05 10195834 0000ff24 58>
2017/01/11 15:53:09:578  RZBLog(RZBLogLevelDelegate): peripheral:didUpdateValueForCharacteristic:error: - 4D60CAA0-AAD7-41E3-95A8-C3A21885DFEE 6E40FEC2-B5A3-F393-E0A9-E50E24DCCA9E (null)
2017/01/11 15:53:09:578  RZBLog(RZBLogLevelDelegateValue): Value=<a4094e05 19d300db 37004020 a0>
2017/01/11 15:53:09:810  RZBLog(RZBLogLevelDelegate): peripheral:didUpdateValueForCharacteristic:error: - 4D60CAA0-AAD7-41E3-95A8-C3A21885DFEE 6E40FEC2-B5A3-F393-E0A9-E50E24DCCA9E (null)
2017/01/11 15:53:09:810  RZBLog(RZBLogLevelDelegateValue): Value=<a4094e05 10195834 0000ff24 58>
2017/01/11 15:53:10:059  RZBLog(RZBLogLevelDelegate): peripheral:didUpdateValueForCharacteristic:error: - 4D60CAA0-AAD7-41E3-95A8-C3A21885DFEE 6E40FEC2-B5A3-F393-E0A9-E50E24DCCA9E (null)
2017/01/11 15:53:10:059  RZBLog(RZBLogLevelDelegateValue): Value=<a4094e05 19d400db 37004020 a7>
2017/01/11 15:53:10:321  RZBLog(RZBLogLevelDelegate): peripheral:didUpdateValueForCharacteristic:error: - 4D60CAA0-AAD7-41E3-95A8-C3A21885DFEE 6E40FEC2-B5A3-F393-E0A9-E50E24DCCA9E (null)
2017/01/11 15:53:10:321  RZBLog(RZBLogLevelDelegateValue): Value=<a4094e05 10195834 0000ff24 58>
2017/01/11 15:53:10:561  RZBLog(RZBLogLevelDelegate): peripheral:didUpdateValueForCharacteristic:error: - 4D60CAA0-AAD7-41E3-95A8-C3A21885DFEE 6E40FEC2-B5A3-F393-E0A9-E50E24DCCA9E (null)
2017/01/11 15:53:10:561  RZBLog(RZBLogLevelDelegateValue): Value=<a4094e05 19d500db 37004020 a6>
2017/01/11 15:53:10:801  RZBLog(RZBLogLevelDelegate): peripheral:didUpdateValueForCharacteristic:error: - 4D60CAA0-AAD7-41E3-95A8-C3A21885DFEE 6E40FEC2-B5A3-F393-E0A9-E50E24DCCA9E (null)
2017/01/11 15:53:10:801  RZBLog(RZBLogLevelDelegateValue): Value=<a4094e05 10195834 0000ff24 58>
2017/01/11 15:53:11:071  RZBLog(RZBLogLevelDelegate): peripheral:didUpdateValueForCharacteristic:error: - 4D60CAA0-AAD7-41E3-95A8-C3A21885DFEE 6E40FEC2-B5A3-F393-E0A9-E50E24DCCA9E (null)
2017/01/11 15:53:11:071  RZBLog(RZBLogLevelDelegateValue): Value=<a4094e05 19d600db 37004020 a5>
2017/01/11 15:53:11:311  RZBLog(RZBLogLevelDelegate): peripheral:didUpdateValueForCharacteristic:error: - 4D60CAA0-AAD7-41E3-95A8-C3A21885DFEE 6E40FEC2-B5A3-F393-E0A9-E50E24DCCA9E (null)
2017/01/11 15:53:11:311  RZBLog(RZBLogLevelDelegateValue): Value=<a4094e05 10195834 0000ff24 58>
2017/01/11 15:53:11:557  RZBLog(RZBLogLevelDelegate): peripheral:didUpdateValueForCharacteristic:error: - 4D60CAA0-AAD7-41E3-95A8-C3A21885DFEE 6E40FEC2-B5A3-F393-E0A9-E50E24DCCA9E (null)
2017/01/11 15:53:11:557  RZBLog(RZBLogLevelDelegateValue): Value=<a4094e05 19d700db 37004020 a4>
2017/01/11 15:53:11:820  RZBLog(RZBLogLevelDelegate): peripheral:didUpdateValueForCharacteristic:error: - 4D60CAA0-AAD7-41E3-95A8-C3A21885DFEE 6E40FEC2-B5A3-F393-E0A9-E50E24DCCA9E (null)
2017/01/11 15:53:11:820  RZBLog(RZBLogLevelDelegateValue): Value=<a4094e05 10195834 0000ff24 58>
2017/01/11 15:53:12:064  RZBLog(RZBLogLevelDelegate): peripheral:didUpdateValueForCharacteristic:error: - 4D60CAA0-AAD7-41E3-95A8-C3A21885DFEE 6E40FEC2-B5A3-F393-E0A9-E50E24DCCA9E (null)
2017/01/11 15:53:12:064  RZBLog(RZBLogLevelDelegateValue): Value=<a4094e05 19d800db 37004020 ab>
2017/01/11 15:53:12:301  RZBLog(RZBLogLevelDelegate): peripheral:didUpdateValueForCharacteristic:error: - 4D60CAA0-AAD7-41E3-95A8-C3A21885DFEE 6E40FEC2-B5A3-F393-E0A9-E50E24DCCA9E (null)
2017/01/11 15:53:12:301  RZBLog(RZBLogLevelDelegateValue): Value=<a4094e05 10195834 0000ff24 58>
2017/01/11 15:53:12:571  RZBLog(RZBLogLevelDelegate): peripheral:didUpdateValueForCharacteristic:error: - 4D60CAA0-AAD7-41E3-95A8-C3A21885DFEE 6E40FEC2-B5A3-F393-E0A9-E50E24DCCA9E (null)
2017/01/11 15:53:12:571  RZBLog(RZBLogLevelDelegateValue): Value=<a4094e05 19d900db 37004020 aa>
2017/01/11 15:53:12:824  RZBLog(RZBLogLevelDelegate): peripheral:didUpdateValueForCharacteristic:error: - 4D60CAA0-AAD7-41E3-95A8-C3A21885DFEE 6E40FEC2-B5A3-F393-E0A9-E50E24DCCA9E (null)
2017/01/11 15:53:12:824  RZBLog(RZBLogLevelDelegateValue): Value=<a4094e05 10195834 0000ff24 58>
2017/01/11 15:53:13:050  RZBLog(RZBLogLevelDelegate): peripheral:didUpdateValueForCharacteristic:error: - 4D60CAA0-AAD7-41E3-95A8-C3A21885DFEE 6E40FEC2-B5A3-F393-E0A9-E50E24DCCA9E (null)
2017/01/11 15:53:13:050  RZBLog(RZBLogLevelDelegateValue): Value=<a4094e05 19da00db 37004020 a9>
2017/01/11 15:53:13:321  RZBLog(RZBLogLevelDelegate): peripheral:didUpdateValueForCharacteristic:error: - 4D60CAA0-AAD7-41E3-95A8-C3A21885DFEE 6E40FEC2-B5A3-F393-E0A9-E50E24DCCA9E (null)
2017/01/11 15:53:13:321  RZBLog(RZBLogLevelDelegateValue): Value=<a4094e05 10195834 0000ff24 58>
2017/01/11 15:53:13:561  RZBLog(RZBLogLevelDelegate): peripheral:didUpdateValueForCharacteristic:error: - 4D60CAA0-AAD7-41E3-95A8-C3A21885DFEE 6E40FEC2-B5A3-F393-E0A9-E50E24DCCA9E (null)
2017/01/11 15:53:13:561  RZBLog(RZBLogLevelDelegateValue): Value=<a4094e05 51ff0003 bc190000 ee>
2017/01/11 15:53:14:770  found previous peripherial
2017/01/11 15:53:14:778  RZBLog(RZBLogLevelDelegate): centralManager:willRestoreState: - <CBCentralManager: 0x17427a280>
2017/01/11 15:53:14:778  RZBLog(RZBLogLevelDelegateValue): Restore State={
    kCBRestoredPeripherals =     (
        "<CBPeripheral: 0x1740fe200, identifier = 4D60CAA0-AAD7-41E3-95A8-C3A21885DFEE, name = Tacx Neo 06588, state = connected>"
    );
    kCBRestoredScanServices =     (
        "6E40FEC1-B5A3-F393-E0A9-E50E24DCCA9E",
        "669AA305-0C08-969E-E211-86AD5062675F"
    );
}
2017/01/11 15:53:14:779  RZBLog(RZBLogLevelDelegate): centralManagerDidUpdateState: - <CBCentralManager: 0x17427a280>
2017/01/11 15:53:14:779  RZBLog(RZBLogLevelDelegateValue): State=5
2017/01/11 15:53:14:780  RZBLog(RZBLogLevelDelegate): peripheral:didUpdateValueForCharacteristic:error: - 4D60CAA0-AAD7-41E3-95A8-C3A21885DFEE 6E40FEC2-B5A3-F393-E0A9-E50E24DCCA9E (null)
2017/01/11 15:53:14:780  RZBLog(RZBLogLevelDelegateValue): Value=<a4094e05 19dc00db 37004020 af>
2017/01/11 15:53:14:780  RZBLog(RZBLogLevelCommand): 4D60CAA0-AAD7-41E3-95A8-C3A21885DFEE setNotifyValue:YES forCharacteristic:6E40FEC2-B5A3-F393-E0A9-E50E24DCCA9E
2017/01/11 15:53:14:780  RZBLog(RZBLogLevelCommand): scanForPeripheralsWithServices:@[6E40FEC1-B5A3-F393-E0A9-E50E24DCCA9E, 669AA305-0C08-969E-E211-86AD5062675F] options:(null)
2017/01/11 15:53:14:821  RZBLog(RZBLogLevelDelegate): peripheral:didUpdateValueForCharacteristic:error: - 4D60CAA0-AAD7-41E3-95A8-C3A21885DFEE 6E40FEC2-B5A3-F393-E0A9-E50E24DCCA9E (null)
2017/01/11 15:53:14:821  RZBLog(RZBLogLevelDelegateValue): Value=<a4094e05 10195834 0000ff24 58>

