2017/01/09 15:34:23:016  Adding initial activity to realm.
2017/01/09 15:34:23:021  RZBLog(RZBLogLevelDelegate): peripheral:didUpdateValueForCharacteristic:error: - 4D60CAA0-AAD7-41E3-95A8-C3A21885DFEE 6E40FEC2-B5A3-F393-E0A9-E50E24DCCA9E (null)
2017/01/09 15:34:23:021  RZBLog(RZBLogLevelDelegateValue): Value=<a4094e05 10194580 4312ff34 b0>
2017/01/09 15:34:23:022  RZBLog(RZBLogLevelDelegate): peripheral:didUpdateNotificationStateForCharacteristic:error: - 4D60CAA0-AAD7-41E3-95A8-C3A21885DFEE 6E40FEC2-B5A3-F393-E0A9-E50E24DCCA9E (null)
2017/01/09 15:34:23:022  RZBLog(RZBLogLevelDelegateValue): Notify=YES
2017/01/09 15:34:23:049  elevation calculation <mps:0|distanceChangeMps:0|distanceChange:0|slopePercentage:0|elechange:0>
2017/01/09 15:34:23:084  RZBLog(RZBLogLevelCommand): 4D60CAA0-AAD7-41E3-95A8-C3A21885DFEE writeData:<data> forCharacteristic:6E40FEC3-B5A3-F393-E0A9-E50E24DCCA9E type:1
2017/01/09 15:34:23:089  RZBLog(RZBLogLevelWriteCommandData): Data=<a4090000 33000000 00204e00>
2017/01/09 15:34:23:113  RZBLog(RZBLogLevelCommand): 4D60CAA0-AAD7-41E3-95A8-C3A21885DFEE writeData:<data> forCharacteristic:6E40FEC3-B5A3-F393-E0A9-E50E24DCCA9E type:1
2017/01/09 15:34:23:113  RZBLog(RZBLogLevelWriteCommandData): Data=<a4094f05 31ffffff ffff5802 73>
2017/01/09 15:34:23:120  Recieved activity primary key.
2017/01/09 15:34:23:122  Setting up new dataset, subscribing to A4C341F1-0F6B-4077-9464-8608341ADE69.
2017/01/09 15:34:23:123  Erasing dataset
2017/01/09 15:34:23:183  Got data change notification for A4C341F1-0F6B-4077-9464-8608341ADE69
2017/01/09 15:34:23:261  RZBLog(RZBLogLevelDelegate): peripheral:didUpdateValueForCharacteristic:error: - 4D60CAA0-AAD7-41E3-95A8-C3A21885DFEE 6E40FEC2-B5A3-F393-E0A9-E50E24DCCA9E (null)
2017/01/09 15:34:23:261  RZBLog(RZBLogLevelDelegateValue): Value=<a4094e05 1972427d 8f994030 d4>
2017/01/09 15:34:23:505  RZBLog(RZBLogLevelDelegate): peripheral:didUpdateValueForCharacteristic:error: - 4D60CAA0-AAD7-41E3-95A8-C3A21885DFEE 6E40FEC2-B5A3-F393-E0A9-E50E24DCCA9E (null)
2017/01/09 15:34:23:505  RZBLog(RZBLogLevelDelegateValue): Value=<a4094e05 10194782 4e12ff34 bd>
2017/01/09 15:34:23:741  RZBLog(RZBLogLevelDelegate): peripheral:didUpdateValueForCharacteristic:error: - 4D60CAA0-AAD7-41E3-95A8-C3A21885DFEE 6E40FEC2-B5A3-F393-E0A9-E50E24DCCA9E (null)
2017/01/09 15:34:23:741  RZBLog(RZBLogLevelDelegateValue): Value=<a4094e05 19734415 90984030 a5>
2017/01/09 15:34:24:011  RZBLog(RZBLogLevelDelegate): peripheral:didUpdateValueForCharacteristic:error: - 4D60CAA0-AAD7-41E3-95A8-C3A21885DFEE 6E40FEC2-B5A3-F393-E0A9-E50E24DCCA9E (null)
2017/01/09 15:34:24:011  RZBLog(RZBLogLevelDelegateValue): Value=<a4094e05 19734415 90984030 a5>
2017/01/09 15:34:24:251  RZBLog(RZBLogLevelDelegate): peripheral:didUpdateValueForCharacteristic:error: - 4D60CAA0-AAD7-41E3-95A8-C3A21885DFEE 6E40FEC2-B5A3-F393-E0A9-E50E24DCCA9E (null)
2017/01/09 15:34:24:251  RZBLog(RZBLogLevelDelegateValue): Value=<a4094e05 197443aa 90954030 17>
2017/01/09 15:34:24:492  RZBLog(RZBLogLevelDelegate): peripheral:didUpdateValueForCharacteristic:error: - 4D60CAA0-AAD7-41E3-95A8-C3A21885DFEE 6E40FEC2-B5A3-F393-E0A9-E50E24DCCA9E (null)
2017/01/09 15:34:24:492  RZBLog(RZBLogLevelDelegateValue): Value=<a4094e05 10194b87 0e12ff34 f4>
2017/01/09 15:34:24:762  RZBLog(RZBLogLevelDelegate): peripheral:didUpdateValueForCharacteristic:error: - 4D60CAA0-AAD7-41E3-95A8-C3A21885DFEE 6E40FEC2-B5A3-F393-E0A9-E50E24DCCA9E (null)
2017/01/09 15:34:24:762  RZBLog(RZBLogLevelDelegateValue): Value=<a4094e05 1975413d 91934030 84>
2017/01/09 15:34:25:001  RZBLog(RZBLogLevelDelegate): peripheral:didUpdateValueForCharacteristic:error: - 4D60CAA0-AAD7-41E3-95A8-C3A21885DFEE 6E40FEC2-B5A3-F393-E0A9-E50E24DCCA9E (null)
2017/01/09 15:34:25:002  RZBLog(RZBLogLevelDelegateValue): Value=<a4094e05 10194d89 c011ff34 31>
2017/01/09 15:34:25:511  RZBLog(RZBLogLevelDelegate): peripheral:didUpdateValueForCharacteristic:error: - 4D60CAA0-AAD7-41E3-95A8-C3A21885DFEE 6E40FEC2-B5A3-F393-E0A9-E50E24DCCA9E (null)
2017/01/09 15:34:25:511  RZBLog(RZBLogLevelDelegateValue): Value=<a4094e05 10194f8b 9911ff34 68>
2017/01/09 15:34:25:756  RZBLog(RZBLogLevelDelegate): peripheral:didUpdateValueForCharacteristic:error: - 4D60CAA0-AAD7-41E3-95A8-C3A21885DFEE 6E40FEC2-B5A3-F393-E0A9-E50E24DCCA9E (null)
2017/01/09 15:34:25:757  RZBLog(RZBLogLevelDelegateValue): Value=<a4094e05 1977415d 92914030 e7>
2017/01/09 15:34:25:936  performed request <NSMutableURLRequest: 0x1700181b0> { URL: http://api.instacrate.me/logs }
2017/01/09 15:34:25:938  with response <NSHTTPURLResponse: 0x170220420> { URL: http://api.instacrate.me/logs } { status code: 502, headers {
    Connection = "keep-alive";
    "Content-Length" = 182;
    "Content-Type" = "text/html";
    Date = "Mon, 09 Jan 2017 14:34:25 GMT";
    Server = "nginx/1.10.0 (Ubuntu)";
} }
2017/01/09 15:34:25:940  and error Error Domain=NSCocoaErrorDomain Code=3840 "JSON text did not start with array or object and option to allow fragments not set." UserInfo={NSDebugDescription=JSON text did not start with array or object and option to allow fragments not set., NSUnderlyingError=0x1744495d0 {Error Domain=com.alamofire.error.serialization.response Code=-1011 "Request failed: bad gateway (502)" UserInfo={com.alamofire.serialization.response.error.response=<NSHTTPURLResponse: 0x170220420> { URL: http://api.instacrate.me/logs } { status code: 502, headers {
    Connection = "keep-alive";
    "Content-Length" = 182;
    "Content-Type" = "text/html";
    Date = "Mon, 09 Jan 2017 14:34:25 GMT";
    Server = "nginx/1.10.0 (Ubuntu)";
} }, NSErrorFailingURLKey=http://api.instacrate.me/logs, com.alamofire.serialization.response.error.data=<3c68746d 6c3e0d0a 3c686561 643e3c74 69746c65 3e353032 20426164 20476174 65776179 3c2f7469 746c653e 3c2f6865 61643e0d 0a3c626f 64792062 67636f6c 6f723d22 77686974 65223e0d 0a3c6365 6e746572 3e3c6831 3e353032 20426164 20476174 65776179 3c2f6831 3e3c2f63 656e7465 723e0d0a 3c68723e 3c63656e 7465723e 6e67696e 782f312e 31302e30 20285562 756e7475 293c2f63 656e7465 723e0d0a 3c2f626f 64793e0d 0a3c2f68 746d6c3e 0d0a>, NSLocalizedDescription=Request failed: bad gateway (502)}}}
2017/01/09 15:34:25:956  performed request <NSMutableURLRequest: 0x1740168d0> { URL: http://api.instacrate.me/logs }
2017/01/09 15:34:25:956  with response <NSHTTPURLResponse: 0x170220d80> { URL: http://api.instacrate.me/logs } { status code: 502, headers {
    Connection = "keep-alive";
    "Content-Length" = 182;
    "Content-Type" = "text/html";
    Date = "Mon, 09 Jan 2017 14:34:25 GMT";
    Server = "nginx/1.10.0 (Ubuntu)";
} }
2017/01/09 15:34:25:957  and error Error Domain=NSCocoaErrorDomain Code=3840 "JSON text did not start with array or object and option to allow fragments not set." UserInfo={NSDebugDescription=JSON text did not start with array or object and option to allow fragments not set., NSUnderlyingError=0x174451ee0 {Error Domain=com.alamofire.error.serialization.response Code=-1011 "Request failed: bad gateway (502)" UserInfo={com.alamofire.serialization.response.error.response=<NSHTTPURLResponse: 0x170220d80> { URL: http://api.instacrate.me/logs } { status code: 502, headers {
    Connection = "keep-alive";
    "Content-Length" = 182;
    "Content-Type" = "text/html";
    Date = "Mon, 09 Jan 2017 14:34:25 GMT";
    Server = "nginx/1.10.0 (Ubuntu)";
} }, NSErrorFailingURLKey=http://api.instacrate.me/logs, com.alamofire.serialization.response.error.data=<3c68746d 6c3e0d0a 3c686561 643e3c74 69746c65 3e353032 20426164 20476174 65776179 3c2f7469 746c653e 3c2f6865 61643e0d 0a3c626f 64792062 67636f6c 6f723d22 77686974 65223e0d 0a3c6365 6e746572 3e3c6831 3e353032 20426164 20476174 65776179 3c2f6831 3e3c2f63 656e7465 723e0d0a 3c68723e 3c63656e 7465723e 6e67696e 782f312e 31302e30 20285562 756e7475 293c2f63 656e7465 723e0d0a 3c2f626f 64793e0d 0a3c2f68 746d6c3e 0d0a>, NSLocalizedDescription=Request failed: bad gateway (502)}}}
2017/01/09 15:34:25:991  RZBLog(RZBLogLevelDelegate): peripheral:didUpdateValueForCharacteristic:error: - 4D60CAA0-AAD7-41E3-95A8-C3A21885DFEE 6E40FEC2-B5A3-F393-E0A9-E50E24DCCA9E (null)
2017/01/09 15:34:25:991  RZBLog(RZBLogLevelDelegateValue): Value=<a4094e05 1019518d 8611ff34 6f>
2017/01/09 15:34:26:073  performed request <NSMutableURLRequest: 0x170018640> { URL: http://api.instacrate.me/logs }
2017/01/09 15:34:26:073  with response <NSHTTPURLResponse: 0x17003f980> { URL: http://api.instacrate.me/logs } { status code: 502, headers {
    Connection = "keep-alive";
    "Content-Length" = 182;
    "Content-Type" = "text/html";
    Date = "Mon, 09 Jan 2017 14:34:25 GMT";
    Server = "nginx/1.10.0 (Ubuntu)";
} }
2017/01/09 15:34:26:073  and error Error Domain=NSCocoaErrorDomain Code=3840 "JSON text did not start with array or object and option to allow fragments not set." UserInfo={NSDebugDescription=JSON text did not start with array or object and option to allow fragments not set., NSUnderlyingError=0x170447980 {Error Domain=com.alamofire.error.serialization.response Code=-1011 "Request failed: bad gateway (502)" UserInfo={com.alamofire.serialization.response.error.response=<NSHTTPURLResponse: 0x17003f980> { URL: http://api.instacrate.me/logs } { status code: 502, headers {
    Connection = "keep-alive";
    "Content-Length" = 182;
    "Content-Type" = "text/html";
    Date = "Mon, 09 Jan 2017 14:34:25 GMT";
    Server = "nginx/1.10.0 (Ubuntu)";
} }, NSErrorFailingURLKey=http://api.instacrate.me/logs, com.alamofire.serialization.response.error.data=<3c68746d 6c3e0d0a 3c686561 643e3c74 69746c65 3e353032 20426164 20476174 65776179 3c2f7469 746c653e 3c2f6865 61643e0d 0a3c626f 64792062 67636f6c 6f723d22 77686974 65223e0d 0a3c6365 6e746572 3e3c6831 3e353032 20426164 20476174 65776179 3c2f6831 3e3c2f63 656e7465 723e0d0a 3c68723e 3c63656e 7465723e 6e67696e 782f312e 31302e30 20285562 756e7475 293c2f63 656e7465 723e0d0a 3c2f626f 64793e0d 0a3c2f68 746d6c3e 0d0a>, NSLocalizedDescription=Request failed: bad gateway (502)}}}
2017/01/09 15:34:26:231  RZBLog(RZBLogLevelDelegate): peripheral:didUpdateValueForCharacteristic:error: - 4D60CAA0-AAD7-41E3-95A8-C3A21885DFEE 6E40FEC2-B5A3-F393-E0A9-E50E24DCCA9E (null)
2017/01/09 15:34:26:231  RZBLog(RZBLogLevelDelegateValue): Value=<a4094e05 1019518d 8611ff34 6f>
2017/01/09 15:34:26:421  performed request <NSMutableURLRequest: 0x170018c10> { URL: http://api.instacrate.me/logs }
2017/01/09 15:34:26:421  with response <NSHTTPURLResponse: 0x1702203c0> { URL: http://api.instacrate.me/logs } { status code: 502, headers {
    Connection = "keep-alive";
    "Content-Length" = 182;
    "Content-Type" = "text/html";
    Date = "Mon, 09 Jan 2017 14:34:26 GMT";
    Server = "nginx/1.10.0 (Ubuntu)";
} }
2017/01/09 15:34:26:422  and error Error Domain=NSCocoaErrorDomain Code=3840 "JSON text did not start with array or object and option to allow fragments not set." UserInfo={NSDebugDescription=JSON text did not start with array or object and option to allow fragments not set., NSUnderlyingError=0x17045e5a0 {Error Domain=com.alamofire.error.serialization.response Code=-1011 "Request failed: bad gateway (502)" UserInfo={com.alamofire.serialization.response.error.response=<NSHTTPURLResponse: 0x1702203c0> { URL: http://api.instacrate.me/logs } { status code: 502, headers {
    Connection = "keep-alive";
    "Content-Length" = 182;
    "Content-Type" = "text/html";
    Date = "Mon, 09 Jan 2017 14:34:26 GMT";
    Server = "nginx/1.10.0 (Ubuntu)";
} }, NSErrorFailingURLKey=http://api.instacrate.me/logs, com.alamofire.serialization.response.error.data=<3c68746d 6c3e0d0a 3c686561 643e3c74 69746c65 3e353032 20426164 20476174 65776179 3c2f7469 746c653e 3c2f6865 61643e0d 0a3c626f 64792062 67636f6c 6f723d22 77686974 65223e0d 0a3c6365 6e746572 3e3c6831 3e353032 20426164 20476174 65776179 3c2f6831 3e3c2f63 656e7465 723e0d0a 3c68723e 3c63656e 7465723e 6e67696e 782f312e 31302e30 20285562 756e7475 293c2f63 656e7465 723e0d0a 3c2f626f 64793e0d 0a3c2f68 746d6c3e 0d0a>, NSLocalizedDescription=Request failed: bad gateway (502)}}}
2017/01/09 15:34:26:505  RZBLog(RZBLogLevelDelegate): peripheral:didUpdateValueForCharacteristic:error: - 4D60CAA0-AAD7-41E3-95A8-C3A21885DFEE 6E40FEC2-B5A3-F393-E0A9-E50E24DCCA9E (null)
2017/01/09 15:34:26:505  RZBLog(RZBLogLevelDelegateValue): Value=<a4094e05 197843f0 92934030 45>
2017/01/09 15:34:26:515  performed request <NSMutableURLRequest: 0x1740171f0> { URL: http://api.instacrate.me/logs }
2017/01/09 15:34:26:516  with response <NSHTTPURLResponse: 0x17003f920> { URL: http://api.instacrate.me/logs } { status code: 502, headers {
    Connection = "keep-alive";
    "Content-Length" = 182;
    "Content-Type" = "text/html";
    Date = "Mon, 09 Jan 2017 14:34:26 GMT";
    Server = "nginx/1.10.0 (Ubuntu)";
} }
2017/01/09 15:34:26:516  and error Error Domain=NSCocoaErrorDomain Code=3840 "JSON text did not start with array or object and option to allow fragments not set." UserInfo={NSDebugDescription=JSON text did not start with array or object and option to allow fragments not set., NSUnderlyingError=0x17445db80 {Error Domain=com.alamofire.error.serialization.response Code=-1011 "Request failed: bad gateway (502)" UserInfo={com.alamofire.serialization.response.error.response=<NSHTTPURLResponse: 0x17003f920> { URL: http://api.instacrate.me/logs } { status code: 502, headers {
    Connection = "keep-alive";
    "Content-Length" = 182;
    "Content-Type" = "text/html";
    Date = "Mon, 09 Jan 2017 14:34:26 GMT";
    Server = "nginx/1.10.0 (Ubuntu)";
} }, NSErrorFailingURLKey=http://api.instacrate.me/logs, com.alamofire.serialization.response.error.data=<3c68746d 6c3e0d0a 3c686561 643e3c74 69746c65 3e353032 20426164 20476174 65776179 3c2f7469 746c653e 3c2f6865 61643e0d 0a3c626f 64792062 67636f6c 6f723d22 77686974 65223e0d 0a3c6365 6e746572 3e3c6831 3e353032 20426164 20476174 65776179 3c2f6831 3e3c2f63 656e7465 723e0d0a 3c68723e 3c63656e 7465723e 6e67696e 782f312e 31302e30 20285562 756e7475 293c2f63 656e7465 723e0d0a 3c2f626f 64793e0d 0a3c2f68 746d6c3e 0d0a>, NSLocalizedDescription=Request failed: bad gateway (502)}}}
2017/01/09 15:34:26:593  performed request <NSMutableURLRequest: 0x174017270> { URL: http://api.instacrate.me/logs }
2017/01/09 15:34:26:594  with response <NSHTTPURLResponse: 0x17003f920> { URL: http://api.instacrate.me/logs } { status code: 502, headers {
    Connection = "keep-alive";
    "Content-Length" = 182;
    "Content-Type" = "text/html";
    Date = "Mon, 09 Jan 2017 14:34:26 GMT";
    Server = "nginx/1.10.0 (Ubuntu)";
} }
2017/01/09 15:34:26:594  and error Error Domain=NSCocoaErrorDomain Code=3840 "JSON text did not start with array or object and option to allow fragments not set." UserInfo={NSDebugDescription=JSON text did not start with array or object and option to allow fragments not set., NSUnderlyingError=0x174459e60 {Error Domain=com.alamofire.error.serialization.response Code=-1011 "Request failed: bad gateway (502)" UserInfo={com.alamofire.serialization.response.error.response=<NSHTTPURLResponse: 0x17003f920> { URL: http://api.instacrate.me/logs } { status code: 502, headers {
    Connection = "keep-alive";
    "Content-Length" = 182;
    "Content-Type" = "text/html";
    Date = "Mon, 09 Jan 2017 14:34:26 GMT";
    Server = "nginx/1.10.0 (Ubuntu)";
} }, NSErrorFailingURLKey=http://api.instacrate.me/logs, com.alamofire.serialization.response.error.data=<3c68746d 6c3e0d0a 3c686561 643e3c74 69746c65 3e353032 20426164 20476174 65776179 3c2f7469 746c653e 3c2f6865 61643e0d 0a3c626f 64792062 67636f6c 6f723d22 77686974 65223e0d 0a3c6365 6e746572 3e3c6831 3e353032 20426164 20476174 65776179 3c2f6831 3e3c2f63 656e7465 723e0d0a 3c68723e 3c63656e 7465723e 6e67696e 782f312e 31302e30 20285562 756e7475 293c2f63 656e7465 723e0d0a 3c2f626f 64793e0d 0a3c2f68 746d6c3e 0d0a>, NSLocalizedDescription=Request failed: bad gateway (502)}}}
2017/01/09 15:34:26:595  performed request <NSMutableURLRequest: 0x1700147d0> { URL: http://api.instacrate.me/logs }
2017/01/09 15:34:26:595  with response <NSHTTPURLResponse: 0x17002c920> { URL: http://api.instacrate.me/logs } { status code: 502, headers {
    Connection = "keep-alive";
    "Content-Length" = 182;
    "Content-Type" = "text/html";
    Date = "Mon, 09 Jan 2017 14:34:26 GMT";
    Server = "nginx/1.10.0 (Ubuntu)";
} }
2017/01/09 15:34:26:596  and error Error Domain=NSCocoaErrorDomain Code=3840 "JSON text did not start with array or object and option to allow fragments not set." UserInfo={NSDebugDescription=JSON text did not start with array or object and option to allow fragments not set., NSUnderlyingError=0x170251e20 {Error Domain=com.alamofire.error.serialization.response Code=-1011 "Request failed: bad gateway (502)" UserInfo={com.alamofire.serialization.response.error.response=<NSHTTPURLResponse: 0x17002c920> { URL: http://api.instacrate.me/logs } { status code: 502, headers {
    Connection = "keep-alive";
    "Content-Length" = 182;
    "Content-Type" = "text/html";
    Date = "Mon, 09 Jan 2017 14:34:26 GMT";
    Server = "nginx/1.10.0 (Ubuntu)";
} }, NSErrorFailingURLKey=http://api.instacrate.me/logs, com.alamofire.serialization.response.error.data=<3c68746d 6c3e0d0a 3c686561 643e3c74 69746c65 3e353032 20426164 20476174 65776179 3c2f7469 746c653e 3c2f6865 61643e0d 0a3c626f 64792062 67636f6c 6f723d22 77686974 65223e0d 0a3c6365 6e746572 3e3c6831 3e353032 20426164 20476174 65776179 3c2f6831 3e3c2f63 656e7465 723e0d0a 3c68723e 3c63656e 7465723e 6e67696e 782f312e 31302e30 20285562 756e7475 293c2f63 656e7465 723e0d0a 3c2f626f 64793e0d 0a3c2f68 746d6c3e 0d0a>, NSLocalizedDescription=Request failed: bad gateway (502)}}}
2017/01/09 15:34:26:741  RZBLog(RZBLogLevelDelegate): peripheral:didUpdateValueForCharacteristic:error: - 4D60CAA0-AAD7-41E3-95A8-C3A21885DFEE 6E40FEC2-B5A3-F393-E0A9-E50E24DCCA9E (null)
2017/01/09 15:34:26:741  RZBLog(RZBLogLevelDelegateValue): Value=<a4094e05 1979428a 939a4030 37>
2017/01/09 15:34:26:982  RZBLog(RZBLogLevelDelegate): peripheral:didUpdateValueForCharacteristic:error: - 4D60CAA0-AAD7-41E3-95A8-C3A21885DFEE 6E40FEC2-B5A3-F393-E0A9-E50E24DCCA9E (null)
2017/01/09 15:34:26:982  RZBLog(RZBLogLevelDelegateValue): Value=<a4094e05 1979428a 939a4030 37>
2017/01/09 15:34:27:315  RZBLog(RZBLogLevelDelegate): peripheral:didUpdateValueForCharacteristic:error: - 4D60CAA0-AAD7-41E3-95A8-C3A21885DFEE 6E40FEC2-B5A3-F393-E0A9-E50E24DCCA9E (null)
2017/01/09 15:34:27:315  RZBLog(RZBLogLevelDelegateValue): Value=<a4094e05 197a4225 949b4030 9d>
2017/01/09 15:34:27:521  RZBLog(RZBLogLevelDelegate): peripheral:didUpdateValueForCharacteristic:error: - 4D60CAA0-AAD7-41E3-95A8-C3A21885DFEE 6E40FEC2-B5A3-F393-E0A9-E50E24DCCA9E (null)
2017/01/09 15:34:27:521  RZBLog(RZBLogLevelDelegateValue): Value=<a4094e05 10195794 2c12ff34 d9>
2017/01/09 15:34:27:742  RZBLog(RZBLogLevelDelegate): peripheral:didUpdateValueForCharacteristic:error: - 4D60CAA0-AAD7-41E3-95A8-C3A21885DFEE 6E40FEC2-B5A3-F393-E0A9-E50E24DCCA9E (null)
2017/01/09 15:34:27:742  RZBLog(RZBLogLevelDelegateValue): Value=<a4094e05 10195794 2c12ff34 d9>
2017/01/09 15:34:28:001  RZBLog(RZBLogLevelDelegate): peripheral:didUpdateValueForCharacteristic:error: - 4D60CAA0-AAD7-41E3-95A8-C3A21885DFEE 6E40FEC2-B5A3-F393-E0A9-E50E24DCCA9E (null)
2017/01/09 15:34:28:001  RZBLog(RZBLogLevelDelegateValue): Value=<a4094e05 10195997 3a12ff34 c2>
2017/01/09 15:34:28:241  RZBLog(RZBLogLevelDelegate): peripheral:didUpdateValueForCharacteristic:error: - 4D60CAA0-AAD7-41E3-95A8-C3A21885DFEE 6E40FEC2-B5A3-F393-E0A9-E50E24DCCA9E (null)
2017/01/09 15:34:28:241  RZBLog(RZBLogLevelDelegateValue): Value=<a4094e05 197c435b 959b4030 e5>
2017/01/09 15:34:28:546  RZBLog(RZBLogLevelDelegate): peripheral:didUpdateValueForCharacteristic:error: - 4D60CAA0-AAD7-41E3-95A8-C3A21885DFEE 6E40FEC2-B5A3-F393-E0A9-E50E24DCCA9E (null)
2017/01/09 15:34:28:547  RZBLog(RZBLogLevelDelegateValue): Value=<a4094e05 10195b99 2412ff34 d0>
2017/01/09 15:34:28:753  RZBLog(RZBLogLevelDelegate): peripheral:didUpdateValueForCharacteristic:error: - 4D60CAA0-AAD7-41E3-95A8-C3A21885DFEE 6E40FEC2-B5A3-F393-E0A9-E50E24DCCA9E (null)
2017/01/09 15:34:28:753  RZBLog(RZBLogLevelDelegateValue): Value=<a4094e05 197d42f2 95974030 40>
2017/01/09 15:34:28:791  applicationDidEnterBackground:
2017/01/09 15:34:28:818  applicationWillTerminate:
2017/01/09 16:09:23:947  RZBLog(RZBLogLevelDelegate): centralManagerDidUpdateState: - <CBCentralManager: 0x170262440>
2017/01/09 16:09:23:947  RZBLog(RZBLogLevelDelegateValue): State=5
2017/01/09 16:09:23:948  found previous peripherial
2017/01/09 16:09:23:948  RZBLog(RZBLogLevelCommand): scanForPeripheralsWithServices:@[6E40FEC1-B5A3-F393-E0A9-E50E24DCCA9E, 669AA305-0C08-969E-E211-86AD5062675F] options:(null)

