2017/01/11 16:01:45:932  RZBLog(RZBLogLevelDelegate): peripheral:didUpdateNotificationStateForCharacteristic:error: - 4D60CAA0-AAD7-41E3-95A8-C3A21885DFEE 6E40FEC2-B5A3-F393-E0A9-E50E24DCCA9E (null)
2017/01/11 16:01:45:933  RZBLog(RZBLogLevelDelegateValue): Notify=YES
2017/01/11 16:01:46:006  Adding initial activity to realm.
2017/01/11 16:01:46:083  RZBLog(RZBLogLevelDelegate): peripheral:didUpdateValueForCharacteristic:error: - 4D60CAA0-AAD7-41E3-95A8-C3A21885DFEE 6E40FEC2-B5A3-F393-E0A9-E50E24DCCA9E (null)
2017/01/11 16:01:46:084  RZBLog(RZBLogLevelDelegateValue): Value=<a4094e05 199d00db 37004020 ee>
2017/01/11 16:01:46:150  elevation calculation <mps:0|distanceChangeMps:0|distanceChange:0|slopePercentage:0|elechange:0>
2017/01/11 16:01:46:157  RZBLog(RZBLogLevelCommand): 4D60CAA0-AAD7-41E3-95A8-C3A21885DFEE writeData:<data> forCharacteristic:6E40FEC3-B5A3-F393-E0A9-E50E24DCCA9E type:1
2017/01/11 16:01:46:157  RZBLog(RZBLogLevelWriteCommandData): Data=<a4090000 33000000 00204e00>
2017/01/11 16:01:46:173  RZBLog(RZBLogLevelCommand): 4D60CAA0-AAD7-41E3-95A8-C3A21885DFEE writeData:<data> forCharacteristic:6E40FEC3-B5A3-F393-E0A9-E50E24DCCA9E type:1
2017/01/11 16:01:46:173  RZBLog(RZBLogLevelWriteCommandData): Data=<a4094f05 31ffffff ffff5802 73>
2017/01/11 16:01:46:183  elevation calculation <mps:0|distanceChangeMps:0|distanceChange:0|slopePercentage:0|elechange:0>
2017/01/11 16:01:46:197  Recieved activity primary key.
2017/01/11 16:01:46:199  Setting up new dataset, subscribing to 9D382245-E4CF-459F-B424-CCE898D79E4F.
2017/01/11 16:01:46:201  Erasing dataset
2017/01/11 16:01:46:283  Got data change notification for 9D382245-E4CF-459F-B424-CCE898D79E4F
2017/01/11 16:01:46:322  RZBLog(RZBLogLevelDelegate): peripheral:didUpdateValueForCharacteristic:error: - 4D60CAA0-AAD7-41E3-95A8-C3A21885DFEE 6E40FEC2-B5A3-F393-E0A9-E50E24DCCA9E (null)
2017/01/11 16:01:46:322  RZBLog(RZBLogLevelDelegateValue): Value=<a4094e05 10195834 0000ff24 58>
2017/01/11 16:01:46:564  RZBLog(RZBLogLevelDelegate): peripheral:didUpdateValueForCharacteristic:error: - 4D60CAA0-AAD7-41E3-95A8-C3A21885DFEE 6E40FEC2-B5A3-F393-E0A9-E50E24DCCA9E (null)
2017/01/11 16:01:46:564  RZBLog(RZBLogLevelDelegateValue): Value=<a4094e05 199e00db 37004020 ed>
2017/01/11 16:01:46:833  RZBLog(RZBLogLevelDelegate): peripheral:didUpdateValueForCharacteristic:error: - 4D60CAA0-AAD7-41E3-95A8-C3A21885DFEE 6E40FEC2-B5A3-F393-E0A9-E50E24DCCA9E (null)
2017/01/11 16:01:46:834  RZBLog(RZBLogLevelDelegateValue): Value=<a4094e05 10195834 0000ff24 58>
2017/01/11 16:01:47:073  RZBLog(RZBLogLevelDelegate): peripheral:didUpdateValueForCharacteristic:error: - 4D60CAA0-AAD7-41E3-95A8-C3A21885DFEE 6E40FEC2-B5A3-F393-E0A9-E50E24DCCA9E (null)
2017/01/11 16:01:47:073  RZBLog(RZBLogLevelDelegateValue): Value=<a4094e05 199f00db 37004020 ec>
2017/01/11 16:01:47:320  RZBLog(RZBLogLevelDelegate): peripheral:didUpdateValueForCharacteristic:error: - 4D60CAA0-AAD7-41E3-95A8-C3A21885DFEE 6E40FEC2-B5A3-F393-E0A9-E50E24DCCA9E (null)
2017/01/11 16:01:47:320  RZBLog(RZBLogLevelDelegateValue): Value=<a4094e05 10195834 0000ff24 58>
2017/01/11 16:01:47:583  RZBLog(RZBLogLevelDelegate): peripheral:didUpdateValueForCharacteristic:error: - 4D60CAA0-AAD7-41E3-95A8-C3A21885DFEE 6E40FEC2-B5A3-F393-E0A9-E50E24DCCA9E (null)
2017/01/11 16:01:47:583  RZBLog(RZBLogLevelDelegateValue): Value=<a4094e05 19a000db 37004020 d3>
2017/01/11 16:01:47:823  RZBLog(RZBLogLevelDelegate): peripheral:didUpdateValueForCharacteristic:error: - 4D60CAA0-AAD7-41E3-95A8-C3A21885DFEE 6E40FEC2-B5A3-F393-E0A9-E50E24DCCA9E (null)
2017/01/11 16:01:47:823  RZBLog(RZBLogLevelDelegateValue): Value=<a4094e05 10195834 0000ff24 58>
2017/01/11 16:01:48:063  RZBLog(RZBLogLevelDelegate): peripheral:didUpdateValueForCharacteristic:error: - 4D60CAA0-AAD7-41E3-95A8-C3A21885DFEE 6E40FEC2-B5A3-F393-E0A9-E50E24DCCA9E (null)
2017/01/11 16:01:48:064  RZBLog(RZBLogLevelDelegateValue): Value=<a4094e05 19a100db 37004020 d2>
2017/01/11 16:01:48:333  RZBLog(RZBLogLevelDelegate): peripheral:didUpdateValueForCharacteristic:error: - 4D60CAA0-AAD7-41E3-95A8-C3A21885DFEE 6E40FEC2-B5A3-F393-E0A9-E50E24DCCA9E (null)
2017/01/11 16:01:48:333  RZBLog(RZBLogLevelDelegateValue): Value=<a4094e05 10195834 0000ff24 58>
2017/01/11 16:01:48:573  RZBLog(RZBLogLevelDelegate): peripheral:didUpdateValueForCharacteristic:error: - 4D60CAA0-AAD7-41E3-95A8-C3A21885DFEE 6E40FEC2-B5A3-F393-E0A9-E50E24DCCA9E (null)
2017/01/11 16:01:48:573  RZBLog(RZBLogLevelDelegateValue): Value=<a4094e05 19a200db 37004020 d1>
2017/01/11 16:01:48:813  RZBLog(RZBLogLevelDelegate): peripheral:didUpdateValueForCharacteristic:error: - 4D60CAA0-AAD7-41E3-95A8-C3A21885DFEE 6E40FEC2-B5A3-F393-E0A9-E50E24DCCA9E (null)
2017/01/11 16:01:48:813  RZBLog(RZBLogLevelDelegateValue): Value=<a4094e05 10195834 0000ff24 58>
2017/01/11 16:01:49:083  RZBLog(RZBLogLevelDelegate): peripheral:didUpdateValueForCharacteristic:error: - 4D60CAA0-AAD7-41E3-95A8-C3A21885DFEE 6E40FEC2-B5A3-F393-E0A9-E50E24DCCA9E (null)
2017/01/11 16:01:49:083  RZBLog(RZBLogLevelDelegateValue): Value=<a4094e05 19a300db 37004020 d0>
2017/01/11 16:01:49:327  RZBLog(RZBLogLevelDelegate): peripheral:didUpdateValueForCharacteristic:error: - 4D60CAA0-AAD7-41E3-95A8-C3A21885DFEE 6E40FEC2-B5A3-F393-E0A9-E50E24DCCA9E (null)
2017/01/11 16:01:49:328  RZBLog(RZBLogLevelDelegateValue): Value=<a4094e05 10195834 0000ff24 58>
2017/01/11 16:01:49:562  RZBLog(RZBLogLevelDelegate): peripheral:didUpdateValueForCharacteristic:error: - 4D60CAA0-AAD7-41E3-95A8-C3A21885DFEE 6E40FEC2-B5A3-F393-E0A9-E50E24DCCA9E (null)
2017/01/11 16:01:49:562  RZBLog(RZBLogLevelDelegateValue): Value=<a4094e05 19a400db 37004020 d7>
2017/01/11 16:01:49:833  RZBLog(RZBLogLevelDelegate): peripheral:didUpdateValueForCharacteristic:error: - 4D60CAA0-AAD7-41E3-95A8-C3A21885DFEE 6E40FEC2-B5A3-F393-E0A9-E50E24DCCA9E (null)
2017/01/11 16:01:49:833  RZBLog(RZBLogLevelDelegateValue): Value=<a4094e05 10195834 0000ff24 58>
2017/01/11 16:01:50:073  RZBLog(RZBLogLevelDelegate): peripheral:didUpdateValueForCharacteristic:error: - 4D60CAA0-AAD7-41E3-95A8-C3A21885DFEE 6E40FEC2-B5A3-F393-E0A9-E50E24DCCA9E (null)
2017/01/11 16:01:50:073  RZBLog(RZBLogLevelDelegateValue): Value=<a4094e05 19a500db 37004020 d6>
2017/01/11 16:01:50:350  RZBLog(RZBLogLevelDelegate): peripheral:didUpdateValueForCharacteristic:error: - 4D60CAA0-AAD7-41E3-95A8-C3A21885DFEE 6E40FEC2-B5A3-F393-E0A9-E50E24DCCA9E (null)
2017/01/11 16:01:50:358  RZBLog(RZBLogLevelDelegateValue): Value=<a4094e05 10195834 0000ff24 58>
2017/01/11 16:01:50:582  RZBLog(RZBLogLevelDelegate): peripheral:didUpdateValueForCharacteristic:error: - 4D60CAA0-AAD7-41E3-95A8-C3A21885DFEE 6E40FEC2-B5A3-F393-E0A9-E50E24DCCA9E (null)
2017/01/11 16:01:50:582  RZBLog(RZBLogLevelDelegateValue): Value=<a4094e05 19a600db 37004020 d5>
2017/01/11 16:01:50:823  RZBLog(RZBLogLevelDelegate): peripheral:didUpdateValueForCharacteristic:error: - 4D60CAA0-AAD7-41E3-95A8-C3A21885DFEE 6E40FEC2-B5A3-F393-E0A9-E50E24DCCA9E (null)
2017/01/11 16:01:50:823  RZBLog(RZBLogLevelDelegateValue): Value=<a4094e05 10195834 0000ff24 58>
2017/01/11 16:01:51:150  RZBLog(RZBLogLevelDelegate): peripheral:didUpdateValueForCharacteristic:error: - 4D60CAA0-AAD7-41E3-95A8-C3A21885DFEE 6E40FEC2-B5A3-F393-E0A9-E50E24DCCA9E (null)
2017/01/11 16:01:51:151  RZBLog(RZBLogLevelDelegateValue): Value=<a4094e05 19a700db 37004020 d4>
2017/01/11 16:01:51:333  RZBLog(RZBLogLevelDelegate): peripheral:didUpdateValueForCharacteristic:error: - 4D60CAA0-AAD7-41E3-95A8-C3A21885DFEE 6E40FEC2-B5A3-F393-E0A9-E50E24DCCA9E (null)
2017/01/11 16:01:51:333  RZBLog(RZBLogLevelDelegateValue): Value=<a4094e05 10195834 0000ff24 58>
2017/01/11 16:01:51:573  RZBLog(RZBLogLevelDelegate): peripheral:didUpdateValueForCharacteristic:error: - 4D60CAA0-AAD7-41E3-95A8-C3A21885DFEE 6E40FEC2-B5A3-F393-E0A9-E50E24DCCA9E (null)
2017/01/11 16:01:51:573  RZBLog(RZBLogLevelDelegateValue): Value=<a4094e05 19a800db 37004020 db>
2017/01/11 16:01:52:083  RZBLog(RZBLogLevelDelegate): peripheral:didUpdateValueForCharacteristic:error: - 4D60CAA0-AAD7-41E3-95A8-C3A21885DFEE 6E40FEC2-B5A3-F393-E0A9-E50E24DCCA9E (null)
2017/01/11 16:01:52:083  RZBLog(RZBLogLevelDelegateValue): Value=<a4094e05 19a900db 37004020 da>
2017/01/11 16:01:52:323  RZBLog(RZBLogLevelDelegate): peripheral:didUpdateValueForCharacteristic:error: - 4D60CAA0-AAD7-41E3-95A8-C3A21885DFEE 6E40FEC2-B5A3-F393-E0A9-E50E24DCCA9E (null)
2017/01/11 16:01:52:323  RZBLog(RZBLogLevelDelegateValue): Value=<a4094e05 10195834 0000ff24 58>
2017/01/11 16:01:52:565  RZBLog(RZBLogLevelDelegate): peripheral:didUpdateValueForCharacteristic:error: - 4D60CAA0-AAD7-41E3-95A8-C3A21885DFEE 6E40FEC2-B5A3-F393-E0A9-E50E24DCCA9E (null)
2017/01/11 16:01:52:565  RZBLog(RZBLogLevelDelegateValue): Value=<a4094e05 19aa00db 37004020 d9>
2017/01/11 16:01:52:803  RZBLog(RZBLogLevelDelegate): peripheral:didUpdateValueForCharacteristic:error: - 4D60CAA0-AAD7-41E3-95A8-C3A21885DFEE 6E40FEC2-B5A3-F393-E0A9-E50E24DCCA9E (null)
2017/01/11 16:01:52:803  RZBLog(RZBLogLevelDelegateValue): Value=<a4094e05 10195834 0000ff24 58>
2017/01/11 16:01:53:079  RZBLog(RZBLogLevelDelegate): peripheral:didUpdateValueForCharacteristic:error: - 4D60CAA0-AAD7-41E3-95A8-C3A21885DFEE 6E40FEC2-B5A3-F393-E0A9-E50E24DCCA9E (null)
2017/01/11 16:01:53:080  RZBLog(RZBLogLevelDelegateValue): Value=<a4094e05 f0000000 00000000 16>
2017/01/11 16:01:53:313  RZBLog(RZBLogLevelDelegate): peripheral:didUpdateValueForCharacteristic:error: - 4D60CAA0-AAD7-41E3-95A8-C3A21885DFEE 6E40FEC2-B5A3-F393-E0A9-E50E24DCCA9E (null)
2017/01/11 16:01:53:313  RZBLog(RZBLogLevelDelegateValue): Value=<a4094e05 fb000302 00040200 1a>
2017/01/11 16:01:53:553  RZBLog(RZBLogLevelDelegate): peripheral:didUpdateValueForCharacteristic:error: - 4D60CAA0-AAD7-41E3-95A8-C3A21885DFEE 6E40FEC2-B5A3-F393-E0A9-E50E24DCCA9E (null)
2017/01/11 16:01:53:554  RZBLog(RZBLogLevelDelegateValue): Value=<a4094e05 19ab00db 37004020 d8>
2017/01/11 16:01:53:823  RZBLog(RZBLogLevelDelegate): peripheral:didUpdateValueForCharacteristic:error: - 4D60CAA0-AAD7-41E3-95A8-C3A21885DFEE 6E40FEC2-B5A3-F393-E0A9-E50E24DCCA9E (null)
2017/01/11 16:01:53:823  RZBLog(RZBLogLevelDelegateValue): Value=<a4094e05 10195834 0000ff24 58>
2017/01/11 16:01:54:150  RZBLog(RZBLogLevelDelegate): peripheral:didUpdateValueForCharacteristic:error: - 4D60CAA0-AAD7-41E3-95A8-C3A21885DFEE 6E40FEC2-B5A3-F393-E0A9-E50E24DCCA9E (null)
2017/01/11 16:01:54:150  RZBLog(RZBLogLevelDelegateValue): Value=<a4094e05 19ac00db 37004020 df>
2017/01/11 16:01:54:303  RZBLog(RZBLogLevelDelegate): peripheral:didUpdateValueForCharacteristic:error: - 4D60CAA0-AAD7-41E3-95A8-C3A21885DFEE 6E40FEC2-B5A3-F393-E0A9-E50E24DCCA9E (null)
2017/01/11 16:01:54:303  RZBLog(RZBLogLevelDelegateValue): Value=<a4094e05 10195834 0000ff24 58>
2017/01/11 16:01:54:573  RZBLog(RZBLogLevelDelegate): peripheral:didUpdateValueForCharacteristic:error: - 4D60CAA0-AAD7-41E3-95A8-C3A21885DFEE 6E40FEC2-B5A3-F393-E0A9-E50E24DCCA9E (null)
2017/01/11 16:01:54:573  RZBLog(RZBLogLevelDelegateValue): Value=<a4094e05 19ad00db 37004020 de>
2017/01/11 16:01:54:849  RZBLog(RZBLogLevelDelegate): peripheral:didUpdateValueForCharacteristic:error: - 4D60CAA0-AAD7-41E3-95A8-C3A21885DFEE 6E40FEC2-B5A3-F393-E0A9-E50E24DCCA9E (null)
2017/01/11 16:01:54:849  RZBLog(RZBLogLevelDelegateValue): Value=<a4094e05 10195834 0000ff24 58>
2017/01/11 16:01:55:082  RZBLog(RZBLogLevelDelegate): peripheral:didUpdateValueForCharacteristic:error: - 4D60CAA0-AAD7-41E3-95A8-C3A21885DFEE 6E40FEC2-B5A3-F393-E0A9-E50E24DCCA9E (null)
2017/01/11 16:01:55:083  RZBLog(RZBLogLevelDelegateValue): Value=<a4094e05 19ae00db 37004020 dd>
2017/01/11 16:01:55:323  RZBLog(RZBLogLevelDelegate): peripheral:didUpdateValueForCharacteristic:error: - 4D60CAA0-AAD7-41E3-95A8-C3A21885DFEE 6E40FEC2-B5A3-F393-E0A9-E50E24DCCA9E (null)
2017/01/11 16:01:55:323  RZBLog(RZBLogLevelDelegateValue): Value=<a4094e05 10195834 0000ff24 58>
2017/01/11 16:01:55:593  RZBLog(RZBLogLevelDelegate): peripheral:didUpdateValueForCharacteristic:error: - 4D60CAA0-AAD7-41E3-95A8-C3A21885DFEE 6E40FEC2-B5A3-F393-E0A9-E50E24DCCA9E (null)
2017/01/11 16:01:55:593  RZBLog(RZBLogLevelDelegateValue): Value=<a4094e05 19af00db 37004020 dc>
2017/01/11 16:01:55:852  RZBLog(RZBLogLevelDelegate): peripheral:didUpdateValueForCharacteristic:error: - 4D60CAA0-AAD7-41E3-95A8-C3A21885DFEE 6E40FEC2-B5A3-F393-E0A9-E50E24DCCA9E (null)
2017/01/11 16:01:55:852  RZBLog(RZBLogLevelDelegateValue): Value=<a4094e05 10195834 0000ff24 58>
2017/01/11 16:01:56:072  RZBLog(RZBLogLevelDelegate): peripheral:didUpdateValueForCharacteristic:error: - 4D60CAA0-AAD7-41E3-95A8-C3A21885DFEE 6E40FEC2-B5A3-F393-E0A9-E50E24DCCA9E (null)
2017/01/11 16:01:56:072  RZBLog(RZBLogLevelDelegateValue): Value=<a4094e05 19b000db 37004020 c3>
2017/01/11 16:01:56:343  RZBLog(RZBLogLevelDelegate): peripheral:didUpdateValueForCharacteristic:error: - 4D60CAA0-AAD7-41E3-95A8-C3A21885DFEE 6E40FEC2-B5A3-F393-E0A9-E50E24DCCA9E (null)
2017/01/11 16:01:56:343  RZBLog(RZBLogLevelDelegateValue): Value=<a4094e05 10195834 0000ff24 58>
2017/01/11 16:01:56:583  RZBLog(RZBLogLevelDelegate): peripheral:didUpdateValueForCharacteristic:error: - 4D60CAA0-AAD7-41E3-95A8-C3A21885DFEE 6E40FEC2-B5A3-F393-E0A9-E50E24DCCA9E (null)
2017/01/11 16:01:56:584  RZBLog(RZBLogLevelDelegateValue): Value=<a4094e05 19b100db 37004020 c2>
2017/01/11 16:01:56:823  RZBLog(RZBLogLevelDelegate): peripheral:didUpdateValueForCharacteristic:error: - 4D60CAA0-AAD7-41E3-95A8-C3A21885DFEE 6E40FEC2-B5A3-F393-E0A9-E50E24DCCA9E (null)
2017/01/11 16:01:56:823  RZBLog(RZBLogLevelDelegateValue): Value=<a4094e05 10195834 0000ff24 58>
2017/01/11 16:01:57:150  RZBLog(RZBLogLevelDelegate): peripheral:didUpdateValueForCharacteristic:error: - 4D60CAA0-AAD7-41E3-95A8-C3A21885DFEE 6E40FEC2-B5A3-F393-E0A9-E50E24DCCA9E (null)
2017/01/11 16:01:57:150  RZBLog(RZBLogLevelDelegateValue): Value=<a4094e05 19b200db 37004020 c1>
2017/01/11 16:01:57:333  RZBLog(RZBLogLevelDelegate): peripheral:didUpdateValueForCharacteristic:error: - 4D60CAA0-AAD7-41E3-95A8-C3A21885DFEE 6E40FEC2-B5A3-F393-E0A9-E50E24DCCA9E (null)
2017/01/11 16:01:57:333  RZBLog(RZBLogLevelDelegateValue): Value=<a4094e05 10195834 0000ff24 58>
2017/01/11 16:01:57:573  RZBLog(RZBLogLevelDelegate): peripheral:didUpdateValueForCharacteristic:error: - 4D60CAA0-AAD7-41E3-95A8-C3A21885DFEE 6E40FEC2-B5A3-F393-E0A9-E50E24DCCA9E (null)
2017/01/11 16:01:57:575  RZBLog(RZBLogLevelDelegateValue): Value=<a4094e05 19b300db 37004020 c0>
2017/01/11 16:01:57:843  RZBLog(RZBLogLevelDelegate): peripheral:didUpdateValueForCharacteristic:error: - 4D60CAA0-AAD7-41E3-95A8-C3A21885DFEE 6E40FEC2-B5A3-F393-E0A9-E50E24DCCA9E (null)
2017/01/11 16:01:57:843  RZBLog(RZBLogLevelDelegateValue): Value=<a4094e05 10195834 0000ff24 58>
2017/01/11 16:01:58:083  RZBLog(RZBLogLevelDelegate): peripheral:didUpdateValueForCharacteristic:error: - 4D60CAA0-AAD7-41E3-95A8-C3A21885DFEE 6E40FEC2-B5A3-F393-E0A9-E50E24DCCA9E (null)
2017/01/11 16:01:58:083  RZBLog(RZBLogLevelDelegateValue): Value=<a4094e05 19b400db 37004020 c7>
2017/01/11 16:01:58:323  RZBLog(RZBLogLevelDelegate): peripheral:didUpdateValueForCharacteristic:error: - 4D60CAA0-AAD7-41E3-95A8-C3A21885DFEE 6E40FEC2-B5A3-F393-E0A9-E50E24DCCA9E (null)
2017/01/11 16:01:58:324  RZBLog(RZBLogLevelDelegateValue): Value=<a4094e05 10195834 0000ff24 58>
2017/01/11 16:01:58:593  RZBLog(RZBLogLevelDelegate): peripheral:didUpdateValueForCharacteristic:error: - 4D60CAA0-AAD7-41E3-95A8-C3A21885DFEE 6E40FEC2-B5A3-F393-E0A9-E50E24DCCA9E (null)
2017/01/11 16:01:58:594  RZBLog(RZBLogLevelDelegateValue): Value=<a4094e05 19b500db 37004020 c6>
2017/01/11 16:01:58:834  RZBLog(RZBLogLevelDelegate): peripheral:didUpdateValueForCharacteristic:error: - 4D60CAA0-AAD7-41E3-95A8-C3A21885DFEE 6E40FEC2-B5A3-F393-E0A9-E50E24DCCA9E (null)
2017/01/11 16:01:58:834  RZBLog(RZBLogLevelDelegateValue): Value=<a4094e05 10195834 0000ff24 58>
2017/01/11 16:01:59:080  RZBLog(RZBLogLevelDelegate): peripheral:didUpdateValueForCharacteristic:error: - 4D60CAA0-AAD7-41E3-95A8-C3A21885DFEE 6E40FEC2-B5A3-F393-E0A9-E50E24DCCA9E (null)
2017/01/11 16:01:59:080  RZBLog(RZBLogLevelDelegateValue): Value=<a4094e05 19b600db 37004020 c5>
2017/01/11 16:01:59:349  RZBLog(RZBLogLevelDelegate): peripheral:didUpdateValueForCharacteristic:error: - 4D60CAA0-AAD7-41E3-95A8-C3A21885DFEE 6E40FEC2-B5A3-F393-E0A9-E50E24DCCA9E (null)
2017/01/11 16:01:59:349  RZBLog(RZBLogLevelDelegateValue): Value=<a4094e05 10195834 0000ff24 58>
2017/01/11 16:01:59:583  RZBLog(RZBLogLevelDelegate): peripheral:didUpdateValueForCharacteristic:error: - 4D60CAA0-AAD7-41E3-95A8-C3A21885DFEE 6E40FEC2-B5A3-F393-E0A9-E50E24DCCA9E (null)
2017/01/11 16:01:59:583  RZBLog(RZBLogLevelDelegateValue): Value=<a4094e05 19b700db 37004020 c4>
2017/01/11 16:01:59:823  RZBLog(RZBLogLevelDelegate): peripheral:didUpdateValueForCharacteristic:error: - 4D60CAA0-AAD7-41E3-95A8-C3A21885DFEE 6E40FEC2-B5A3-F393-E0A9-E50E24DCCA9E (null)
2017/01/11 16:01:59:823  RZBLog(RZBLogLevelDelegateValue): Value=<a4094e05 10195834 0000ff24 58>
2017/01/11 16:02:00:335  RZBLog(RZBLogLevelDelegate): peripheral:didUpdateValueForCharacteristic:error: - 4D60CAA0-AAD7-41E3-95A8-C3A21885DFEE 6E40FEC2-B5A3-F393-E0A9-E50E24DCCA9E (null)
2017/01/11 16:02:00:337  RZBLog(RZBLogLevelDelegateValue): Value=<a4094e05 19b800db 37004020 cb>
2017/01/11 16:02:00:337  RZBLog(RZBLogLevelDelegate): peripheral:didUpdateValueForCharacteristic:error: - 4D60CAA0-AAD7-41E3-95A8-C3A21885DFEE 6E40FEC2-B5A3-F393-E0A9-E50E24DCCA9E (null)
2017/01/11 16:02:00:338  RZBLog(RZBLogLevelDelegateValue): Value=<a4094e05 10195834 0000ff24 58>
2017/01/11 16:02:00:572  RZBLog(RZBLogLevelDelegate): peripheral:didUpdateValueForCharacteristic:error: - 4D60CAA0-AAD7-41E3-95A8-C3A21885DFEE 6E40FEC2-B5A3-F393-E0A9-E50E24DCCA9E (null)
2017/01/11 16:02:00:573  RZBLog(RZBLogLevelDelegateValue): Value=<a4094e05 19b900db 37004020 ca>
2017/01/11 16:02:00:843  RZBLog(RZBLogLevelDelegate): peripheral:didUpdateValueForCharacteristic:error: - 4D60CAA0-AAD7-41E3-95A8-C3A21885DFEE 6E40FEC2-B5A3-F393-E0A9-E50E24DCCA9E (null)
2017/01/11 16:02:00:843  RZBLog(RZBLogLevelDelegateValue): Value=<a4094e05 10195834 0000ff24 58>
2017/01/11 16:02:01:089  RZBLog(RZBLogLevelDelegate): peripheral:didUpdateValueForCharacteristic:error: - 4D60CAA0-AAD7-41E3-95A8-C3A21885DFEE 6E40FEC2-B5A3-F393-E0A9-E50E24DCCA9E (null)
2017/01/11 16:02:01:142  RZBLog(RZBLogLevelDelegateValue): Value=<a4094e05 19ba00db 37004020 c9>
2017/01/11 16:02:01:333  RZBLog(RZBLogLevelDelegate): peripheral:didUpdateValueForCharacteristic:error: - 4D60CAA0-AAD7-41E3-95A8-C3A21885DFEE 6E40FEC2-B5A3-F393-E0A9-E50E24DCCA9E (null)
2017/01/11 16:02:01:333  RZBLog(RZBLogLevelDelegateValue): Value=<a4094e05 10195834 0000ff24 58>
2017/01/11 16:02:01:592  RZBLog(RZBLogLevelDelegate): peripheral:didUpdateValueForCharacteristic:error: - 4D60CAA0-AAD7-41E3-95A8-C3A21885DFEE 6E40FEC2-B5A3-F393-E0A9-E50E24DCCA9E (null)
2017/01/11 16:02:01:592  RZBLog(RZBLogLevelDelegateValue): Value=<a4094e05 51ff0003 bc190000 ee>
2017/01/11 16:02:02:361  RZBLog(RZBLogLevelDelegate): centralManager:willRestoreState: - <CBCentralManager: 0x17027c780>
2017/01/11 16:02:02:362  RZBLog(RZBLogLevelDelegateValue): Restore State={
    kCBRestoredPeripherals =     (
        "<CBPeripheral: 0x1700f7e00, identifier = 4D60CAA0-AAD7-41E3-95A8-C3A21885DFEE, name = Tacx Neo 06588, state = connected>"
    );
    kCBRestoredScanServices =     (
        "6E40FEC1-B5A3-F393-E0A9-E50E24DCCA9E",
        "669AA305-0C08-969E-E211-86AD5062675F"
    );
}
2017/01/11 16:02:02:363  RZBLog(RZBLogLevelDelegate): centralManagerDidUpdateState: - <CBCentralManager: 0x17027c780>
2017/01/11 16:02:02:363  RZBLog(RZBLogLevelDelegateValue): State=5
2017/01/11 16:02:02:363  RZBLog(RZBLogLevelDelegate): peripheral:didUpdateValueForCharacteristic:error: - 4D60CAA0-AAD7-41E3-95A8-C3A21885DFEE 6E40FEC2-B5A3-F393-E0A9-E50E24DCCA9E (null)
2017/01/11 16:02:02:363  RZBLog(RZBLogLevelDelegateValue): Value=<a4094e05 19bb00db 37004020 c8>
2017/01/11 16:02:02:363  RZBLog(RZBLogLevelDelegate): peripheral:didUpdateValueForCharacteristic:error: - 4D60CAA0-AAD7-41E3-95A8-C3A21885DFEE 6E40FEC2-B5A3-F393-E0A9-E50E24DCCA9E (null)
2017/01/11 16:02:02:363  RZBLog(RZBLogLevelDelegateValue): Value=<a4094e05 10195834 0000ff24 58>
2017/01/11 16:02:02:369  found previous peripherial
2017/01/11 16:02:02:370  RZBLog(RZBLogLevelCommand): scanForPeripheralsWithServices:@[6E40FEC1-B5A3-F393-E0A9-E50E24DCCA9E, 669AA305-0C08-969E-E211-86AD5062675F] options:(null)

